[0.029s] Invoking command in '/home/yusuf/custom_msg_ws/build/more_interfaces': CMAKE_PREFIX_PATH=${CMAKE_PREFIX_PATH}:/home/yusuf/ros2_usb_com_ws/install/usb_ros_com:/home/yusuf/tcp/install/tcp_package:/opt/ros/humble /usr/bin/cmake --build /home/yusuf/custom_msg_ws/build/more_interfaces -- -j8 -l8
[0.076s] -- Found ament_cmake: 1.3.9 (/opt/ros/humble/share/ament_cmake/cmake)
[0.364s] -- Found rosidl_default_generators: 1.2.0 (/opt/ros/humble/share/rosidl_default_generators/cmake)
[0.368s] -- Using all available rosidl_typesupport_c: rosidl_typesupport_fastrtps_c;rosidl_typesupport_introspection_c
[0.374s] -- Found rosidl_adapter: 3.1.5 (/opt/ros/humble/share/rosidl_adapter/cmake)
[0.443s] -- Using all available rosidl_typesupport_cpp: rosidl_typesupport_fastrtps_cpp;rosidl_typesupport_introspection_cpp
[0.500s] -- Found rclcpp: 16.0.9 (/opt/ros/humble/share/rclcpp/cmake)
[0.648s] -- Found rmw_implementation_cmake: 6.1.2 (/opt/ros/humble/share/rmw_implementation_cmake/cmake)
[0.651s] -- Found rmw_cyclonedds_cpp: 1.3.4 (/opt/ros/humble/share/rmw_cyclonedds_cpp/cmake)
[0.713s] -- Using RMW implementation 'rmw_cyclonedds_cpp' as default
[1.059s] -- Found rclpy: 3.3.13 (/opt/ros/humble/share/rclpy/cmake)
[1.617s] -- Found ament_cmake_ros: 0.10.0 (/opt/ros/humble/share/ament_cmake_ros/cmake)
[2.029s] -- Using all available rosidl_typesupport_c: rosidl_typesupport_fastrtps_c;rosidl_typesupport_introspection_c
[2.585s] -- Using all available rosidl_typesupport_cpp: rosidl_typesupport_fastrtps_cpp;rosidl_typesupport_introspection_cpp
[2.639s] -- Found python_cmake_module: 0.10.0 (/opt/ros/humble/share/python_cmake_module/cmake)
[2.693s] -- Using PYTHON_EXECUTABLE: /usr/bin/python3
[2.693s] -- Using PYTHON_INCLUDE_DIRS: /usr/include/python3.10
[2.693s] -- Using PYTHON_LIBRARIES: /usr/lib/x86_64-linux-gnu/libpython3.10.so
[2.731s] -- Configuring done
[2.796s] -- Generating done
[2.802s] -- Build files have been written to: /home/yusuf/custom_msg_ws/build/more_interfaces
[2.854s] [  3%] [34m[1mGenerating C code for ROS interfaces[0m
[2.879s] [  6%] [34m[1mGenerating C++ code for ROS interfaces[0m
[2.898s] [  6%] Built target ament_cmake_python_copy_more_interfaces
[3.566s] running egg_info
[3.567s] writing more_interfaces.egg-info/PKG-INFO
[3.568s] writing dependency_links to more_interfaces.egg-info/dependency_links.txt
[3.569s] writing top-level names to more_interfaces.egg-info/top_level.txt
[3.575s] reading manifest file 'more_interfaces.egg-info/SOURCES.txt'
[3.576s] writing manifest file 'more_interfaces.egg-info/SOURCES.txt'
[3.581s] [  6%] Built target more_interfaces__cpp
[3.613s] [  9%] [34m[1mGenerating C++ type support dispatch for ROS interfaces[0m
[3.616s] [ 15%] [34m[1mGenerating C++ introspection for ROS interfaces[0m
[3.619s] [ 15%] [34m[1mGenerating C++ type support for eProsima Fast-RTPS[0m
[3.649s] [ 15%] Built target ament_cmake_python_build_more_interfaces_egg
[3.743s] [35m[1mConsolidate compiler generated dependencies of target more_interfaces__rosidl_generator_c[0m
[3.772s] [ 18%] [32mBuilding C object CMakeFiles/more_interfaces__rosidl_generator_c.dir/rosidl_generator_c/more_interfaces/msg/detail/address_book__functions.c.o[0m
[3.973s] [ 21%] [32m[1mLinking C shared library libmore_interfaces__rosidl_generator_c.so[0m
[4.092s] [ 21%] Built target more_interfaces__rosidl_generator_c
[4.128s] [ 27%] [34m[1mGenerating C type support dispatch for ROS interfaces[0m
[4.130s] [ 27%] [34m[1mGenerating C type support for eProsima Fast-RTPS[0m
[4.132s] [ 30%] [34m[1mGenerating C introspection for ROS interfaces[0m
[4.474s] [35m[1mConsolidate compiler generated dependencies of target more_interfaces__rosidl_typesupport_fastrtps_cpp[0m
[4.475s] [35m[1mConsolidate compiler generated dependencies of target more_interfaces__rosidl_typesupport_cpp[0m
[4.508s] [35m[1mConsolidate compiler generated dependencies of target more_interfaces__rosidl_typesupport_introspection_cpp[0m
[4.512s] [ 33%] [32mBuilding CXX object CMakeFiles/more_interfaces__rosidl_typesupport_fastrtps_cpp.dir/rosidl_typesupport_fastrtps_cpp/more_interfaces/msg/detail/dds_fastrtps/address_book__type_support.cpp.o[0m
[4.519s] [ 36%] [32mBuilding CXX object CMakeFiles/more_interfaces__rosidl_typesupport_cpp.dir/rosidl_typesupport_cpp/more_interfaces/msg/address_book__type_support.cpp.o[0m
[4.551s] [ 39%] [32mBuilding CXX object CMakeFiles/more_interfaces__rosidl_typesupport_introspection_cpp.dir/rosidl_typesupport_introspection_cpp/more_interfaces/msg/detail/address_book__type_support.cpp.o[0m
[5.082s] [35m[1mConsolidate compiler generated dependencies of target more_interfaces__rosidl_typesupport_introspection_c[0m
[5.114s] [ 42%] [32mBuilding C object CMakeFiles/more_interfaces__rosidl_typesupport_introspection_c.dir/rosidl_typesupport_introspection_c/more_interfaces/msg/detail/address_book__type_support.c.o[0m
[5.159s] [35m[1mConsolidate compiler generated dependencies of target more_interfaces__rosidl_typesupport_c[0m
[5.199s] [ 45%] [32mBuilding CXX object CMakeFiles/more_interfaces__rosidl_typesupport_c.dir/rosidl_typesupport_c/more_interfaces/msg/address_book__type_support.cpp.o[0m
[5.243s] [ 48%] [32m[1mLinking C shared library libmore_interfaces__rosidl_typesupport_introspection_c.so[0m
[5.272s] [35m[1mConsolidate compiler generated dependencies of target more_interfaces__rosidl_typesupport_fastrtps_c[0m
[5.317s] [ 51%] [32mBuilding CXX object CMakeFiles/more_interfaces__rosidl_typesupport_fastrtps_c.dir/rosidl_typesupport_fastrtps_c/more_interfaces/msg/detail/address_book__type_support_c.cpp.o[0m
[5.320s] [ 54%] [32m[1mLinking CXX shared library libmore_interfaces__rosidl_typesupport_c.so[0m
[5.354s] [ 54%] Built target more_interfaces__rosidl_typesupport_introspection_c
[5.431s] [ 54%] Built target more_interfaces__rosidl_typesupport_c
[5.652s] [ 57%] [32m[1mLinking CXX shared library libmore_interfaces__rosidl_typesupport_cpp.so[0m
[5.746s] [ 57%] Built target more_interfaces__rosidl_typesupport_cpp
[5.771s] [35m[1mConsolidate compiler generated dependencies of target publish_address_book[0m
[5.814s] [ 60%] [32mBuilding CXX object CMakeFiles/publish_address_book.dir/scripts/publish_address_book.cpp.o[0m
[6.021s] [ 63%] [32m[1mLinking CXX shared library libmore_interfaces__rosidl_typesupport_introspection_cpp.so[0m
[6.185s] [ 63%] Built target more_interfaces__rosidl_typesupport_introspection_cpp
[6.207s] [ 66%] [32m[1mLinking CXX shared library libmore_interfaces__rosidl_typesupport_fastrtps_cpp.so[0m
[6.388s] [ 66%] Built target more_interfaces__rosidl_typesupport_fastrtps_cpp
[6.690s] [ 69%] [32m[1mLinking CXX shared library libmore_interfaces__rosidl_typesupport_fastrtps_c.so[0m
[6.867s] [ 69%] Built target more_interfaces__rosidl_typesupport_fastrtps_c
[6.908s] [ 69%] Built target more_interfaces
[6.951s] [ 72%] [34m[1mGenerating Python code for ROS interfaces[0m
[7.786s] [ 72%] Built target more_interfaces__py
[7.807s] [35m[1mConsolidate compiler generated dependencies of target more_interfaces__rosidl_generator_py[0m
[7.836s] [ 75%] [32mBuilding C object CMakeFiles/more_interfaces__rosidl_generator_py.dir/rosidl_generator_py/more_interfaces/msg/_address_book_s.c.o[0m
[8.113s] [ 78%] [32m[1mLinking C shared library rosidl_generator_py/more_interfaces/libmore_interfaces__rosidl_generator_py.so[0m
[8.204s] [ 78%] Built target more_interfaces__rosidl_generator_py
[8.226s] [35m[1mConsolidate compiler generated dependencies of target more_interfaces__rosidl_typesupport_introspection_c__pyext[0m
[8.226s] [35m[1mConsolidate compiler generated dependencies of target more_interfaces__rosidl_typesupport_c__pyext[0m
[8.234s] [35m[1mConsolidate compiler generated dependencies of target more_interfaces__rosidl_typesupport_fastrtps_c__pyext[0m
[8.264s] [ 81%] [32mBuilding C object CMakeFiles/more_interfaces__rosidl_typesupport_introspection_c__pyext.dir/rosidl_generator_py/more_interfaces/_more_interfaces_s.ep.rosidl_typesupport_introspection_c.c.o[0m
[8.265s] [ 84%] [32mBuilding C object CMakeFiles/more_interfaces__rosidl_typesupport_c__pyext.dir/rosidl_generator_py/more_interfaces/_more_interfaces_s.ep.rosidl_typesupport_c.c.o[0m
[8.276s] [ 87%] [32mBuilding C object CMakeFiles/more_interfaces__rosidl_typesupport_fastrtps_c__pyext.dir/rosidl_generator_py/more_interfaces/_more_interfaces_s.ep.rosidl_typesupport_fastrtps_c.c.o[0m
[8.641s] [ 90%] [32m[1mLinking C shared library rosidl_generator_py/more_interfaces/more_interfaces_s__rosidl_typesupport_c.cpython-310-x86_64-linux-gnu.so[0m
[8.641s] [ 93%] [32m[1mLinking C shared library rosidl_generator_py/more_interfaces/more_interfaces_s__rosidl_typesupport_introspection_c.cpython-310-x86_64-linux-gnu.so[0m
[8.659s] [ 96%] [32m[1mLinking C shared library rosidl_generator_py/more_interfaces/more_interfaces_s__rosidl_typesupport_fastrtps_c.cpython-310-x86_64-linux-gnu.so[0m
[8.730s] [ 96%] Built target more_interfaces__rosidl_typesupport_introspection_c__pyext
[8.748s] [ 96%] Built target more_interfaces__rosidl_typesupport_c__pyext
[8.757s] [ 96%] Built target more_interfaces__rosidl_typesupport_fastrtps_c__pyext
[16.183s] [100%] [32m[1mLinking CXX executable publish_address_book[0m
[16.596s] [100%] Built target publish_address_book
[16.619s] Invoked command in '/home/yusuf/custom_msg_ws/build/more_interfaces' returned '0': CMAKE_PREFIX_PATH=${CMAKE_PREFIX_PATH}:/home/yusuf/ros2_usb_com_ws/install/usb_ros_com:/home/yusuf/tcp/install/tcp_package:/opt/ros/humble /usr/bin/cmake --build /home/yusuf/custom_msg_ws/build/more_interfaces -- -j8 -l8
[16.778s] Invoking command in '/home/yusuf/custom_msg_ws/build/more_interfaces': CMAKE_PREFIX_PATH=${CMAKE_PREFIX_PATH}:/home/yusuf/ros2_usb_com_ws/install/usb_ros_com:/home/yusuf/tcp/install/tcp_package:/opt/ros/humble /usr/bin/cmake --install /home/yusuf/custom_msg_ws/build/more_interfaces
[16.793s] -- Install configuration: ""
[16.793s] -- Up-to-date: /home/yusuf/custom_msg_ws/install/more_interfaces/share/ament_index/resource_index/rosidl_interfaces/more_interfaces
[16.793s] -- Up-to-date: /home/yusuf/custom_msg_ws/install/more_interfaces/include/more_interfaces/more_interfaces
[16.802s] -- Up-to-date: /home/yusuf/custom_msg_ws/install/more_interfaces/include/more_interfaces/more_interfaces/msg
[16.803s] -- Up-to-date: /home/yusuf/custom_msg_ws/install/more_interfaces/include/more_interfaces/more_interfaces/msg/detail
[16.803s] -- Installing: /home/yusuf/custom_msg_ws/install/more_interfaces/include/more_interfaces/more_interfaces/msg/detail/address_book__struct.h
[16.803s] -- Installing: /home/yusuf/custom_msg_ws/install/more_interfaces/include/more_interfaces/more_interfaces/msg/detail/address_book__type_support.h
[16.803s] -- Installing: /home/yusuf/custom_msg_ws/install/more_interfaces/include/more_interfaces/more_interfaces/msg/detail/address_book__functions.c
[16.804s] -- Installing: /home/yusuf/custom_msg_ws/install/more_interfaces/include/more_interfaces/more_interfaces/msg/detail/address_book__functions.h
[16.804s] -- Up-to-date: /home/yusuf/custom_msg_ws/install/more_interfaces/include/more_interfaces/more_interfaces/msg/rosidl_generator_c__visibility_control.h
[16.804s] -- Installing: /home/yusuf/custom_msg_ws/install/more_interfaces/include/more_interfaces/more_interfaces/msg/address_book.h
[16.805s] -- Up-to-date: /home/yusuf/custom_msg_ws/install/more_interfaces/share/more_interfaces/environment/library_path.sh
[16.805s] -- Installing: /home/yusuf/custom_msg_ws/install/more_interfaces/share/more_interfaces/environment/library_path.dsv
[16.805s] -- Installing: /home/yusuf/custom_msg_ws/install/more_interfaces/lib/libmore_interfaces__rosidl_generator_c.so
[16.805s] -- Set runtime path of "/home/yusuf/custom_msg_ws/install/more_interfaces/lib/libmore_interfaces__rosidl_generator_c.so" to ""
[16.806s] -- Up-to-date: /home/yusuf/custom_msg_ws/install/more_interfaces/include/more_interfaces/more_interfaces
[16.806s] -- Up-to-date: /home/yusuf/custom_msg_ws/install/more_interfaces/include/more_interfaces/more_interfaces/msg
[16.806s] -- Up-to-date: /home/yusuf/custom_msg_ws/install/more_interfaces/include/more_interfaces/more_interfaces/msg/rosidl_typesupport_fastrtps_c__visibility_control.h
[16.806s] -- Up-to-date: /home/yusuf/custom_msg_ws/install/more_interfaces/include/more_interfaces/more_interfaces/msg/detail
[16.806s] -- Installing: /home/yusuf/custom_msg_ws/install/more_interfaces/include/more_interfaces/more_interfaces/msg/detail/address_book__rosidl_typesupport_fastrtps_c.h
[16.807s] -- Installing: /home/yusuf/custom_msg_ws/install/more_interfaces/lib/libmore_interfaces__rosidl_typesupport_fastrtps_c.so
[16.809s] -- Set runtime path of "/home/yusuf/custom_msg_ws/install/more_interfaces/lib/libmore_interfaces__rosidl_typesupport_fastrtps_c.so" to ""
[16.809s] -- Up-to-date: /home/yusuf/custom_msg_ws/install/more_interfaces/include/more_interfaces/more_interfaces
[16.809s] -- Up-to-date: /home/yusuf/custom_msg_ws/install/more_interfaces/include/more_interfaces/more_interfaces/msg
[16.810s] -- Up-to-date: /home/yusuf/custom_msg_ws/install/more_interfaces/include/more_interfaces/more_interfaces/msg/rosidl_typesupport_introspection_c__visibility_control.h
[16.810s] -- Up-to-date: /home/yusuf/custom_msg_ws/install/more_interfaces/include/more_interfaces/more_interfaces/msg/detail
[16.810s] -- Installing: /home/yusuf/custom_msg_ws/install/more_interfaces/include/more_interfaces/more_interfaces/msg/detail/address_book__type_support.c
[16.810s] -- Installing: /home/yusuf/custom_msg_ws/install/more_interfaces/include/more_interfaces/more_interfaces/msg/detail/address_book__rosidl_typesupport_introspection_c.h
[16.810s] -- Installing: /home/yusuf/custom_msg_ws/install/more_interfaces/lib/libmore_interfaces__rosidl_typesupport_introspection_c.so
[16.811s] -- Set runtime path of "/home/yusuf/custom_msg_ws/install/more_interfaces/lib/libmore_interfaces__rosidl_typesupport_introspection_c.so" to ""
[16.811s] -- Installing: /home/yusuf/custom_msg_ws/install/more_interfaces/lib/libmore_interfaces__rosidl_typesupport_c.so
[16.812s] -- Set runtime path of "/home/yusuf/custom_msg_ws/install/more_interfaces/lib/libmore_interfaces__rosidl_typesupport_c.so" to ""
[16.812s] -- Up-to-date: /home/yusuf/custom_msg_ws/install/more_interfaces/include/more_interfaces/more_interfaces
[16.812s] -- Up-to-date: /home/yusuf/custom_msg_ws/install/more_interfaces/include/more_interfaces/more_interfaces/msg
[16.813s] -- Up-to-date: /home/yusuf/custom_msg_ws/install/more_interfaces/include/more_interfaces/more_interfaces/msg/detail
[16.813s] -- Installing: /home/yusuf/custom_msg_ws/install/more_interfaces/include/more_interfaces/more_interfaces/msg/detail/address_book__traits.hpp
[16.813s] -- Installing: /home/yusuf/custom_msg_ws/install/more_interfaces/include/more_interfaces/more_interfaces/msg/detail/address_book__builder.hpp
[16.813s] -- Installing: /home/yusuf/custom_msg_ws/install/more_interfaces/include/more_interfaces/more_interfaces/msg/detail/address_book__struct.hpp
[16.813s] -- Installing: /home/yusuf/custom_msg_ws/install/more_interfaces/include/more_interfaces/more_interfaces/msg/address_book.hpp
[16.814s] -- Up-to-date: /home/yusuf/custom_msg_ws/install/more_interfaces/include/more_interfaces/more_interfaces
[16.814s] -- Up-to-date: /home/yusuf/custom_msg_ws/install/more_interfaces/include/more_interfaces/more_interfaces/msg
[16.814s] -- Up-to-date: /home/yusuf/custom_msg_ws/install/more_interfaces/include/more_interfaces/more_interfaces/msg/detail
[16.814s] -- Up-to-date: /home/yusuf/custom_msg_ws/install/more_interfaces/include/more_interfaces/more_interfaces/msg/detail/dds_fastrtps
[16.814s] -- Installing: /home/yusuf/custom_msg_ws/install/more_interfaces/include/more_interfaces/more_interfaces/msg/detail/address_book__rosidl_typesupport_fastrtps_cpp.hpp
[16.814s] -- Up-to-date: /home/yusuf/custom_msg_ws/install/more_interfaces/include/more_interfaces/more_interfaces/msg/rosidl_typesupport_fastrtps_cpp__visibility_control.h
[16.815s] -- Installing: /home/yusuf/custom_msg_ws/install/more_interfaces/lib/libmore_interfaces__rosidl_typesupport_fastrtps_cpp.so
[16.815s] -- Set runtime path of "/home/yusuf/custom_msg_ws/install/more_interfaces/lib/libmore_interfaces__rosidl_typesupport_fastrtps_cpp.so" to ""
[16.815s] -- Up-to-date: /home/yusuf/custom_msg_ws/install/more_interfaces/include/more_interfaces/more_interfaces
[16.816s] -- Up-to-date: /home/yusuf/custom_msg_ws/install/more_interfaces/include/more_interfaces/more_interfaces/msg
[16.816s] -- Up-to-date: /home/yusuf/custom_msg_ws/install/more_interfaces/include/more_interfaces/more_interfaces/msg/detail
[16.816s] -- Installing: /home/yusuf/custom_msg_ws/install/more_interfaces/include/more_interfaces/more_interfaces/msg/detail/address_book__type_support.cpp
[16.816s] -- Installing: /home/yusuf/custom_msg_ws/install/more_interfaces/include/more_interfaces/more_interfaces/msg/detail/address_book__rosidl_typesupport_introspection_cpp.hpp
[16.816s] -- Installing: /home/yusuf/custom_msg_ws/install/more_interfaces/lib/libmore_interfaces__rosidl_typesupport_introspection_cpp.so
[16.817s] -- Set runtime path of "/home/yusuf/custom_msg_ws/install/more_interfaces/lib/libmore_interfaces__rosidl_typesupport_introspection_cpp.so" to ""
[16.818s] -- Installing: /home/yusuf/custom_msg_ws/install/more_interfaces/lib/libmore_interfaces__rosidl_typesupport_cpp.so
[16.818s] -- Set runtime path of "/home/yusuf/custom_msg_ws/install/more_interfaces/lib/libmore_interfaces__rosidl_typesupport_cpp.so" to ""
[16.818s] -- Up-to-date: /home/yusuf/custom_msg_ws/install/more_interfaces/share/more_interfaces/environment/pythonpath.sh
[16.819s] -- Installing: /home/yusuf/custom_msg_ws/install/more_interfaces/share/more_interfaces/environment/pythonpath.dsv
[16.819s] -- Up-to-date: /home/yusuf/custom_msg_ws/install/more_interfaces/local/lib/python3.10/dist-packages/more_interfaces-0.0.0-py3.10.egg-info
[16.819s] -- Installing: /home/yusuf/custom_msg_ws/install/more_interfaces/local/lib/python3.10/dist-packages/more_interfaces-0.0.0-py3.10.egg-info/dependency_links.txt
[16.819s] -- Installing: /home/yusuf/custom_msg_ws/install/more_interfaces/local/lib/python3.10/dist-packages/more_interfaces-0.0.0-py3.10.egg-info/SOURCES.txt
[16.819s] -- Installing: /home/yusuf/custom_msg_ws/install/more_interfaces/local/lib/python3.10/dist-packages/more_interfaces-0.0.0-py3.10.egg-info/top_level.txt
[16.820s] -- Installing: /home/yusuf/custom_msg_ws/install/more_interfaces/local/lib/python3.10/dist-packages/more_interfaces-0.0.0-py3.10.egg-info/PKG-INFO
[16.820s] -- Up-to-date: /home/yusuf/custom_msg_ws/install/more_interfaces/local/lib/python3.10/dist-packages/more_interfaces
[16.820s] -- Installing: /home/yusuf/custom_msg_ws/install/more_interfaces/local/lib/python3.10/dist-packages/more_interfaces/more_interfaces_s__rosidl_typesupport_fastrtps_c.cpython-310-x86_64-linux-gnu.so
[16.820s] -- Installing: /home/yusuf/custom_msg_ws/install/more_interfaces/local/lib/python3.10/dist-packages/more_interfaces/libmore_interfaces__rosidl_generator_py.so
[16.821s] -- Installing: /home/yusuf/custom_msg_ws/install/more_interfaces/local/lib/python3.10/dist-packages/more_interfaces/more_interfaces_s__rosidl_typesupport_c.cpython-310-x86_64-linux-gnu.so
[16.821s] -- Installing: /home/yusuf/custom_msg_ws/install/more_interfaces/local/lib/python3.10/dist-packages/more_interfaces/_more_interfaces_s.ep.rosidl_typesupport_introspection_c.c
[16.821s] -- Installing: /home/yusuf/custom_msg_ws/install/more_interfaces/local/lib/python3.10/dist-packages/more_interfaces/_more_interfaces_s.ep.rosidl_typesupport_fastrtps_c.c
[16.821s] -- Installing: /home/yusuf/custom_msg_ws/install/more_interfaces/local/lib/python3.10/dist-packages/more_interfaces/_more_interfaces_s.ep.rosidl_typesupport_c.c
[16.822s] -- Installing: /home/yusuf/custom_msg_ws/install/more_interfaces/local/lib/python3.10/dist-packages/more_interfaces/more_interfaces_s__rosidl_typesupport_introspection_c.cpython-310-x86_64-linux-gnu.so
[16.822s] -- Up-to-date: /home/yusuf/custom_msg_ws/install/more_interfaces/local/lib/python3.10/dist-packages/more_interfaces/msg
[16.822s] -- Installing: /home/yusuf/custom_msg_ws/install/more_interfaces/local/lib/python3.10/dist-packages/more_interfaces/msg/_address_book_s.c
[16.822s] -- Installing: /home/yusuf/custom_msg_ws/install/more_interfaces/local/lib/python3.10/dist-packages/more_interfaces/msg/_address_book.py
[16.822s] -- Installing: /home/yusuf/custom_msg_ws/install/more_interfaces/local/lib/python3.10/dist-packages/more_interfaces/msg/__init__.py
[16.823s] -- Installing: /home/yusuf/custom_msg_ws/install/more_interfaces/local/lib/python3.10/dist-packages/more_interfaces/__init__.py
[16.901s] Listing '/home/yusuf/custom_msg_ws/install/more_interfaces/local/lib/python3.10/dist-packages/more_interfaces'...
[16.901s] Compiling '/home/yusuf/custom_msg_ws/install/more_interfaces/local/lib/python3.10/dist-packages/more_interfaces/__init__.py'...
[16.901s] Listing '/home/yusuf/custom_msg_ws/install/more_interfaces/local/lib/python3.10/dist-packages/more_interfaces/msg'...
[16.901s] Compiling '/home/yusuf/custom_msg_ws/install/more_interfaces/local/lib/python3.10/dist-packages/more_interfaces/msg/__init__.py'...
[16.901s] Compiling '/home/yusuf/custom_msg_ws/install/more_interfaces/local/lib/python3.10/dist-packages/more_interfaces/msg/_address_book.py'...
[16.912s] -- Installing: /home/yusuf/custom_msg_ws/install/more_interfaces/local/lib/python3.10/dist-packages/more_interfaces/more_interfaces_s__rosidl_typesupport_fastrtps_c.cpython-310-x86_64-linux-gnu.so
[16.913s] -- Set runtime path of "/home/yusuf/custom_msg_ws/install/more_interfaces/local/lib/python3.10/dist-packages/more_interfaces/more_interfaces_s__rosidl_typesupport_fastrtps_c.cpython-310-x86_64-linux-gnu.so" to ""
[16.913s] -- Installing: /home/yusuf/custom_msg_ws/install/more_interfaces/local/lib/python3.10/dist-packages/more_interfaces/more_interfaces_s__rosidl_typesupport_introspection_c.cpython-310-x86_64-linux-gnu.so
[16.914s] -- Set runtime path of "/home/yusuf/custom_msg_ws/install/more_interfaces/local/lib/python3.10/dist-packages/more_interfaces/more_interfaces_s__rosidl_typesupport_introspection_c.cpython-310-x86_64-linux-gnu.so" to ""
[16.915s] -- Installing: /home/yusuf/custom_msg_ws/install/more_interfaces/local/lib/python3.10/dist-packages/more_interfaces/more_interfaces_s__rosidl_typesupport_c.cpython-310-x86_64-linux-gnu.so
[16.916s] -- Set runtime path of "/home/yusuf/custom_msg_ws/install/more_interfaces/local/lib/python3.10/dist-packages/more_interfaces/more_interfaces_s__rosidl_typesupport_c.cpython-310-x86_64-linux-gnu.so" to ""
[16.916s] -- Installing: /home/yusuf/custom_msg_ws/install/more_interfaces/lib/libmore_interfaces__rosidl_generator_py.so
[16.917s] -- Set runtime path of "/home/yusuf/custom_msg_ws/install/more_interfaces/lib/libmore_interfaces__rosidl_generator_py.so" to ""
[16.917s] -- Installing: /home/yusuf/custom_msg_ws/install/more_interfaces/share/more_interfaces/msg/AddressBook.idl
[16.918s] -- Installing: /home/yusuf/custom_msg_ws/install/more_interfaces/share/more_interfaces/msg/AddressBook.msg
[16.919s] -- Installing: /home/yusuf/custom_msg_ws/install/more_interfaces/lib/more_interfaces/publish_address_book
[16.924s] -- Set runtime path of "/home/yusuf/custom_msg_ws/install/more_interfaces/lib/more_interfaces/publish_address_book" to ""
[16.924s] -- Installing: /home/yusuf/custom_msg_ws/install/more_interfaces/lib/more_interfaces/publish_address.py
[16.925s] -- Up-to-date: /home/yusuf/custom_msg_ws/install/more_interfaces/share/ament_index/resource_index/package_run_dependencies/more_interfaces
[16.925s] -- Installing: /home/yusuf/custom_msg_ws/install/more_interfaces/share/ament_index/resource_index/parent_prefix_path/more_interfaces
[16.925s] -- Up-to-date: /home/yusuf/custom_msg_ws/install/more_interfaces/share/more_interfaces/environment/ament_prefix_path.sh
[16.926s] -- Installing: /home/yusuf/custom_msg_ws/install/more_interfaces/share/more_interfaces/environment/ament_prefix_path.dsv
[16.926s] -- Up-to-date: /home/yusuf/custom_msg_ws/install/more_interfaces/share/more_interfaces/environment/path.sh
[16.926s] -- Installing: /home/yusuf/custom_msg_ws/install/more_interfaces/share/more_interfaces/environment/path.dsv
[16.926s] -- Up-to-date: /home/yusuf/custom_msg_ws/install/more_interfaces/share/more_interfaces/local_setup.bash
[16.927s] -- Up-to-date: /home/yusuf/custom_msg_ws/install/more_interfaces/share/more_interfaces/local_setup.sh
[16.927s] -- Up-to-date: /home/yusuf/custom_msg_ws/install/more_interfaces/share/more_interfaces/local_setup.zsh
[16.927s] -- Installing: /home/yusuf/custom_msg_ws/install/more_interfaces/share/more_interfaces/local_setup.dsv
[16.927s] -- Installing: /home/yusuf/custom_msg_ws/install/more_interfaces/share/more_interfaces/package.dsv
[16.928s] -- Up-to-date: /home/yusuf/custom_msg_ws/install/more_interfaces/share/ament_index/resource_index/packages/more_interfaces
[16.928s] -- Up-to-date: /home/yusuf/custom_msg_ws/install/more_interfaces/share/more_interfaces/cmake/export_more_interfaces__rosidl_generator_cExport.cmake
[16.929s] -- Up-to-date: /home/yusuf/custom_msg_ws/install/more_interfaces/share/more_interfaces/cmake/export_more_interfaces__rosidl_generator_cExport-noconfig.cmake
[16.929s] -- Up-to-date: /home/yusuf/custom_msg_ws/install/more_interfaces/share/more_interfaces/cmake/export_more_interfaces__rosidl_typesupport_fastrtps_cExport.cmake
[16.929s] -- Up-to-date: /home/yusuf/custom_msg_ws/install/more_interfaces/share/more_interfaces/cmake/export_more_interfaces__rosidl_typesupport_fastrtps_cExport-noconfig.cmake
[16.930s] -- Up-to-date: /home/yusuf/custom_msg_ws/install/more_interfaces/share/more_interfaces/cmake/more_interfaces__rosidl_typesupport_introspection_cExport.cmake
[16.930s] -- Up-to-date: /home/yusuf/custom_msg_ws/install/more_interfaces/share/more_interfaces/cmake/more_interfaces__rosidl_typesupport_introspection_cExport-noconfig.cmake
[16.930s] -- Up-to-date: /home/yusuf/custom_msg_ws/install/more_interfaces/share/more_interfaces/cmake/more_interfaces__rosidl_typesupport_cExport.cmake
[16.930s] -- Up-to-date: /home/yusuf/custom_msg_ws/install/more_interfaces/share/more_interfaces/cmake/more_interfaces__rosidl_typesupport_cExport-noconfig.cmake
[16.931s] -- Up-to-date: /home/yusuf/custom_msg_ws/install/more_interfaces/share/more_interfaces/cmake/export_more_interfaces__rosidl_generator_cppExport.cmake
[16.931s] -- Up-to-date: /home/yusuf/custom_msg_ws/install/more_interfaces/share/more_interfaces/cmake/export_more_interfaces__rosidl_typesupport_fastrtps_cppExport.cmake
[16.932s] -- Up-to-date: /home/yusuf/custom_msg_ws/install/more_interfaces/share/more_interfaces/cmake/export_more_interfaces__rosidl_typesupport_fastrtps_cppExport-noconfig.cmake
[16.932s] -- Up-to-date: /home/yusuf/custom_msg_ws/install/more_interfaces/share/more_interfaces/cmake/more_interfaces__rosidl_typesupport_introspection_cppExport.cmake
[16.932s] -- Up-to-date: /home/yusuf/custom_msg_ws/install/more_interfaces/share/more_interfaces/cmake/more_interfaces__rosidl_typesupport_introspection_cppExport-noconfig.cmake
[16.933s] -- Up-to-date: /home/yusuf/custom_msg_ws/install/more_interfaces/share/more_interfaces/cmake/more_interfaces__rosidl_typesupport_cppExport.cmake
[16.933s] -- Up-to-date: /home/yusuf/custom_msg_ws/install/more_interfaces/share/more_interfaces/cmake/more_interfaces__rosidl_typesupport_cppExport-noconfig.cmake
[16.933s] -- Up-to-date: /home/yusuf/custom_msg_ws/install/more_interfaces/share/more_interfaces/cmake/export_more_interfaces__rosidl_generator_pyExport.cmake
[16.933s] -- Up-to-date: /home/yusuf/custom_msg_ws/install/more_interfaces/share/more_interfaces/cmake/export_more_interfaces__rosidl_generator_pyExport-noconfig.cmake
[16.933s] -- Up-to-date: /home/yusuf/custom_msg_ws/install/more_interfaces/share/more_interfaces/cmake/rosidl_cmake-extras.cmake
[16.934s] -- Up-to-date: /home/yusuf/custom_msg_ws/install/more_interfaces/share/more_interfaces/cmake/ament_cmake_export_include_directories-extras.cmake
[16.934s] -- Up-to-date: /home/yusuf/custom_msg_ws/install/more_interfaces/share/more_interfaces/cmake/ament_cmake_export_libraries-extras.cmake
[16.934s] -- Up-to-date: /home/yusuf/custom_msg_ws/install/more_interfaces/share/more_interfaces/cmake/ament_cmake_export_targets-extras.cmake
[16.934s] -- Up-to-date: /home/yusuf/custom_msg_ws/install/more_interfaces/share/more_interfaces/cmake/rosidl_cmake_export_typesupport_targets-extras.cmake
[16.934s] -- Up-to-date: /home/yusuf/custom_msg_ws/install/more_interfaces/share/more_interfaces/cmake/ament_cmake_export_dependencies-extras.cmake
[16.934s] -- Up-to-date: /home/yusuf/custom_msg_ws/install/more_interfaces/share/more_interfaces/cmake/rosidl_cmake_export_typesupport_libraries-extras.cmake
[16.935s] -- Up-to-date: /home/yusuf/custom_msg_ws/install/more_interfaces/share/more_interfaces/cmake/more_interfacesConfig.cmake
[16.935s] -- Up-to-date: /home/yusuf/custom_msg_ws/install/more_interfaces/share/more_interfaces/cmake/more_interfacesConfig-version.cmake
[16.935s] -- Up-to-date: /home/yusuf/custom_msg_ws/install/more_interfaces/share/more_interfaces/package.xml
[16.940s] Invoked command in '/home/yusuf/custom_msg_ws/build/more_interfaces' returned '0': CMAKE_PREFIX_PATH=${CMAKE_PREFIX_PATH}:/home/yusuf/ros2_usb_com_ws/install/usb_ros_com:/home/yusuf/tcp/install/tcp_package:/opt/ros/humble /usr/bin/cmake --install /home/yusuf/custom_msg_ws/build/more_interfaces
