[0.239s] DEBUG:colcon:Command line arguments: ['/usr/bin/colcon', 'build']
[0.239s] DEBUG:colcon:Parsed command line arguments: Namespace(log_base=None, log_level=None, verb_name='build', build_base='build', install_base='install', merge_install=False, symlink_install=False, test_result_base=None, continue_on_error=False, executor='parallel', parallel_workers=8, event_handlers=None, ignore_user_meta=False, metas=['./colcon.meta'], base_paths=['.'], packages_ignore=None, packages_ignore_regex=None, paths=None, packages_up_to=None, packages_up_to_regex=None, packages_above=None, packages_above_and_dependencies=None, packages_above_depth=None, packages_select_by_dep=None, packages_skip_by_dep=None, packages_skip_up_to=None, packages_select_build_failed=False, packages_skip_build_finished=False, packages_select_test_failures=False, packages_skip_test_passed=False, packages_select=None, packages_skip=None, packages_select_regex=None, packages_skip_regex=None, packages_start=None, packages_end=None, allow_overriding=[], cmake_args=None, cmake_target=None, cmake_target_skip_unavailable=False, cmake_clean_cache=False, cmake_clean_first=False, cmake_force_configure=False, ament_cmake_args=None, catkin_cmake_args=None, catkin_skip_building_tests=False, verb_parser=<colcon_defaults.argument_parser.defaults.DefaultArgumentsDecorator object at 0x71812c04dea0>, verb_extension=<colcon_core.verb.build.BuildVerb object at 0x71812c04da50>, main=<bound method BuildVerb.main of <colcon_core.verb.build.BuildVerb object at 0x71812c04da50>>)
[0.640s] Level 1:colcon.colcon_core.package_discovery:discover_packages(colcon_meta) check parameters
[0.640s] Level 1:colcon.colcon_core.package_discovery:discover_packages(recursive) check parameters
[0.641s] Level 1:colcon.colcon_core.package_discovery:discover_packages(ignore) check parameters
[0.641s] Level 1:colcon.colcon_core.package_discovery:discover_packages(path) check parameters
[0.641s] Level 1:colcon.colcon_core.package_discovery:discover_packages(colcon_meta) discover
[0.641s] Level 1:colcon.colcon_core.package_discovery:discover_packages(recursive) discover
[0.641s] INFO:colcon.colcon_core.package_discovery:Crawling recursively for packages in '/home/yusuf/custom_msg_ws'
[0.641s] Level 1:colcon.colcon_core.package_identification:_identify(.) by extensions ['ignore', 'ignore_ament_install']
[0.641s] Level 1:colcon.colcon_core.package_identification:_identify(.) by extension 'ignore'
[0.641s] Level 1:colcon.colcon_core.package_identification:_identify(.) by extension 'ignore_ament_install'
[0.642s] Level 1:colcon.colcon_core.package_identification:_identify(.) by extensions ['colcon_pkg']
[0.642s] Level 1:colcon.colcon_core.package_identification:_identify(.) by extension 'colcon_pkg'
[0.642s] Level 1:colcon.colcon_core.package_identification:_identify(.) by extensions ['colcon_meta']
[0.642s] Level 1:colcon.colcon_core.package_identification:_identify(.) by extension 'colcon_meta'
[0.642s] Level 1:colcon.colcon_core.package_identification:_identify(.) by extensions ['ros']
[0.642s] Level 1:colcon.colcon_core.package_identification:_identify(.) by extension 'ros'
[0.668s] Level 1:colcon.colcon_core.package_identification:_identify(.) by extensions ['cmake', 'python']
[0.669s] Level 1:colcon.colcon_core.package_identification:_identify(.) by extension 'cmake'
[0.669s] Level 1:colcon.colcon_core.package_identification:_identify(.) by extension 'python'
[0.669s] Level 1:colcon.colcon_core.package_identification:_identify(.) by extensions ['python_setup_py']
[0.669s] Level 1:colcon.colcon_core.package_identification:_identify(.) by extension 'python_setup_py'
[0.669s] Level 1:colcon.colcon_core.package_identification:_identify(build) by extensions ['ignore', 'ignore_ament_install']
[0.670s] Level 1:colcon.colcon_core.package_identification:_identify(build) by extension 'ignore'
[0.670s] Level 1:colcon.colcon_core.package_identification:_identify(build) ignored
[0.670s] Level 1:colcon.colcon_core.package_identification:_identify(install) by extensions ['ignore', 'ignore_ament_install']
[0.670s] Level 1:colcon.colcon_core.package_identification:_identify(install) by extension 'ignore'
[0.670s] Level 1:colcon.colcon_core.package_identification:_identify(install) ignored
[0.671s] Level 1:colcon.colcon_core.package_identification:_identify(log) by extensions ['ignore', 'ignore_ament_install']
[0.671s] Level 1:colcon.colcon_core.package_identification:_identify(log) by extension 'ignore'
[0.671s] Level 1:colcon.colcon_core.package_identification:_identify(log) ignored
[0.671s] Level 1:colcon.colcon_core.package_identification:_identify(src) by extensions ['ignore', 'ignore_ament_install']
[0.671s] Level 1:colcon.colcon_core.package_identification:_identify(src) by extension 'ignore'
[0.671s] Level 1:colcon.colcon_core.package_identification:_identify(src) by extension 'ignore_ament_install'
[0.672s] Level 1:colcon.colcon_core.package_identification:_identify(src) by extensions ['colcon_pkg']
[0.672s] Level 1:colcon.colcon_core.package_identification:_identify(src) by extension 'colcon_pkg'
[0.672s] Level 1:colcon.colcon_core.package_identification:_identify(src) by extensions ['colcon_meta']
[0.672s] Level 1:colcon.colcon_core.package_identification:_identify(src) by extension 'colcon_meta'
[0.672s] Level 1:colcon.colcon_core.package_identification:_identify(src) by extensions ['ros']
[0.672s] Level 1:colcon.colcon_core.package_identification:_identify(src) by extension 'ros'
[0.672s] Level 1:colcon.colcon_core.package_identification:_identify(src) by extensions ['cmake', 'python']
[0.672s] Level 1:colcon.colcon_core.package_identification:_identify(src) by extension 'cmake'
[0.672s] Level 1:colcon.colcon_core.package_identification:_identify(src) by extension 'python'
[0.672s] Level 1:colcon.colcon_core.package_identification:_identify(src) by extensions ['python_setup_py']
[0.673s] Level 1:colcon.colcon_core.package_identification:_identify(src) by extension 'python_setup_py'
[0.673s] Level 1:colcon.colcon_core.package_identification:_identify(src/more_interfaces) by extensions ['ignore', 'ignore_ament_install']
[0.673s] Level 1:colcon.colcon_core.package_identification:_identify(src/more_interfaces) by extension 'ignore'
[0.673s] Level 1:colcon.colcon_core.package_identification:_identify(src/more_interfaces) by extension 'ignore_ament_install'
[0.673s] Level 1:colcon.colcon_core.package_identification:_identify(src/more_interfaces) by extensions ['colcon_pkg']
[0.673s] Level 1:colcon.colcon_core.package_identification:_identify(src/more_interfaces) by extension 'colcon_pkg'
[0.673s] Level 1:colcon.colcon_core.package_identification:_identify(src/more_interfaces) by extensions ['colcon_meta']
[0.673s] Level 1:colcon.colcon_core.package_identification:_identify(src/more_interfaces) by extension 'colcon_meta'
[0.674s] Level 1:colcon.colcon_core.package_identification:_identify(src/more_interfaces) by extensions ['ros']
[0.674s] Level 1:colcon.colcon_core.package_identification:_identify(src/more_interfaces) by extension 'ros'
[0.679s] DEBUG:colcon.colcon_core.package_identification:Package 'src/more_interfaces' with type 'ros.ament_cmake' and name 'more_interfaces'
[0.679s] Level 1:colcon.colcon_core.package_discovery:discover_packages(recursive) using defaults
[0.679s] Level 1:colcon.colcon_core.package_discovery:discover_packages(ignore) discover
[0.679s] Level 1:colcon.colcon_core.package_discovery:discover_packages(ignore) using defaults
[0.679s] Level 1:colcon.colcon_core.package_discovery:discover_packages(path) discover
[0.679s] Level 1:colcon.colcon_core.package_discovery:discover_packages(path) using defaults
[0.721s] Level 1:colcon.colcon_core.package_discovery:discover_packages(prefix_path) check parameters
[0.721s] Level 1:colcon.colcon_core.package_discovery:discover_packages(prefix_path) discover
[0.725s] DEBUG:colcon.colcon_installed_package_information.package_discovery:Found 1 installed packages in /home/yusuf/custom_msg_ws/install
[0.726s] DEBUG:colcon.colcon_installed_package_information.package_discovery:Found 1 installed packages in /home/yusuf/tcp/install
[0.727s] DEBUG:colcon.colcon_installed_package_information.package_discovery:Found 3 installed packages in /home/yusuf/turtlebot3_ws/install
[0.730s] DEBUG:colcon.colcon_installed_package_information.package_discovery:Found 395 installed packages in /opt/ros/humble
[0.754s] Level 1:colcon.colcon_core.package_discovery:discover_packages(prefix_path) using defaults
[0.871s] Level 5:colcon.colcon_core.verb:set package 'more_interfaces' build argument 'cmake_args' from command line to 'None'
[0.871s] Level 5:colcon.colcon_core.verb:set package 'more_interfaces' build argument 'cmake_target' from command line to 'None'
[0.872s] Level 5:colcon.colcon_core.verb:set package 'more_interfaces' build argument 'cmake_target_skip_unavailable' from command line to 'False'
[0.872s] Level 5:colcon.colcon_core.verb:set package 'more_interfaces' build argument 'cmake_clean_cache' from command line to 'False'
[0.872s] Level 5:colcon.colcon_core.verb:set package 'more_interfaces' build argument 'cmake_clean_first' from command line to 'False'
[0.872s] Level 5:colcon.colcon_core.verb:set package 'more_interfaces' build argument 'cmake_force_configure' from command line to 'False'
[0.872s] Level 5:colcon.colcon_core.verb:set package 'more_interfaces' build argument 'ament_cmake_args' from command line to 'None'
[0.872s] Level 5:colcon.colcon_core.verb:set package 'more_interfaces' build argument 'catkin_cmake_args' from command line to 'None'
[0.872s] Level 5:colcon.colcon_core.verb:set package 'more_interfaces' build argument 'catkin_skip_building_tests' from command line to 'False'
[0.872s] DEBUG:colcon.colcon_core.verb:Building package 'more_interfaces' with the following arguments: {'ament_cmake_args': None, 'build_base': '/home/yusuf/custom_msg_ws/build/more_interfaces', 'catkin_cmake_args': None, 'catkin_skip_building_tests': False, 'cmake_args': None, 'cmake_clean_cache': False, 'cmake_clean_first': False, 'cmake_force_configure': False, 'cmake_target': None, 'cmake_target_skip_unavailable': False, 'install_base': '/home/yusuf/custom_msg_ws/install/more_interfaces', 'merge_install': False, 'path': '/home/yusuf/custom_msg_ws/src/more_interfaces', 'symlink_install': False, 'test_result_base': None}
[0.873s] INFO:colcon.colcon_core.executor:Executing jobs using 'parallel' executor
[0.875s] DEBUG:colcon.colcon_parallel_executor.executor.parallel:run_until_complete
[0.876s] INFO:colcon.colcon_ros.task.ament_cmake.build:Building ROS package in '/home/yusuf/custom_msg_ws/src/more_interfaces' with build type 'ament_cmake'
[0.876s] INFO:colcon.colcon_cmake.task.cmake.build:Building CMake package in '/home/yusuf/custom_msg_ws/src/more_interfaces'
[0.881s] INFO:colcon.colcon_core.plugin_system:Skipping extension 'colcon_core.shell.bat': Not used on non-Windows systems
[0.881s] INFO:colcon.colcon_core.shell:Skip shell extension 'powershell' for command environment: Not usable outside of PowerShell
[0.882s] DEBUG:colcon.colcon_core.shell:Skip shell extension 'dsv' for command environment
[0.908s] DEBUG:colcon.colcon_core.event_handler.log_command:Invoking command in '/home/yusuf/custom_msg_ws/build/more_interfaces': CMAKE_PREFIX_PATH=${CMAKE_PREFIX_PATH}:/home/yusuf/tcp/install/tcp_package:/opt/ros/humble /usr/bin/cmake --build /home/yusuf/custom_msg_ws/build/more_interfaces -- -j8 -l8
[1.778s] DEBUG:colcon.colcon_core.event_handler.log_command:Invoked command in '/home/yusuf/custom_msg_ws/build/more_interfaces' returned '0': CMAKE_PREFIX_PATH=${CMAKE_PREFIX_PATH}:/home/yusuf/tcp/install/tcp_package:/opt/ros/humble /usr/bin/cmake --build /home/yusuf/custom_msg_ws/build/more_interfaces -- -j8 -l8
[1.937s] DEBUG:colcon.colcon_core.event_handler.log_command:Invoking command in '/home/yusuf/custom_msg_ws/build/more_interfaces': CMAKE_PREFIX_PATH=${CMAKE_PREFIX_PATH}:/home/yusuf/tcp/install/tcp_package:/opt/ros/humble /usr/bin/cmake --install /home/yusuf/custom_msg_ws/build/more_interfaces
[2.060s] Level 1:colcon.colcon_core.environment:create_environment_scripts_only(more_interfaces)
[2.062s] DEBUG:colcon.colcon_core.event_handler.log_command:Invoked command in '/home/yusuf/custom_msg_ws/build/more_interfaces' returned '0': CMAKE_PREFIX_PATH=${CMAKE_PREFIX_PATH}:/home/yusuf/tcp/install/tcp_package:/opt/ros/humble /usr/bin/cmake --install /home/yusuf/custom_msg_ws/build/more_interfaces
[2.069s] Level 1:colcon.colcon_core.environment:checking '/home/yusuf/custom_msg_ws/install/more_interfaces' for CMake module files
[2.071s] Level 1:colcon.colcon_core.environment:checking '/home/yusuf/custom_msg_ws/install/more_interfaces' for CMake config files
[2.072s] Level 1:colcon.colcon_core.shell:create_environment_hook('more_interfaces', 'cmake_prefix_path')
[2.073s] INFO:colcon.colcon_core.shell:Creating environment hook '/home/yusuf/custom_msg_ws/install/more_interfaces/share/more_interfaces/hook/cmake_prefix_path.ps1'
[2.075s] INFO:colcon.colcon_core.shell:Creating environment descriptor '/home/yusuf/custom_msg_ws/install/more_interfaces/share/more_interfaces/hook/cmake_prefix_path.dsv'
[2.076s] INFO:colcon.colcon_core.shell:Creating environment hook '/home/yusuf/custom_msg_ws/install/more_interfaces/share/more_interfaces/hook/cmake_prefix_path.sh'
[2.079s] Level 1:colcon.colcon_core.environment:checking '/home/yusuf/custom_msg_ws/install/more_interfaces/lib'
[2.080s] Level 1:colcon.colcon_core.shell:create_environment_hook('more_interfaces', 'ld_library_path_lib')
[2.081s] INFO:colcon.colcon_core.shell:Creating environment hook '/home/yusuf/custom_msg_ws/install/more_interfaces/share/more_interfaces/hook/ld_library_path_lib.ps1'
[2.082s] INFO:colcon.colcon_core.shell:Creating environment descriptor '/home/yusuf/custom_msg_ws/install/more_interfaces/share/more_interfaces/hook/ld_library_path_lib.dsv'
[2.083s] INFO:colcon.colcon_core.shell:Creating environment hook '/home/yusuf/custom_msg_ws/install/more_interfaces/share/more_interfaces/hook/ld_library_path_lib.sh'
[2.084s] Level 1:colcon.colcon_core.environment:checking '/home/yusuf/custom_msg_ws/install/more_interfaces/bin'
[2.084s] Level 1:colcon.colcon_core.environment:checking '/home/yusuf/custom_msg_ws/install/more_interfaces/lib/pkgconfig/more_interfaces.pc'
[2.085s] Level 1:colcon.colcon_core.environment:checking '/home/yusuf/custom_msg_ws/install/more_interfaces/lib/python3.10/site-packages'
[2.086s] Level 1:colcon.colcon_core.environment:checking '/home/yusuf/custom_msg_ws/install/more_interfaces/bin'
[2.087s] INFO:colcon.colcon_core.shell:Creating package script '/home/yusuf/custom_msg_ws/install/more_interfaces/share/more_interfaces/package.ps1'
[2.090s] INFO:colcon.colcon_core.shell:Creating package descriptor '/home/yusuf/custom_msg_ws/install/more_interfaces/share/more_interfaces/package.dsv'
[2.092s] INFO:colcon.colcon_core.shell:Creating package script '/home/yusuf/custom_msg_ws/install/more_interfaces/share/more_interfaces/package.sh'
[2.094s] INFO:colcon.colcon_core.shell:Creating package script '/home/yusuf/custom_msg_ws/install/more_interfaces/share/more_interfaces/package.bash'
[2.097s] INFO:colcon.colcon_core.shell:Creating package script '/home/yusuf/custom_msg_ws/install/more_interfaces/share/more_interfaces/package.zsh'
[2.099s] Level 1:colcon.colcon_core.environment:create_file_with_runtime_dependencies(/home/yusuf/custom_msg_ws/install/more_interfaces/share/colcon-core/packages/more_interfaces)
[2.239s] Level 1:colcon.colcon_core.environment:create_environment_scripts_only(more_interfaces)
[2.239s] Level 1:colcon.colcon_core.environment:checking '/home/yusuf/custom_msg_ws/install/more_interfaces' for CMake module files
[2.240s] Level 1:colcon.colcon_core.environment:checking '/home/yusuf/custom_msg_ws/install/more_interfaces' for CMake config files
[2.241s] Level 1:colcon.colcon_core.shell:create_environment_hook('more_interfaces', 'cmake_prefix_path')
[2.242s] INFO:colcon.colcon_core.shell:Creating environment hook '/home/yusuf/custom_msg_ws/install/more_interfaces/share/more_interfaces/hook/cmake_prefix_path.ps1'
[2.242s] INFO:colcon.colcon_core.shell:Creating environment descriptor '/home/yusuf/custom_msg_ws/install/more_interfaces/share/more_interfaces/hook/cmake_prefix_path.dsv'
[2.243s] INFO:colcon.colcon_core.shell:Creating environment hook '/home/yusuf/custom_msg_ws/install/more_interfaces/share/more_interfaces/hook/cmake_prefix_path.sh'
[2.244s] Level 1:colcon.colcon_core.environment:checking '/home/yusuf/custom_msg_ws/install/more_interfaces/lib'
[2.245s] Level 1:colcon.colcon_core.shell:create_environment_hook('more_interfaces', 'ld_library_path_lib')
[2.245s] INFO:colcon.colcon_core.shell:Creating environment hook '/home/yusuf/custom_msg_ws/install/more_interfaces/share/more_interfaces/hook/ld_library_path_lib.ps1'
[2.246s] INFO:colcon.colcon_core.shell:Creating environment descriptor '/home/yusuf/custom_msg_ws/install/more_interfaces/share/more_interfaces/hook/ld_library_path_lib.dsv'
[2.246s] INFO:colcon.colcon_core.shell:Creating environment hook '/home/yusuf/custom_msg_ws/install/more_interfaces/share/more_interfaces/hook/ld_library_path_lib.sh'
[2.247s] Level 1:colcon.colcon_core.environment:checking '/home/yusuf/custom_msg_ws/install/more_interfaces/bin'
[2.247s] Level 1:colcon.colcon_core.environment:checking '/home/yusuf/custom_msg_ws/install/more_interfaces/lib/pkgconfig/more_interfaces.pc'
[2.248s] Level 1:colcon.colcon_core.environment:checking '/home/yusuf/custom_msg_ws/install/more_interfaces/lib/python3.10/site-packages'
[2.248s] Level 1:colcon.colcon_core.environment:checking '/home/yusuf/custom_msg_ws/install/more_interfaces/bin'
[2.249s] INFO:colcon.colcon_core.shell:Creating package script '/home/yusuf/custom_msg_ws/install/more_interfaces/share/more_interfaces/package.ps1'
[2.250s] INFO:colcon.colcon_core.shell:Creating package descriptor '/home/yusuf/custom_msg_ws/install/more_interfaces/share/more_interfaces/package.dsv'
[2.252s] INFO:colcon.colcon_core.shell:Creating package script '/home/yusuf/custom_msg_ws/install/more_interfaces/share/more_interfaces/package.sh'
[2.253s] INFO:colcon.colcon_core.shell:Creating package script '/home/yusuf/custom_msg_ws/install/more_interfaces/share/more_interfaces/package.bash'
[2.253s] INFO:colcon.colcon_core.shell:Creating package script '/home/yusuf/custom_msg_ws/install/more_interfaces/share/more_interfaces/package.zsh'
[2.254s] Level 1:colcon.colcon_core.environment:create_file_with_runtime_dependencies(/home/yusuf/custom_msg_ws/install/more_interfaces/share/colcon-core/packages/more_interfaces)
[2.255s] DEBUG:colcon.colcon_parallel_executor.executor.parallel:closing loop
[2.255s] DEBUG:colcon.colcon_parallel_executor.executor.parallel:loop closed
[2.256s] DEBUG:colcon.colcon_parallel_executor.executor.parallel:run_until_complete finished with '0'
[2.256s] DEBUG:colcon.colcon_core.event_reactor:joining thread
[2.266s] INFO:colcon.colcon_core.plugin_system:Skipping extension 'colcon_notification.desktop_notification.terminal_notifier': Not used on non-Darwin systems
[2.267s] INFO:colcon.colcon_core.plugin_system:Skipping extension 'colcon_notification.desktop_notification.win32': Not used on non-Windows systems
[2.267s] INFO:colcon.colcon_notification.desktop_notification:Sending desktop notification using 'notify2'
[2.291s] DEBUG:colcon.colcon_core.event_reactor:joined thread
[2.292s] INFO:colcon.colcon_core.shell:Creating prefix script '/home/yusuf/custom_msg_ws/install/local_setup.ps1'
[2.294s] INFO:colcon.colcon_core.shell:Creating prefix util module '/home/yusuf/custom_msg_ws/install/_local_setup_util_ps1.py'
[2.297s] INFO:colcon.colcon_core.shell:Creating prefix chain script '/home/yusuf/custom_msg_ws/install/setup.ps1'
[2.299s] INFO:colcon.colcon_core.shell:Creating prefix script '/home/yusuf/custom_msg_ws/install/local_setup.sh'
[2.301s] INFO:colcon.colcon_core.shell:Creating prefix util module '/home/yusuf/custom_msg_ws/install/_local_setup_util_sh.py'
[2.302s] INFO:colcon.colcon_core.shell:Creating prefix chain script '/home/yusuf/custom_msg_ws/install/setup.sh'
[2.305s] INFO:colcon.colcon_core.shell:Creating prefix script '/home/yusuf/custom_msg_ws/install/local_setup.bash'
[2.306s] INFO:colcon.colcon_core.shell:Creating prefix chain script '/home/yusuf/custom_msg_ws/install/setup.bash'
[2.309s] INFO:colcon.colcon_core.shell:Creating prefix script '/home/yusuf/custom_msg_ws/install/local_setup.zsh'
[2.310s] INFO:colcon.colcon_core.shell:Creating prefix chain script '/home/yusuf/custom_msg_ws/install/setup.zsh'
