[0.030s] Invoking command in '/home/yusuf/custom_msg_ws/build/more_interfaces': CMAKE_PREFIX_PATH=${CMAKE_PREFIX_PATH}:/home/yusuf/tcp/install/tcp_package:/opt/ros/humble /usr/bin/cmake --build /home/yusuf/custom_msg_ws/build/more_interfaces -- -j8 -l8
[0.089s] -- Found ament_cmake: 1.3.9 (/opt/ros/humble/share/ament_cmake/cmake)
[0.402s] -- Found rosidl_default_generators: 1.2.0 (/opt/ros/humble/share/rosidl_default_generators/cmake)
[0.408s] -- Using all available rosidl_typesupport_c: rosidl_typesupport_fastrtps_c;rosidl_typesupport_introspection_c
[0.415s] -- Found rosidl_adapter: 3.1.5 (/opt/ros/humble/share/rosidl_adapter/cmake)
[0.496s] -- Using all available rosidl_typesupport_cpp: rosidl_typesupport_fastrtps_cpp;rosidl_typesupport_introspection_cpp
[0.566s] -- Found rclcpp: 16.0.9 (/opt/ros/humble/share/rclcpp/cmake)
[0.730s] -- Found rmw_implementation_cmake: 6.1.2 (/opt/ros/humble/share/rmw_implementation_cmake/cmake)
[0.734s] -- Found rmw_cyclonedds_cpp: 1.3.4 (/opt/ros/humble/share/rmw_cyclonedds_cpp/cmake)
[0.802s] -- Using RMW implementation 'rmw_cyclonedds_cpp' as default
[1.151s] -- Found rclpy: 3.3.13 (/opt/ros/humble/share/rclpy/cmake)
[1.700s] -- Found ament_cmake_ros: 0.10.0 (/opt/ros/humble/share/ament_cmake_ros/cmake)
[2.133s] -- Using all available rosidl_typesupport_c: rosidl_typesupport_fastrtps_c;rosidl_typesupport_introspection_c
[2.720s] -- Using all available rosidl_typesupport_cpp: rosidl_typesupport_fastrtps_cpp;rosidl_typesupport_introspection_cpp
[2.786s] -- Found python_cmake_module: 0.10.0 (/opt/ros/humble/share/python_cmake_module/cmake)
[2.841s] -- Using PYTHON_EXECUTABLE: /usr/bin/python3
[2.841s] -- Using PYTHON_INCLUDE_DIRS: /usr/include/python3.10
[2.841s] -- Using PYTHON_LIBRARIES: /usr/lib/x86_64-linux-gnu/libpython3.10.so
[2.883s] -- Configuring done
[2.954s] -- Generating done
[2.961s] -- Build files have been written to: /home/yusuf/custom_msg_ws/build/more_interfaces
[3.011s] [35m[1mConsolidate compiler generated dependencies of target more_interfaces__rosidl_generator_c[0m
[3.040s] [  3%] Built target more_interfaces__cpp
[3.041s] [ 12%] Built target more_interfaces__rosidl_generator_c
[3.059s] [ 12%] Built target ament_cmake_python_copy_more_interfaces
[3.062s] [35m[1mConsolidate compiler generated dependencies of target more_interfaces__rosidl_typesupport_cpp[0m
[3.065s] [35m[1mConsolidate compiler generated dependencies of target more_interfaces__rosidl_typesupport_introspection_cpp[0m
[3.068s] [35m[1mConsolidate compiler generated dependencies of target more_interfaces__rosidl_typesupport_fastrtps_cpp[0m
[3.090s] [35m[1mConsolidate compiler generated dependencies of target more_interfaces__rosidl_typesupport_fastrtps_c[0m
[3.090s] [35m[1mConsolidate compiler generated dependencies of target more_interfaces__rosidl_typesupport_introspection_c[0m
[3.091s] [35m[1mConsolidate compiler generated dependencies of target more_interfaces__rosidl_typesupport_c[0m
[3.102s] [ 21%] Built target more_interfaces__rosidl_typesupport_cpp
[3.105s] [ 30%] Built target more_interfaces__rosidl_typesupport_introspection_cpp
[3.110s] [ 39%] Built target more_interfaces__rosidl_typesupport_fastrtps_cpp
[3.121s] [ 48%] Built target more_interfaces__rosidl_typesupport_introspection_c
[3.125s] [ 57%] Built target more_interfaces__rosidl_typesupport_c
[3.131s] [ 66%] Built target more_interfaces__rosidl_typesupport_fastrtps_c
[3.155s] [ 69%] [32mBuilding CXX object CMakeFiles/publish_address_book.dir/scripts/publish_address_book.cpp.o[0m
[3.175s] [ 69%] Built target more_interfaces
[3.219s] [ 72%] Built target more_interfaces__py
[3.241s] [35m[1mConsolidate compiler generated dependencies of target more_interfaces__rosidl_generator_py[0m
[3.269s] [ 78%] Built target more_interfaces__rosidl_generator_py
[3.298s] [35m[1mConsolidate compiler generated dependencies of target more_interfaces__rosidl_typesupport_c__pyext[0m
[3.299s] [35m[1mConsolidate compiler generated dependencies of target more_interfaces__rosidl_typesupport_fastrtps_c__pyext[0m
[3.300s] [35m[1mConsolidate compiler generated dependencies of target more_interfaces__rosidl_typesupport_introspection_c__pyext[0m
[3.333s] [ 84%] Built target more_interfaces__rosidl_typesupport_c__pyext
[3.334s] [ 90%] Built target more_interfaces__rosidl_typesupport_fastrtps_c__pyext
[3.338s] [ 96%] Built target more_interfaces__rosidl_typesupport_introspection_c__pyext
[3.793s] running egg_info
[3.795s] writing more_interfaces.egg-info/PKG-INFO
[3.796s] writing dependency_links to more_interfaces.egg-info/dependency_links.txt
[3.796s] writing top-level names to more_interfaces.egg-info/top_level.txt
[3.801s] reading manifest file 'more_interfaces.egg-info/SOURCES.txt'
[3.803s] writing manifest file 'more_interfaces.egg-info/SOURCES.txt'
[3.859s] [ 96%] Built target ament_cmake_python_build_more_interfaces_egg
[13.392s] [100%] [32m[1mLinking CXX executable publish_address_book[0m
[13.797s] [100%] Built target publish_address_book
[13.823s] Invoked command in '/home/yusuf/custom_msg_ws/build/more_interfaces' returned '0': CMAKE_PREFIX_PATH=${CMAKE_PREFIX_PATH}:/home/yusuf/tcp/install/tcp_package:/opt/ros/humble /usr/bin/cmake --build /home/yusuf/custom_msg_ws/build/more_interfaces -- -j8 -l8
[13.974s] Invoking command in '/home/yusuf/custom_msg_ws/build/more_interfaces': CMAKE_PREFIX_PATH=${CMAKE_PREFIX_PATH}:/home/yusuf/tcp/install/tcp_package:/opt/ros/humble /usr/bin/cmake --install /home/yusuf/custom_msg_ws/build/more_interfaces
[13.989s] -- Install configuration: ""
[13.990s] -- Up-to-date: /home/yusuf/custom_msg_ws/install/more_interfaces/share/ament_index/resource_index/rosidl_interfaces/more_interfaces
[13.990s] -- Up-to-date: /home/yusuf/custom_msg_ws/install/more_interfaces/include/more_interfaces/more_interfaces
[13.991s] -- Up-to-date: /home/yusuf/custom_msg_ws/install/more_interfaces/include/more_interfaces/more_interfaces/msg
[13.991s] -- Up-to-date: /home/yusuf/custom_msg_ws/install/more_interfaces/include/more_interfaces/more_interfaces/msg/detail
[13.991s] -- Up-to-date: /home/yusuf/custom_msg_ws/install/more_interfaces/include/more_interfaces/more_interfaces/msg/detail/address_book__struct.h
[13.991s] -- Up-to-date: /home/yusuf/custom_msg_ws/install/more_interfaces/include/more_interfaces/more_interfaces/msg/detail/address_book__type_support.h
[13.991s] -- Up-to-date: /home/yusuf/custom_msg_ws/install/more_interfaces/include/more_interfaces/more_interfaces/msg/detail/address_book__functions.c
[13.992s] -- Up-to-date: /home/yusuf/custom_msg_ws/install/more_interfaces/include/more_interfaces/more_interfaces/msg/detail/address_book__functions.h
[13.992s] -- Up-to-date: /home/yusuf/custom_msg_ws/install/more_interfaces/include/more_interfaces/more_interfaces/msg/rosidl_generator_c__visibility_control.h
[13.992s] -- Up-to-date: /home/yusuf/custom_msg_ws/install/more_interfaces/include/more_interfaces/more_interfaces/msg/address_book.h
[13.992s] -- Up-to-date: /home/yusuf/custom_msg_ws/install/more_interfaces/share/more_interfaces/environment/library_path.sh
[13.992s] -- Installing: /home/yusuf/custom_msg_ws/install/more_interfaces/share/more_interfaces/environment/library_path.dsv
[13.992s] -- Up-to-date: /home/yusuf/custom_msg_ws/install/more_interfaces/lib/libmore_interfaces__rosidl_generator_c.so
[13.992s] -- Up-to-date: /home/yusuf/custom_msg_ws/install/more_interfaces/include/more_interfaces/more_interfaces
[13.993s] -- Up-to-date: /home/yusuf/custom_msg_ws/install/more_interfaces/include/more_interfaces/more_interfaces/msg
[13.993s] -- Up-to-date: /home/yusuf/custom_msg_ws/install/more_interfaces/include/more_interfaces/more_interfaces/msg/rosidl_typesupport_fastrtps_c__visibility_control.h
[13.993s] -- Up-to-date: /home/yusuf/custom_msg_ws/install/more_interfaces/include/more_interfaces/more_interfaces/msg/detail
[13.993s] -- Up-to-date: /home/yusuf/custom_msg_ws/install/more_interfaces/include/more_interfaces/more_interfaces/msg/detail/address_book__rosidl_typesupport_fastrtps_c.h
[13.993s] -- Up-to-date: /home/yusuf/custom_msg_ws/install/more_interfaces/lib/libmore_interfaces__rosidl_typesupport_fastrtps_c.so
[13.993s] -- Up-to-date: /home/yusuf/custom_msg_ws/install/more_interfaces/include/more_interfaces/more_interfaces
[13.994s] -- Up-to-date: /home/yusuf/custom_msg_ws/install/more_interfaces/include/more_interfaces/more_interfaces/msg
[13.994s] -- Up-to-date: /home/yusuf/custom_msg_ws/install/more_interfaces/include/more_interfaces/more_interfaces/msg/rosidl_typesupport_introspection_c__visibility_control.h
[13.994s] -- Up-to-date: /home/yusuf/custom_msg_ws/install/more_interfaces/include/more_interfaces/more_interfaces/msg/detail
[13.994s] -- Up-to-date: /home/yusuf/custom_msg_ws/install/more_interfaces/include/more_interfaces/more_interfaces/msg/detail/address_book__type_support.c
[13.994s] -- Up-to-date: /home/yusuf/custom_msg_ws/install/more_interfaces/include/more_interfaces/more_interfaces/msg/detail/address_book__rosidl_typesupport_introspection_c.h
[13.995s] -- Up-to-date: /home/yusuf/custom_msg_ws/install/more_interfaces/lib/libmore_interfaces__rosidl_typesupport_introspection_c.so
[13.995s] -- Up-to-date: /home/yusuf/custom_msg_ws/install/more_interfaces/lib/libmore_interfaces__rosidl_typesupport_c.so
[13.995s] -- Up-to-date: /home/yusuf/custom_msg_ws/install/more_interfaces/include/more_interfaces/more_interfaces
[13.995s] -- Up-to-date: /home/yusuf/custom_msg_ws/install/more_interfaces/include/more_interfaces/more_interfaces/msg
[13.995s] -- Up-to-date: /home/yusuf/custom_msg_ws/install/more_interfaces/include/more_interfaces/more_interfaces/msg/detail
[13.995s] -- Up-to-date: /home/yusuf/custom_msg_ws/install/more_interfaces/include/more_interfaces/more_interfaces/msg/detail/address_book__traits.hpp
[13.996s] -- Up-to-date: /home/yusuf/custom_msg_ws/install/more_interfaces/include/more_interfaces/more_interfaces/msg/detail/address_book__builder.hpp
[13.996s] -- Up-to-date: /home/yusuf/custom_msg_ws/install/more_interfaces/include/more_interfaces/more_interfaces/msg/detail/address_book__struct.hpp
[13.996s] -- Up-to-date: /home/yusuf/custom_msg_ws/install/more_interfaces/include/more_interfaces/more_interfaces/msg/address_book.hpp
[13.996s] -- Up-to-date: /home/yusuf/custom_msg_ws/install/more_interfaces/include/more_interfaces/more_interfaces
[13.996s] -- Up-to-date: /home/yusuf/custom_msg_ws/install/more_interfaces/include/more_interfaces/more_interfaces/msg
[13.997s] -- Up-to-date: /home/yusuf/custom_msg_ws/install/more_interfaces/include/more_interfaces/more_interfaces/msg/detail
[13.997s] -- Up-to-date: /home/yusuf/custom_msg_ws/install/more_interfaces/include/more_interfaces/more_interfaces/msg/detail/dds_fastrtps
[13.997s] -- Up-to-date: /home/yusuf/custom_msg_ws/install/more_interfaces/include/more_interfaces/more_interfaces/msg/detail/address_book__rosidl_typesupport_fastrtps_cpp.hpp
[13.997s] -- Up-to-date: /home/yusuf/custom_msg_ws/install/more_interfaces/include/more_interfaces/more_interfaces/msg/rosidl_typesupport_fastrtps_cpp__visibility_control.h
[13.997s] -- Up-to-date: /home/yusuf/custom_msg_ws/install/more_interfaces/lib/libmore_interfaces__rosidl_typesupport_fastrtps_cpp.so
[13.998s] -- Up-to-date: /home/yusuf/custom_msg_ws/install/more_interfaces/include/more_interfaces/more_interfaces
[13.998s] -- Up-to-date: /home/yusuf/custom_msg_ws/install/more_interfaces/include/more_interfaces/more_interfaces/msg
[13.999s] -- Up-to-date: /home/yusuf/custom_msg_ws/install/more_interfaces/include/more_interfaces/more_interfaces/msg/detail
[13.999s] -- Up-to-date: /home/yusuf/custom_msg_ws/install/more_interfaces/include/more_interfaces/more_interfaces/msg/detail/address_book__type_support.cpp
[14.000s] -- Up-to-date: /home/yusuf/custom_msg_ws/install/more_interfaces/include/more_interfaces/more_interfaces/msg/detail/address_book__rosidl_typesupport_introspection_cpp.hpp
[14.000s] -- Up-to-date: /home/yusuf/custom_msg_ws/install/more_interfaces/lib/libmore_interfaces__rosidl_typesupport_introspection_cpp.so
[14.000s] -- Up-to-date: /home/yusuf/custom_msg_ws/install/more_interfaces/lib/libmore_interfaces__rosidl_typesupport_cpp.so
[14.001s] -- Up-to-date: /home/yusuf/custom_msg_ws/install/more_interfaces/share/more_interfaces/environment/pythonpath.sh
[14.001s] -- Installing: /home/yusuf/custom_msg_ws/install/more_interfaces/share/more_interfaces/environment/pythonpath.dsv
[14.001s] -- Up-to-date: /home/yusuf/custom_msg_ws/install/more_interfaces/local/lib/python3.10/dist-packages/more_interfaces-0.0.0-py3.10.egg-info
[14.001s] -- Installing: /home/yusuf/custom_msg_ws/install/more_interfaces/local/lib/python3.10/dist-packages/more_interfaces-0.0.0-py3.10.egg-info/dependency_links.txt
[14.002s] -- Installing: /home/yusuf/custom_msg_ws/install/more_interfaces/local/lib/python3.10/dist-packages/more_interfaces-0.0.0-py3.10.egg-info/SOURCES.txt
[14.002s] -- Installing: /home/yusuf/custom_msg_ws/install/more_interfaces/local/lib/python3.10/dist-packages/more_interfaces-0.0.0-py3.10.egg-info/top_level.txt
[14.002s] -- Installing: /home/yusuf/custom_msg_ws/install/more_interfaces/local/lib/python3.10/dist-packages/more_interfaces-0.0.0-py3.10.egg-info/PKG-INFO
[14.002s] -- Up-to-date: /home/yusuf/custom_msg_ws/install/more_interfaces/local/lib/python3.10/dist-packages/more_interfaces
[14.002s] -- Up-to-date: /home/yusuf/custom_msg_ws/install/more_interfaces/local/lib/python3.10/dist-packages/more_interfaces/more_interfaces_s__rosidl_typesupport_fastrtps_c.cpython-310-x86_64-linux-gnu.so
[14.002s] -- Up-to-date: /home/yusuf/custom_msg_ws/install/more_interfaces/local/lib/python3.10/dist-packages/more_interfaces/libmore_interfaces__rosidl_generator_py.so
[14.002s] -- Up-to-date: /home/yusuf/custom_msg_ws/install/more_interfaces/local/lib/python3.10/dist-packages/more_interfaces/more_interfaces_s__rosidl_typesupport_c.cpython-310-x86_64-linux-gnu.so
[14.002s] -- Up-to-date: /home/yusuf/custom_msg_ws/install/more_interfaces/local/lib/python3.10/dist-packages/more_interfaces/_more_interfaces_s.ep.rosidl_typesupport_introspection_c.c
[14.003s] -- Up-to-date: /home/yusuf/custom_msg_ws/install/more_interfaces/local/lib/python3.10/dist-packages/more_interfaces/_more_interfaces_s.ep.rosidl_typesupport_fastrtps_c.c
[14.003s] -- Up-to-date: /home/yusuf/custom_msg_ws/install/more_interfaces/local/lib/python3.10/dist-packages/more_interfaces/_more_interfaces_s.ep.rosidl_typesupport_c.c
[14.003s] -- Up-to-date: /home/yusuf/custom_msg_ws/install/more_interfaces/local/lib/python3.10/dist-packages/more_interfaces/more_interfaces_s__rosidl_typesupport_introspection_c.cpython-310-x86_64-linux-gnu.so
[14.003s] -- Up-to-date: /home/yusuf/custom_msg_ws/install/more_interfaces/local/lib/python3.10/dist-packages/more_interfaces/msg
[14.003s] -- Up-to-date: /home/yusuf/custom_msg_ws/install/more_interfaces/local/lib/python3.10/dist-packages/more_interfaces/msg/_address_book_s.c
[14.003s] -- Up-to-date: /home/yusuf/custom_msg_ws/install/more_interfaces/local/lib/python3.10/dist-packages/more_interfaces/msg/_address_book.py
[14.003s] -- Up-to-date: /home/yusuf/custom_msg_ws/install/more_interfaces/local/lib/python3.10/dist-packages/more_interfaces/msg/__init__.py
[14.003s] -- Installing: /home/yusuf/custom_msg_ws/install/more_interfaces/local/lib/python3.10/dist-packages/more_interfaces/__init__.py
[14.075s] Listing '/home/yusuf/custom_msg_ws/install/more_interfaces/local/lib/python3.10/dist-packages/more_interfaces'...
[14.075s] Compiling '/home/yusuf/custom_msg_ws/install/more_interfaces/local/lib/python3.10/dist-packages/more_interfaces/__init__.py'...
[14.075s] Listing '/home/yusuf/custom_msg_ws/install/more_interfaces/local/lib/python3.10/dist-packages/more_interfaces/msg'...
[14.085s] -- Up-to-date: /home/yusuf/custom_msg_ws/install/more_interfaces/local/lib/python3.10/dist-packages/more_interfaces/more_interfaces_s__rosidl_typesupport_fastrtps_c.cpython-310-x86_64-linux-gnu.so
[14.085s] -- Up-to-date: /home/yusuf/custom_msg_ws/install/more_interfaces/local/lib/python3.10/dist-packages/more_interfaces/more_interfaces_s__rosidl_typesupport_introspection_c.cpython-310-x86_64-linux-gnu.so
[14.086s] -- Up-to-date: /home/yusuf/custom_msg_ws/install/more_interfaces/local/lib/python3.10/dist-packages/more_interfaces/more_interfaces_s__rosidl_typesupport_c.cpython-310-x86_64-linux-gnu.so
[14.087s] -- Up-to-date: /home/yusuf/custom_msg_ws/install/more_interfaces/lib/libmore_interfaces__rosidl_generator_py.so
[14.087s] -- Up-to-date: /home/yusuf/custom_msg_ws/install/more_interfaces/share/more_interfaces/msg/AddressBook.idl
[14.088s] -- Up-to-date: /home/yusuf/custom_msg_ws/install/more_interfaces/share/more_interfaces/msg/AddressBook.msg
[14.088s] -- Installing: /home/yusuf/custom_msg_ws/install/more_interfaces/lib/more_interfaces/publish_address_book
[14.091s] -- Set runtime path of "/home/yusuf/custom_msg_ws/install/more_interfaces/lib/more_interfaces/publish_address_book" to ""
[14.091s] -- Installing: /home/yusuf/custom_msg_ws/install/more_interfaces/lib/more_interfaces/publish_address.py
[14.091s] -- Up-to-date: /home/yusuf/custom_msg_ws/install/more_interfaces/share/ament_index/resource_index/package_run_dependencies/more_interfaces
[14.092s] -- Up-to-date: /home/yusuf/custom_msg_ws/install/more_interfaces/share/ament_index/resource_index/parent_prefix_path/more_interfaces
[14.092s] -- Up-to-date: /home/yusuf/custom_msg_ws/install/more_interfaces/share/more_interfaces/environment/ament_prefix_path.sh
[14.092s] -- Installing: /home/yusuf/custom_msg_ws/install/more_interfaces/share/more_interfaces/environment/ament_prefix_path.dsv
[14.092s] -- Up-to-date: /home/yusuf/custom_msg_ws/install/more_interfaces/share/more_interfaces/environment/path.sh
[14.093s] -- Installing: /home/yusuf/custom_msg_ws/install/more_interfaces/share/more_interfaces/environment/path.dsv
[14.093s] -- Up-to-date: /home/yusuf/custom_msg_ws/install/more_interfaces/share/more_interfaces/local_setup.bash
[14.093s] -- Up-to-date: /home/yusuf/custom_msg_ws/install/more_interfaces/share/more_interfaces/local_setup.sh
[14.093s] -- Up-to-date: /home/yusuf/custom_msg_ws/install/more_interfaces/share/more_interfaces/local_setup.zsh
[14.094s] -- Installing: /home/yusuf/custom_msg_ws/install/more_interfaces/share/more_interfaces/local_setup.dsv
[14.094s] -- Installing: /home/yusuf/custom_msg_ws/install/more_interfaces/share/more_interfaces/package.dsv
[14.094s] -- Up-to-date: /home/yusuf/custom_msg_ws/install/more_interfaces/share/ament_index/resource_index/packages/more_interfaces
[14.095s] -- Up-to-date: /home/yusuf/custom_msg_ws/install/more_interfaces/share/more_interfaces/cmake/export_more_interfaces__rosidl_generator_cExport.cmake
[14.095s] -- Up-to-date: /home/yusuf/custom_msg_ws/install/more_interfaces/share/more_interfaces/cmake/export_more_interfaces__rosidl_generator_cExport-noconfig.cmake
[14.095s] -- Up-to-date: /home/yusuf/custom_msg_ws/install/more_interfaces/share/more_interfaces/cmake/export_more_interfaces__rosidl_typesupport_fastrtps_cExport.cmake
[14.095s] -- Up-to-date: /home/yusuf/custom_msg_ws/install/more_interfaces/share/more_interfaces/cmake/export_more_interfaces__rosidl_typesupport_fastrtps_cExport-noconfig.cmake
[14.096s] -- Up-to-date: /home/yusuf/custom_msg_ws/install/more_interfaces/share/more_interfaces/cmake/more_interfaces__rosidl_typesupport_introspection_cExport.cmake
[14.096s] -- Up-to-date: /home/yusuf/custom_msg_ws/install/more_interfaces/share/more_interfaces/cmake/more_interfaces__rosidl_typesupport_introspection_cExport-noconfig.cmake
[14.096s] -- Up-to-date: /home/yusuf/custom_msg_ws/install/more_interfaces/share/more_interfaces/cmake/more_interfaces__rosidl_typesupport_cExport.cmake
[14.097s] -- Up-to-date: /home/yusuf/custom_msg_ws/install/more_interfaces/share/more_interfaces/cmake/more_interfaces__rosidl_typesupport_cExport-noconfig.cmake
[14.097s] -- Up-to-date: /home/yusuf/custom_msg_ws/install/more_interfaces/share/more_interfaces/cmake/export_more_interfaces__rosidl_generator_cppExport.cmake
[14.097s] -- Up-to-date: /home/yusuf/custom_msg_ws/install/more_interfaces/share/more_interfaces/cmake/export_more_interfaces__rosidl_typesupport_fastrtps_cppExport.cmake
[14.098s] -- Up-to-date: /home/yusuf/custom_msg_ws/install/more_interfaces/share/more_interfaces/cmake/export_more_interfaces__rosidl_typesupport_fastrtps_cppExport-noconfig.cmake
[14.098s] -- Up-to-date: /home/yusuf/custom_msg_ws/install/more_interfaces/share/more_interfaces/cmake/more_interfaces__rosidl_typesupport_introspection_cppExport.cmake
[14.098s] -- Up-to-date: /home/yusuf/custom_msg_ws/install/more_interfaces/share/more_interfaces/cmake/more_interfaces__rosidl_typesupport_introspection_cppExport-noconfig.cmake
[14.099s] -- Up-to-date: /home/yusuf/custom_msg_ws/install/more_interfaces/share/more_interfaces/cmake/more_interfaces__rosidl_typesupport_cppExport.cmake
[14.099s] -- Up-to-date: /home/yusuf/custom_msg_ws/install/more_interfaces/share/more_interfaces/cmake/more_interfaces__rosidl_typesupport_cppExport-noconfig.cmake
[14.099s] -- Up-to-date: /home/yusuf/custom_msg_ws/install/more_interfaces/share/more_interfaces/cmake/export_more_interfaces__rosidl_generator_pyExport.cmake
[14.100s] -- Up-to-date: /home/yusuf/custom_msg_ws/install/more_interfaces/share/more_interfaces/cmake/export_more_interfaces__rosidl_generator_pyExport-noconfig.cmake
[14.100s] -- Up-to-date: /home/yusuf/custom_msg_ws/install/more_interfaces/share/more_interfaces/cmake/rosidl_cmake-extras.cmake
[14.100s] -- Up-to-date: /home/yusuf/custom_msg_ws/install/more_interfaces/share/more_interfaces/cmake/ament_cmake_export_include_directories-extras.cmake
[14.100s] -- Up-to-date: /home/yusuf/custom_msg_ws/install/more_interfaces/share/more_interfaces/cmake/ament_cmake_export_libraries-extras.cmake
[14.100s] -- Up-to-date: /home/yusuf/custom_msg_ws/install/more_interfaces/share/more_interfaces/cmake/ament_cmake_export_targets-extras.cmake
[14.101s] -- Up-to-date: /home/yusuf/custom_msg_ws/install/more_interfaces/share/more_interfaces/cmake/rosidl_cmake_export_typesupport_targets-extras.cmake
[14.101s] -- Up-to-date: /home/yusuf/custom_msg_ws/install/more_interfaces/share/more_interfaces/cmake/ament_cmake_export_dependencies-extras.cmake
[14.101s] -- Up-to-date: /home/yusuf/custom_msg_ws/install/more_interfaces/share/more_interfaces/cmake/rosidl_cmake_export_typesupport_libraries-extras.cmake
[14.101s] -- Up-to-date: /home/yusuf/custom_msg_ws/install/more_interfaces/share/more_interfaces/cmake/more_interfacesConfig.cmake
[14.102s] -- Up-to-date: /home/yusuf/custom_msg_ws/install/more_interfaces/share/more_interfaces/cmake/more_interfacesConfig-version.cmake
[14.102s] -- Up-to-date: /home/yusuf/custom_msg_ws/install/more_interfaces/share/more_interfaces/package.xml
[14.105s] Invoked command in '/home/yusuf/custom_msg_ws/build/more_interfaces' returned '0': CMAKE_PREFIX_PATH=${CMAKE_PREFIX_PATH}:/home/yusuf/tcp/install/tcp_package:/opt/ros/humble /usr/bin/cmake --install /home/yusuf/custom_msg_ws/build/more_interfaces
