[0.042s] Invoking command in '/home/yusuf/custom_msg_ws/build/more_interfaces': CMAKE_PREFIX_PATH=${CMAKE_PREFIX_PATH}:/home/yusuf/ros2_usb_com_ws/install/usb_ros_com:/home/yusuf/tcp/install/tcp_package:/opt/ros/humble /usr/bin/cmake --build /home/yusuf/custom_msg_ws/build/more_interfaces -- -j8 -l8
[0.147s] [  3%] Built target more_interfaces__cpp
[0.150s] [ 12%] Built target more_interfaces__rosidl_generator_c
[0.210s] [ 12%] Built target ament_cmake_python_copy_more_interfaces
[0.227s] [ 21%] Built target more_interfaces__rosidl_typesupport_introspection_cpp
[0.228s] [ 33%] Built target more_interfaces__rosidl_typesupport_fastrtps_cpp
[0.229s] [ 39%] Built target more_interfaces__rosidl_typesupport_cpp
[0.234s] [ 48%] Built target more_interfaces__rosidl_typesupport_introspection_c
[0.235s] [ 57%] Built target more_interfaces__rosidl_typesupport_fastrtps_c
[0.239s] [ 66%] Built target more_interfaces__rosidl_typesupport_c
[0.283s] [ 66%] Built target more_interfaces
[0.294s] [ 72%] Built target publish_address_book
[0.328s] [ 75%] Built target more_interfaces__py
[0.375s] [ 81%] Built target more_interfaces__rosidl_generator_py
[0.428s] [ 90%] Built target more_interfaces__rosidl_typesupport_c__pyext
[0.429s] [ 93%] Built target more_interfaces__rosidl_typesupport_fastrtps_c__pyext
[0.448s] [100%] Built target more_interfaces__rosidl_typesupport_introspection_c__pyext
[0.928s] running egg_info
[0.930s] writing more_interfaces.egg-info/PKG-INFO
[0.932s] writing dependency_links to more_interfaces.egg-info/dependency_links.txt
[0.933s] writing top-level names to more_interfaces.egg-info/top_level.txt
[0.940s] reading manifest file 'more_interfaces.egg-info/SOURCES.txt'
[0.942s] writing manifest file 'more_interfaces.egg-info/SOURCES.txt'
[1.001s] [100%] Built target ament_cmake_python_build_more_interfaces_egg
[1.025s] Invoked command in '/home/yusuf/custom_msg_ws/build/more_interfaces' returned '0': CMAKE_PREFIX_PATH=${CMAKE_PREFIX_PATH}:/home/yusuf/ros2_usb_com_ws/install/usb_ros_com:/home/yusuf/tcp/install/tcp_package:/opt/ros/humble /usr/bin/cmake --build /home/yusuf/custom_msg_ws/build/more_interfaces -- -j8 -l8
[1.207s] Invoking command in '/home/yusuf/custom_msg_ws/build/more_interfaces': CMAKE_PREFIX_PATH=${CMAKE_PREFIX_PATH}:/home/yusuf/ros2_usb_com_ws/install/usb_ros_com:/home/yusuf/tcp/install/tcp_package:/opt/ros/humble /usr/bin/cmake --install /home/yusuf/custom_msg_ws/build/more_interfaces
[1.225s] -- Install configuration: ""
[1.225s] -- Up-to-date: /home/yusuf/custom_msg_ws/install/more_interfaces/share/ament_index/resource_index/rosidl_interfaces/more_interfaces
[1.225s] -- Up-to-date: /home/yusuf/custom_msg_ws/install/more_interfaces/include/more_interfaces/more_interfaces
[1.226s] -- Up-to-date: /home/yusuf/custom_msg_ws/install/more_interfaces/include/more_interfaces/more_interfaces/msg
[1.226s] -- Up-to-date: /home/yusuf/custom_msg_ws/install/more_interfaces/include/more_interfaces/more_interfaces/msg/detail
[1.227s] -- Up-to-date: /home/yusuf/custom_msg_ws/install/more_interfaces/include/more_interfaces/more_interfaces/msg/detail/address_book__struct.h
[1.227s] -- Up-to-date: /home/yusuf/custom_msg_ws/install/more_interfaces/include/more_interfaces/more_interfaces/msg/detail/address_book__type_support.h
[1.228s] -- Up-to-date: /home/yusuf/custom_msg_ws/install/more_interfaces/include/more_interfaces/more_interfaces/msg/detail/address_book__functions.c
[1.228s] -- Up-to-date: /home/yusuf/custom_msg_ws/install/more_interfaces/include/more_interfaces/more_interfaces/msg/detail/address_book__functions.h
[1.228s] -- Up-to-date: /home/yusuf/custom_msg_ws/install/more_interfaces/include/more_interfaces/more_interfaces/msg/rosidl_generator_c__visibility_control.h
[1.229s] -- Up-to-date: /home/yusuf/custom_msg_ws/install/more_interfaces/include/more_interfaces/more_interfaces/msg/address_book.h
[1.229s] -- Up-to-date: /home/yusuf/custom_msg_ws/install/more_interfaces/share/more_interfaces/environment/library_path.sh
[1.230s] -- Up-to-date: /home/yusuf/custom_msg_ws/install/more_interfaces/share/more_interfaces/environment/library_path.dsv
[1.230s] -- Up-to-date: /home/yusuf/custom_msg_ws/install/more_interfaces/lib/libmore_interfaces__rosidl_generator_c.so
[1.230s] -- Up-to-date: /home/yusuf/custom_msg_ws/install/more_interfaces/include/more_interfaces/more_interfaces
[1.231s] -- Up-to-date: /home/yusuf/custom_msg_ws/install/more_interfaces/include/more_interfaces/more_interfaces/msg
[1.231s] -- Up-to-date: /home/yusuf/custom_msg_ws/install/more_interfaces/include/more_interfaces/more_interfaces/msg/rosidl_typesupport_fastrtps_c__visibility_control.h
[1.231s] -- Up-to-date: /home/yusuf/custom_msg_ws/install/more_interfaces/include/more_interfaces/more_interfaces/msg/detail
[1.232s] -- Up-to-date: /home/yusuf/custom_msg_ws/install/more_interfaces/include/more_interfaces/more_interfaces/msg/detail/address_book__rosidl_typesupport_fastrtps_c.h
[1.232s] -- Up-to-date: /home/yusuf/custom_msg_ws/install/more_interfaces/lib/libmore_interfaces__rosidl_typesupport_fastrtps_c.so
[1.233s] -- Up-to-date: /home/yusuf/custom_msg_ws/install/more_interfaces/include/more_interfaces/more_interfaces
[1.233s] -- Up-to-date: /home/yusuf/custom_msg_ws/install/more_interfaces/include/more_interfaces/more_interfaces/msg
[1.233s] -- Up-to-date: /home/yusuf/custom_msg_ws/install/more_interfaces/include/more_interfaces/more_interfaces/msg/rosidl_typesupport_introspection_c__visibility_control.h
[1.234s] -- Up-to-date: /home/yusuf/custom_msg_ws/install/more_interfaces/include/more_interfaces/more_interfaces/msg/detail
[1.234s] -- Up-to-date: /home/yusuf/custom_msg_ws/install/more_interfaces/include/more_interfaces/more_interfaces/msg/detail/address_book__type_support.c
[1.235s] -- Up-to-date: /home/yusuf/custom_msg_ws/install/more_interfaces/include/more_interfaces/more_interfaces/msg/detail/address_book__rosidl_typesupport_introspection_c.h
[1.235s] -- Up-to-date: /home/yusuf/custom_msg_ws/install/more_interfaces/lib/libmore_interfaces__rosidl_typesupport_introspection_c.so
[1.235s] -- Up-to-date: /home/yusuf/custom_msg_ws/install/more_interfaces/lib/libmore_interfaces__rosidl_typesupport_c.so
[1.236s] -- Up-to-date: /home/yusuf/custom_msg_ws/install/more_interfaces/include/more_interfaces/more_interfaces
[1.236s] -- Up-to-date: /home/yusuf/custom_msg_ws/install/more_interfaces/include/more_interfaces/more_interfaces/msg
[1.237s] -- Up-to-date: /home/yusuf/custom_msg_ws/install/more_interfaces/include/more_interfaces/more_interfaces/msg/detail
[1.237s] -- Up-to-date: /home/yusuf/custom_msg_ws/install/more_interfaces/include/more_interfaces/more_interfaces/msg/detail/address_book__traits.hpp
[1.237s] -- Up-to-date: /home/yusuf/custom_msg_ws/install/more_interfaces/include/more_interfaces/more_interfaces/msg/detail/address_book__builder.hpp
[1.238s] -- Up-to-date: /home/yusuf/custom_msg_ws/install/more_interfaces/include/more_interfaces/more_interfaces/msg/detail/address_book__struct.hpp
[1.238s] -- Up-to-date: /home/yusuf/custom_msg_ws/install/more_interfaces/include/more_interfaces/more_interfaces/msg/address_book.hpp
[1.238s] -- Up-to-date: /home/yusuf/custom_msg_ws/install/more_interfaces/include/more_interfaces/more_interfaces
[1.239s] -- Up-to-date: /home/yusuf/custom_msg_ws/install/more_interfaces/include/more_interfaces/more_interfaces/msg
[1.239s] -- Up-to-date: /home/yusuf/custom_msg_ws/install/more_interfaces/include/more_interfaces/more_interfaces/msg/detail
[1.240s] -- Up-to-date: /home/yusuf/custom_msg_ws/install/more_interfaces/include/more_interfaces/more_interfaces/msg/detail/dds_fastrtps
[1.240s] -- Up-to-date: /home/yusuf/custom_msg_ws/install/more_interfaces/include/more_interfaces/more_interfaces/msg/detail/address_book__rosidl_typesupport_fastrtps_cpp.hpp
[1.240s] -- Up-to-date: /home/yusuf/custom_msg_ws/install/more_interfaces/include/more_interfaces/more_interfaces/msg/rosidl_typesupport_fastrtps_cpp__visibility_control.h
[1.241s] -- Up-to-date: /home/yusuf/custom_msg_ws/install/more_interfaces/lib/libmore_interfaces__rosidl_typesupport_fastrtps_cpp.so
[1.241s] -- Up-to-date: /home/yusuf/custom_msg_ws/install/more_interfaces/include/more_interfaces/more_interfaces
[1.241s] -- Up-to-date: /home/yusuf/custom_msg_ws/install/more_interfaces/include/more_interfaces/more_interfaces/msg
[1.242s] -- Up-to-date: /home/yusuf/custom_msg_ws/install/more_interfaces/include/more_interfaces/more_interfaces/msg/detail
[1.242s] -- Up-to-date: /home/yusuf/custom_msg_ws/install/more_interfaces/include/more_interfaces/more_interfaces/msg/detail/address_book__type_support.cpp
[1.242s] -- Up-to-date: /home/yusuf/custom_msg_ws/install/more_interfaces/include/more_interfaces/more_interfaces/msg/detail/address_book__rosidl_typesupport_introspection_cpp.hpp
[1.242s] -- Up-to-date: /home/yusuf/custom_msg_ws/install/more_interfaces/lib/libmore_interfaces__rosidl_typesupport_introspection_cpp.so
[1.243s] -- Up-to-date: /home/yusuf/custom_msg_ws/install/more_interfaces/lib/libmore_interfaces__rosidl_typesupport_cpp.so
[1.243s] -- Up-to-date: /home/yusuf/custom_msg_ws/install/more_interfaces/share/more_interfaces/environment/pythonpath.sh
[1.243s] -- Up-to-date: /home/yusuf/custom_msg_ws/install/more_interfaces/share/more_interfaces/environment/pythonpath.dsv
[1.243s] -- Up-to-date: /home/yusuf/custom_msg_ws/install/more_interfaces/local/lib/python3.10/dist-packages/more_interfaces-0.0.0-py3.10.egg-info
[1.244s] -- Installing: /home/yusuf/custom_msg_ws/install/more_interfaces/local/lib/python3.10/dist-packages/more_interfaces-0.0.0-py3.10.egg-info/dependency_links.txt
[1.244s] -- Installing: /home/yusuf/custom_msg_ws/install/more_interfaces/local/lib/python3.10/dist-packages/more_interfaces-0.0.0-py3.10.egg-info/SOURCES.txt
[1.244s] -- Installing: /home/yusuf/custom_msg_ws/install/more_interfaces/local/lib/python3.10/dist-packages/more_interfaces-0.0.0-py3.10.egg-info/top_level.txt
[1.245s] -- Installing: /home/yusuf/custom_msg_ws/install/more_interfaces/local/lib/python3.10/dist-packages/more_interfaces-0.0.0-py3.10.egg-info/PKG-INFO
[1.245s] -- Up-to-date: /home/yusuf/custom_msg_ws/install/more_interfaces/local/lib/python3.10/dist-packages/more_interfaces
[1.245s] -- Up-to-date: /home/yusuf/custom_msg_ws/install/more_interfaces/local/lib/python3.10/dist-packages/more_interfaces/more_interfaces_s__rosidl_typesupport_fastrtps_c.cpython-310-x86_64-linux-gnu.so
[1.245s] -- Up-to-date: /home/yusuf/custom_msg_ws/install/more_interfaces/local/lib/python3.10/dist-packages/more_interfaces/libmore_interfaces__rosidl_generator_py.so
[1.246s] -- Up-to-date: /home/yusuf/custom_msg_ws/install/more_interfaces/local/lib/python3.10/dist-packages/more_interfaces/more_interfaces_s__rosidl_typesupport_c.cpython-310-x86_64-linux-gnu.so
[1.246s] -- Up-to-date: /home/yusuf/custom_msg_ws/install/more_interfaces/local/lib/python3.10/dist-packages/more_interfaces/_more_interfaces_s.ep.rosidl_typesupport_introspection_c.c
[1.246s] -- Up-to-date: /home/yusuf/custom_msg_ws/install/more_interfaces/local/lib/python3.10/dist-packages/more_interfaces/_more_interfaces_s.ep.rosidl_typesupport_fastrtps_c.c
[1.247s] -- Up-to-date: /home/yusuf/custom_msg_ws/install/more_interfaces/local/lib/python3.10/dist-packages/more_interfaces/_more_interfaces_s.ep.rosidl_typesupport_c.c
[1.247s] -- Up-to-date: /home/yusuf/custom_msg_ws/install/more_interfaces/local/lib/python3.10/dist-packages/more_interfaces/more_interfaces_s__rosidl_typesupport_introspection_c.cpython-310-x86_64-linux-gnu.so
[1.247s] -- Up-to-date: /home/yusuf/custom_msg_ws/install/more_interfaces/local/lib/python3.10/dist-packages/more_interfaces/msg
[1.247s] -- Up-to-date: /home/yusuf/custom_msg_ws/install/more_interfaces/local/lib/python3.10/dist-packages/more_interfaces/msg/_address_book_s.c
[1.248s] -- Up-to-date: /home/yusuf/custom_msg_ws/install/more_interfaces/local/lib/python3.10/dist-packages/more_interfaces/msg/_address_book.py
[1.248s] -- Up-to-date: /home/yusuf/custom_msg_ws/install/more_interfaces/local/lib/python3.10/dist-packages/more_interfaces/msg/__init__.py
[1.248s] -- Up-to-date: /home/yusuf/custom_msg_ws/install/more_interfaces/local/lib/python3.10/dist-packages/more_interfaces/__init__.py
[1.321s] Listing '/home/yusuf/custom_msg_ws/install/more_interfaces/local/lib/python3.10/dist-packages/more_interfaces'...
[1.321s] Listing '/home/yusuf/custom_msg_ws/install/more_interfaces/local/lib/python3.10/dist-packages/more_interfaces/msg'...
[1.331s] -- Up-to-date: /home/yusuf/custom_msg_ws/install/more_interfaces/local/lib/python3.10/dist-packages/more_interfaces/more_interfaces_s__rosidl_typesupport_fastrtps_c.cpython-310-x86_64-linux-gnu.so
[1.332s] -- Up-to-date: /home/yusuf/custom_msg_ws/install/more_interfaces/local/lib/python3.10/dist-packages/more_interfaces/more_interfaces_s__rosidl_typesupport_introspection_c.cpython-310-x86_64-linux-gnu.so
[1.332s] -- Up-to-date: /home/yusuf/custom_msg_ws/install/more_interfaces/local/lib/python3.10/dist-packages/more_interfaces/more_interfaces_s__rosidl_typesupport_c.cpython-310-x86_64-linux-gnu.so
[1.333s] -- Up-to-date: /home/yusuf/custom_msg_ws/install/more_interfaces/lib/libmore_interfaces__rosidl_generator_py.so
[1.333s] -- Up-to-date: /home/yusuf/custom_msg_ws/install/more_interfaces/share/more_interfaces/msg/AddressBook.idl
[1.334s] -- Up-to-date: /home/yusuf/custom_msg_ws/install/more_interfaces/share/more_interfaces/msg/AddressBook.msg
[1.334s] -- Up-to-date: /home/yusuf/custom_msg_ws/install/more_interfaces/lib/more_interfaces/publish_address_book
[1.334s] -- Installing: /home/yusuf/custom_msg_ws/install/more_interfaces/lib/more_interfaces/publish_address.py
[1.335s] -- Installing: /home/yusuf/custom_msg_ws/install/more_interfaces/lib/more_interfaces/subtry.py
[1.336s] -- Up-to-date: /home/yusuf/custom_msg_ws/install/more_interfaces/share/ament_index/resource_index/package_run_dependencies/more_interfaces
[1.337s] -- Up-to-date: /home/yusuf/custom_msg_ws/install/more_interfaces/share/ament_index/resource_index/parent_prefix_path/more_interfaces
[1.337s] -- Up-to-date: /home/yusuf/custom_msg_ws/install/more_interfaces/share/more_interfaces/environment/ament_prefix_path.sh
[1.338s] -- Up-to-date: /home/yusuf/custom_msg_ws/install/more_interfaces/share/more_interfaces/environment/ament_prefix_path.dsv
[1.338s] -- Up-to-date: /home/yusuf/custom_msg_ws/install/more_interfaces/share/more_interfaces/environment/path.sh
[1.339s] -- Up-to-date: /home/yusuf/custom_msg_ws/install/more_interfaces/share/more_interfaces/environment/path.dsv
[1.339s] -- Up-to-date: /home/yusuf/custom_msg_ws/install/more_interfaces/share/more_interfaces/local_setup.bash
[1.340s] -- Up-to-date: /home/yusuf/custom_msg_ws/install/more_interfaces/share/more_interfaces/local_setup.sh
[1.340s] -- Up-to-date: /home/yusuf/custom_msg_ws/install/more_interfaces/share/more_interfaces/local_setup.zsh
[1.341s] -- Up-to-date: /home/yusuf/custom_msg_ws/install/more_interfaces/share/more_interfaces/local_setup.dsv
[1.341s] -- Installing: /home/yusuf/custom_msg_ws/install/more_interfaces/share/more_interfaces/package.dsv
[1.342s] -- Up-to-date: /home/yusuf/custom_msg_ws/install/more_interfaces/share/ament_index/resource_index/packages/more_interfaces
[1.342s] -- Up-to-date: /home/yusuf/custom_msg_ws/install/more_interfaces/share/more_interfaces/cmake/export_more_interfaces__rosidl_generator_cExport.cmake
[1.343s] -- Up-to-date: /home/yusuf/custom_msg_ws/install/more_interfaces/share/more_interfaces/cmake/export_more_interfaces__rosidl_generator_cExport-noconfig.cmake
[1.343s] -- Up-to-date: /home/yusuf/custom_msg_ws/install/more_interfaces/share/more_interfaces/cmake/export_more_interfaces__rosidl_typesupport_fastrtps_cExport.cmake
[1.343s] -- Up-to-date: /home/yusuf/custom_msg_ws/install/more_interfaces/share/more_interfaces/cmake/export_more_interfaces__rosidl_typesupport_fastrtps_cExport-noconfig.cmake
[1.343s] -- Up-to-date: /home/yusuf/custom_msg_ws/install/more_interfaces/share/more_interfaces/cmake/more_interfaces__rosidl_typesupport_introspection_cExport.cmake
[1.344s] -- Up-to-date: /home/yusuf/custom_msg_ws/install/more_interfaces/share/more_interfaces/cmake/more_interfaces__rosidl_typesupport_introspection_cExport-noconfig.cmake
[1.344s] -- Up-to-date: /home/yusuf/custom_msg_ws/install/more_interfaces/share/more_interfaces/cmake/more_interfaces__rosidl_typesupport_cExport.cmake
[1.344s] -- Up-to-date: /home/yusuf/custom_msg_ws/install/more_interfaces/share/more_interfaces/cmake/more_interfaces__rosidl_typesupport_cExport-noconfig.cmake
[1.345s] -- Up-to-date: /home/yusuf/custom_msg_ws/install/more_interfaces/share/more_interfaces/cmake/export_more_interfaces__rosidl_generator_cppExport.cmake
[1.345s] -- Up-to-date: /home/yusuf/custom_msg_ws/install/more_interfaces/share/more_interfaces/cmake/export_more_interfaces__rosidl_typesupport_fastrtps_cppExport.cmake
[1.345s] -- Up-to-date: /home/yusuf/custom_msg_ws/install/more_interfaces/share/more_interfaces/cmake/export_more_interfaces__rosidl_typesupport_fastrtps_cppExport-noconfig.cmake
[1.345s] -- Up-to-date: /home/yusuf/custom_msg_ws/install/more_interfaces/share/more_interfaces/cmake/more_interfaces__rosidl_typesupport_introspection_cppExport.cmake
[1.346s] -- Up-to-date: /home/yusuf/custom_msg_ws/install/more_interfaces/share/more_interfaces/cmake/more_interfaces__rosidl_typesupport_introspection_cppExport-noconfig.cmake
[1.346s] -- Up-to-date: /home/yusuf/custom_msg_ws/install/more_interfaces/share/more_interfaces/cmake/more_interfaces__rosidl_typesupport_cppExport.cmake
[1.346s] -- Up-to-date: /home/yusuf/custom_msg_ws/install/more_interfaces/share/more_interfaces/cmake/more_interfaces__rosidl_typesupport_cppExport-noconfig.cmake
[1.347s] -- Up-to-date: /home/yusuf/custom_msg_ws/install/more_interfaces/share/more_interfaces/cmake/export_more_interfaces__rosidl_generator_pyExport.cmake
[1.347s] -- Up-to-date: /home/yusuf/custom_msg_ws/install/more_interfaces/share/more_interfaces/cmake/export_more_interfaces__rosidl_generator_pyExport-noconfig.cmake
[1.347s] -- Up-to-date: /home/yusuf/custom_msg_ws/install/more_interfaces/share/more_interfaces/cmake/rosidl_cmake-extras.cmake
[1.348s] -- Up-to-date: /home/yusuf/custom_msg_ws/install/more_interfaces/share/more_interfaces/cmake/ament_cmake_export_include_directories-extras.cmake
[1.348s] -- Up-to-date: /home/yusuf/custom_msg_ws/install/more_interfaces/share/more_interfaces/cmake/ament_cmake_export_libraries-extras.cmake
[1.348s] -- Up-to-date: /home/yusuf/custom_msg_ws/install/more_interfaces/share/more_interfaces/cmake/ament_cmake_export_targets-extras.cmake
[1.348s] -- Up-to-date: /home/yusuf/custom_msg_ws/install/more_interfaces/share/more_interfaces/cmake/rosidl_cmake_export_typesupport_targets-extras.cmake
[1.349s] -- Up-to-date: /home/yusuf/custom_msg_ws/install/more_interfaces/share/more_interfaces/cmake/ament_cmake_export_dependencies-extras.cmake
[1.349s] -- Up-to-date: /home/yusuf/custom_msg_ws/install/more_interfaces/share/more_interfaces/cmake/rosidl_cmake_export_typesupport_libraries-extras.cmake
[1.349s] -- Up-to-date: /home/yusuf/custom_msg_ws/install/more_interfaces/share/more_interfaces/cmake/more_interfacesConfig.cmake
[1.349s] -- Up-to-date: /home/yusuf/custom_msg_ws/install/more_interfaces/share/more_interfaces/cmake/more_interfacesConfig-version.cmake
[1.349s] -- Up-to-date: /home/yusuf/custom_msg_ws/install/more_interfaces/share/more_interfaces/package.xml
[1.352s] Invoked command in '/home/yusuf/custom_msg_ws/build/more_interfaces' returned '0': CMAKE_PREFIX_PATH=${CMAKE_PREFIX_PATH}:/home/yusuf/ros2_usb_com_ws/install/usb_ros_com:/home/yusuf/tcp/install/tcp_package:/opt/ros/humble /usr/bin/cmake --install /home/yusuf/custom_msg_ws/build/more_interfaces
