[0.238s] DEBUG:colcon:Command line arguments: ['/usr/bin/colcon', 'build']
[0.238s] DEBUG:colcon:Parsed command line arguments: Namespace(log_base=None, log_level=None, verb_name='build', build_base='build', install_base='install', merge_install=False, symlink_install=False, test_result_base=None, continue_on_error=False, executor='parallel', parallel_workers=8, event_handlers=None, ignore_user_meta=False, metas=['./colcon.meta'], base_paths=['.'], packages_ignore=None, packages_ignore_regex=None, paths=None, packages_up_to=None, packages_up_to_regex=None, packages_above=None, packages_above_and_dependencies=None, packages_above_depth=None, packages_select_by_dep=None, packages_skip_by_dep=None, packages_skip_up_to=None, packages_select_build_failed=False, packages_skip_build_finished=False, packages_select_test_failures=False, packages_skip_test_passed=False, packages_select=None, packages_skip=None, packages_select_regex=None, packages_skip_regex=None, packages_start=None, packages_end=None, allow_overriding=[], cmake_args=None, cmake_target=None, cmake_target_skip_unavailable=False, cmake_clean_cache=False, cmake_clean_first=False, cmake_force_configure=False, ament_cmake_args=None, catkin_cmake_args=None, catkin_skip_building_tests=False, verb_parser=<colcon_defaults.argument_parser.defaults.DefaultArgumentsDecorator object at 0x75a5aff45ea0>, verb_extension=<colcon_core.verb.build.BuildVerb object at 0x75a5aff45a50>, main=<bound method BuildVerb.main of <colcon_core.verb.build.BuildVerb object at 0x75a5aff45a50>>)
[0.627s] Level 1:colcon.colcon_core.package_discovery:discover_packages(colcon_meta) check parameters
[0.627s] Level 1:colcon.colcon_core.package_discovery:discover_packages(recursive) check parameters
[0.627s] Level 1:colcon.colcon_core.package_discovery:discover_packages(ignore) check parameters
[0.627s] Level 1:colcon.colcon_core.package_discovery:discover_packages(path) check parameters
[0.627s] Level 1:colcon.colcon_core.package_discovery:discover_packages(colcon_meta) discover
[0.628s] Level 1:colcon.colcon_core.package_discovery:discover_packages(recursive) discover
[0.628s] INFO:colcon.colcon_core.package_discovery:Crawling recursively for packages in '/home/yusuf/custom_msg_ws'
[0.628s] Level 1:colcon.colcon_core.package_identification:_identify(.) by extensions ['ignore', 'ignore_ament_install']
[0.628s] Level 1:colcon.colcon_core.package_identification:_identify(.) by extension 'ignore'
[0.628s] Level 1:colcon.colcon_core.package_identification:_identify(.) by extension 'ignore_ament_install'
[0.628s] Level 1:colcon.colcon_core.package_identification:_identify(.) by extensions ['colcon_pkg']
[0.628s] Level 1:colcon.colcon_core.package_identification:_identify(.) by extension 'colcon_pkg'
[0.628s] Level 1:colcon.colcon_core.package_identification:_identify(.) by extensions ['colcon_meta']
[0.629s] Level 1:colcon.colcon_core.package_identification:_identify(.) by extension 'colcon_meta'
[0.629s] Level 1:colcon.colcon_core.package_identification:_identify(.) by extensions ['ros']
[0.629s] Level 1:colcon.colcon_core.package_identification:_identify(.) by extension 'ros'
[0.655s] Level 1:colcon.colcon_core.package_identification:_identify(.) by extensions ['cmake', 'python']
[0.655s] Level 1:colcon.colcon_core.package_identification:_identify(.) by extension 'cmake'
[0.655s] Level 1:colcon.colcon_core.package_identification:_identify(.) by extension 'python'
[0.655s] Level 1:colcon.colcon_core.package_identification:_identify(.) by extensions ['python_setup_py']
[0.655s] Level 1:colcon.colcon_core.package_identification:_identify(.) by extension 'python_setup_py'
[0.655s] Level 1:colcon.colcon_core.package_identification:_identify(build) by extensions ['ignore', 'ignore_ament_install']
[0.655s] Level 1:colcon.colcon_core.package_identification:_identify(build) by extension 'ignore'
[0.656s] Level 1:colcon.colcon_core.package_identification:_identify(build) ignored
[0.656s] Level 1:colcon.colcon_core.package_identification:_identify(install) by extensions ['ignore', 'ignore_ament_install']
[0.656s] Level 1:colcon.colcon_core.package_identification:_identify(install) by extension 'ignore'
[0.656s] Level 1:colcon.colcon_core.package_identification:_identify(install) ignored
[0.656s] Level 1:colcon.colcon_core.package_identification:_identify(log) by extensions ['ignore', 'ignore_ament_install']
[0.657s] Level 1:colcon.colcon_core.package_identification:_identify(log) by extension 'ignore'
[0.657s] Level 1:colcon.colcon_core.package_identification:_identify(log) ignored
[0.657s] Level 1:colcon.colcon_core.package_identification:_identify(src) by extensions ['ignore', 'ignore_ament_install']
[0.657s] Level 1:colcon.colcon_core.package_identification:_identify(src) by extension 'ignore'
[0.657s] Level 1:colcon.colcon_core.package_identification:_identify(src) by extension 'ignore_ament_install'
[0.657s] Level 1:colcon.colcon_core.package_identification:_identify(src) by extensions ['colcon_pkg']
[0.657s] Level 1:colcon.colcon_core.package_identification:_identify(src) by extension 'colcon_pkg'
[0.657s] Level 1:colcon.colcon_core.package_identification:_identify(src) by extensions ['colcon_meta']
[0.658s] Level 1:colcon.colcon_core.package_identification:_identify(src) by extension 'colcon_meta'
[0.658s] Level 1:colcon.colcon_core.package_identification:_identify(src) by extensions ['ros']
[0.658s] Level 1:colcon.colcon_core.package_identification:_identify(src) by extension 'ros'
[0.658s] Level 1:colcon.colcon_core.package_identification:_identify(src) by extensions ['cmake', 'python']
[0.658s] Level 1:colcon.colcon_core.package_identification:_identify(src) by extension 'cmake'
[0.658s] Level 1:colcon.colcon_core.package_identification:_identify(src) by extension 'python'
[0.658s] Level 1:colcon.colcon_core.package_identification:_identify(src) by extensions ['python_setup_py']
[0.658s] Level 1:colcon.colcon_core.package_identification:_identify(src) by extension 'python_setup_py'
[0.658s] Level 1:colcon.colcon_core.package_identification:_identify(src/more_interfaces) by extensions ['ignore', 'ignore_ament_install']
[0.659s] Level 1:colcon.colcon_core.package_identification:_identify(src/more_interfaces) by extension 'ignore'
[0.659s] Level 1:colcon.colcon_core.package_identification:_identify(src/more_interfaces) by extension 'ignore_ament_install'
[0.659s] Level 1:colcon.colcon_core.package_identification:_identify(src/more_interfaces) by extensions ['colcon_pkg']
[0.659s] Level 1:colcon.colcon_core.package_identification:_identify(src/more_interfaces) by extension 'colcon_pkg'
[0.659s] Level 1:colcon.colcon_core.package_identification:_identify(src/more_interfaces) by extensions ['colcon_meta']
[0.659s] Level 1:colcon.colcon_core.package_identification:_identify(src/more_interfaces) by extension 'colcon_meta'
[0.659s] Level 1:colcon.colcon_core.package_identification:_identify(src/more_interfaces) by extensions ['ros']
[0.659s] Level 1:colcon.colcon_core.package_identification:_identify(src/more_interfaces) by extension 'ros'
[0.664s] DEBUG:colcon.colcon_core.package_identification:Package 'src/more_interfaces' with type 'ros.ament_cmake' and name 'more_interfaces'
[0.664s] Level 1:colcon.colcon_core.package_discovery:discover_packages(recursive) using defaults
[0.664s] Level 1:colcon.colcon_core.package_discovery:discover_packages(ignore) discover
[0.664s] Level 1:colcon.colcon_core.package_discovery:discover_packages(ignore) using defaults
[0.664s] Level 1:colcon.colcon_core.package_discovery:discover_packages(path) discover
[0.665s] Level 1:colcon.colcon_core.package_discovery:discover_packages(path) using defaults
[0.706s] Level 1:colcon.colcon_core.package_discovery:discover_packages(prefix_path) check parameters
[0.706s] Level 1:colcon.colcon_core.package_discovery:discover_packages(prefix_path) discover
[0.709s] DEBUG:colcon.colcon_installed_package_information.package_discovery:Found 1 installed packages in /home/yusuf/custom_msg_ws/install
[0.710s] DEBUG:colcon.colcon_installed_package_information.package_discovery:Found 1 installed packages in /home/yusuf/tcp/install
[0.711s] DEBUG:colcon.colcon_installed_package_information.package_discovery:Found 3 installed packages in /home/yusuf/turtlebot3_ws/install
[0.715s] DEBUG:colcon.colcon_installed_package_information.package_discovery:Found 395 installed packages in /opt/ros/humble
[0.737s] Level 1:colcon.colcon_core.package_discovery:discover_packages(prefix_path) using defaults
[0.844s] Level 5:colcon.colcon_core.verb:set package 'more_interfaces' build argument 'cmake_args' from command line to 'None'
[0.844s] Level 5:colcon.colcon_core.verb:set package 'more_interfaces' build argument 'cmake_target' from command line to 'None'
[0.844s] Level 5:colcon.colcon_core.verb:set package 'more_interfaces' build argument 'cmake_target_skip_unavailable' from command line to 'False'
[0.844s] Level 5:colcon.colcon_core.verb:set package 'more_interfaces' build argument 'cmake_clean_cache' from command line to 'False'
[0.844s] Level 5:colcon.colcon_core.verb:set package 'more_interfaces' build argument 'cmake_clean_first' from command line to 'False'
[0.844s] Level 5:colcon.colcon_core.verb:set package 'more_interfaces' build argument 'cmake_force_configure' from command line to 'False'
[0.845s] Level 5:colcon.colcon_core.verb:set package 'more_interfaces' build argument 'ament_cmake_args' from command line to 'None'
[0.845s] Level 5:colcon.colcon_core.verb:set package 'more_interfaces' build argument 'catkin_cmake_args' from command line to 'None'
[0.845s] Level 5:colcon.colcon_core.verb:set package 'more_interfaces' build argument 'catkin_skip_building_tests' from command line to 'False'
[0.845s] DEBUG:colcon.colcon_core.verb:Building package 'more_interfaces' with the following arguments: {'ament_cmake_args': None, 'build_base': '/home/yusuf/custom_msg_ws/build/more_interfaces', 'catkin_cmake_args': None, 'catkin_skip_building_tests': False, 'cmake_args': None, 'cmake_clean_cache': False, 'cmake_clean_first': False, 'cmake_force_configure': False, 'cmake_target': None, 'cmake_target_skip_unavailable': False, 'install_base': '/home/yusuf/custom_msg_ws/install/more_interfaces', 'merge_install': False, 'path': '/home/yusuf/custom_msg_ws/src/more_interfaces', 'symlink_install': False, 'test_result_base': None}
[0.845s] INFO:colcon.colcon_core.executor:Executing jobs using 'parallel' executor
[0.847s] DEBUG:colcon.colcon_parallel_executor.executor.parallel:run_until_complete
[0.847s] INFO:colcon.colcon_ros.task.ament_cmake.build:Building ROS package in '/home/yusuf/custom_msg_ws/src/more_interfaces' with build type 'ament_cmake'
[0.848s] INFO:colcon.colcon_cmake.task.cmake.build:Building CMake package in '/home/yusuf/custom_msg_ws/src/more_interfaces'
[0.852s] INFO:colcon.colcon_core.plugin_system:Skipping extension 'colcon_core.shell.bat': Not used on non-Windows systems
[0.852s] INFO:colcon.colcon_core.shell:Skip shell extension 'powershell' for command environment: Not usable outside of PowerShell
[0.852s] DEBUG:colcon.colcon_core.shell:Skip shell extension 'dsv' for command environment
[0.874s] DEBUG:colcon.colcon_core.event_handler.log_command:Invoking command in '/home/yusuf/custom_msg_ws/build/more_interfaces': CMAKE_PREFIX_PATH=${CMAKE_PREFIX_PATH}:/home/yusuf/tcp/install/tcp_package:/opt/ros/humble /usr/bin/cmake --build /home/yusuf/custom_msg_ws/build/more_interfaces -- -j8 -l8
[17.384s] DEBUG:colcon.colcon_core.event_handler.log_command:Invoked command in '/home/yusuf/custom_msg_ws/build/more_interfaces' returned '0': CMAKE_PREFIX_PATH=${CMAKE_PREFIX_PATH}:/home/yusuf/tcp/install/tcp_package:/opt/ros/humble /usr/bin/cmake --build /home/yusuf/custom_msg_ws/build/more_interfaces -- -j8 -l8
[17.542s] DEBUG:colcon.colcon_core.event_handler.log_command:Invoking command in '/home/yusuf/custom_msg_ws/build/more_interfaces': CMAKE_PREFIX_PATH=${CMAKE_PREFIX_PATH}:/home/yusuf/tcp/install/tcp_package:/opt/ros/humble /usr/bin/cmake --install /home/yusuf/custom_msg_ws/build/more_interfaces
[17.694s] Level 1:colcon.colcon_core.environment:create_environment_scripts_only(more_interfaces)
[17.703s] DEBUG:colcon.colcon_core.event_handler.log_command:Invoked command in '/home/yusuf/custom_msg_ws/build/more_interfaces' returned '0': CMAKE_PREFIX_PATH=${CMAKE_PREFIX_PATH}:/home/yusuf/tcp/install/tcp_package:/opt/ros/humble /usr/bin/cmake --install /home/yusuf/custom_msg_ws/build/more_interfaces
[17.707s] Level 1:colcon.colcon_core.environment:checking '/home/yusuf/custom_msg_ws/install/more_interfaces' for CMake module files
[17.709s] Level 1:colcon.colcon_core.environment:checking '/home/yusuf/custom_msg_ws/install/more_interfaces' for CMake config files
[17.710s] Level 1:colcon.colcon_core.shell:create_environment_hook('more_interfaces', 'cmake_prefix_path')
[17.710s] INFO:colcon.colcon_core.shell:Creating environment hook '/home/yusuf/custom_msg_ws/install/more_interfaces/share/more_interfaces/hook/cmake_prefix_path.ps1'
[17.712s] INFO:colcon.colcon_core.shell:Creating environment descriptor '/home/yusuf/custom_msg_ws/install/more_interfaces/share/more_interfaces/hook/cmake_prefix_path.dsv'
[17.713s] INFO:colcon.colcon_core.shell:Creating environment hook '/home/yusuf/custom_msg_ws/install/more_interfaces/share/more_interfaces/hook/cmake_prefix_path.sh'
[17.716s] Level 1:colcon.colcon_core.environment:checking '/home/yusuf/custom_msg_ws/install/more_interfaces/lib'
[17.716s] Level 1:colcon.colcon_core.shell:create_environment_hook('more_interfaces', 'ld_library_path_lib')
[17.717s] INFO:colcon.colcon_core.shell:Creating environment hook '/home/yusuf/custom_msg_ws/install/more_interfaces/share/more_interfaces/hook/ld_library_path_lib.ps1'
[17.718s] INFO:colcon.colcon_core.shell:Creating environment descriptor '/home/yusuf/custom_msg_ws/install/more_interfaces/share/more_interfaces/hook/ld_library_path_lib.dsv'
[17.719s] INFO:colcon.colcon_core.shell:Creating environment hook '/home/yusuf/custom_msg_ws/install/more_interfaces/share/more_interfaces/hook/ld_library_path_lib.sh'
[17.720s] Level 1:colcon.colcon_core.environment:checking '/home/yusuf/custom_msg_ws/install/more_interfaces/bin'
[17.720s] Level 1:colcon.colcon_core.environment:checking '/home/yusuf/custom_msg_ws/install/more_interfaces/lib/pkgconfig/more_interfaces.pc'
[17.721s] Level 1:colcon.colcon_core.environment:checking '/home/yusuf/custom_msg_ws/install/more_interfaces/lib/python3.10/site-packages'
[17.721s] Level 1:colcon.colcon_core.environment:checking '/home/yusuf/custom_msg_ws/install/more_interfaces/bin'
[17.723s] INFO:colcon.colcon_core.shell:Creating package script '/home/yusuf/custom_msg_ws/install/more_interfaces/share/more_interfaces/package.ps1'
[17.725s] INFO:colcon.colcon_core.shell:Creating package descriptor '/home/yusuf/custom_msg_ws/install/more_interfaces/share/more_interfaces/package.dsv'
[17.727s] INFO:colcon.colcon_core.shell:Creating package script '/home/yusuf/custom_msg_ws/install/more_interfaces/share/more_interfaces/package.sh'
[17.729s] INFO:colcon.colcon_core.shell:Creating package script '/home/yusuf/custom_msg_ws/install/more_interfaces/share/more_interfaces/package.bash'
[17.731s] INFO:colcon.colcon_core.shell:Creating package script '/home/yusuf/custom_msg_ws/install/more_interfaces/share/more_interfaces/package.zsh'
[17.734s] Level 1:colcon.colcon_core.environment:create_file_with_runtime_dependencies(/home/yusuf/custom_msg_ws/install/more_interfaces/share/colcon-core/packages/more_interfaces)
[17.871s] Level 1:colcon.colcon_core.environment:create_environment_scripts_only(more_interfaces)
[17.872s] Level 1:colcon.colcon_core.environment:checking '/home/yusuf/custom_msg_ws/install/more_interfaces' for CMake module files
[17.873s] Level 1:colcon.colcon_core.environment:checking '/home/yusuf/custom_msg_ws/install/more_interfaces' for CMake config files
[17.874s] Level 1:colcon.colcon_core.shell:create_environment_hook('more_interfaces', 'cmake_prefix_path')
[17.874s] INFO:colcon.colcon_core.shell:Creating environment hook '/home/yusuf/custom_msg_ws/install/more_interfaces/share/more_interfaces/hook/cmake_prefix_path.ps1'
[17.875s] INFO:colcon.colcon_core.shell:Creating environment descriptor '/home/yusuf/custom_msg_ws/install/more_interfaces/share/more_interfaces/hook/cmake_prefix_path.dsv'
[17.876s] INFO:colcon.colcon_core.shell:Creating environment hook '/home/yusuf/custom_msg_ws/install/more_interfaces/share/more_interfaces/hook/cmake_prefix_path.sh'
[17.878s] Level 1:colcon.colcon_core.environment:checking '/home/yusuf/custom_msg_ws/install/more_interfaces/lib'
[17.878s] Level 1:colcon.colcon_core.shell:create_environment_hook('more_interfaces', 'ld_library_path_lib')
[17.878s] INFO:colcon.colcon_core.shell:Creating environment hook '/home/yusuf/custom_msg_ws/install/more_interfaces/share/more_interfaces/hook/ld_library_path_lib.ps1'
[17.879s] INFO:colcon.colcon_core.shell:Creating environment descriptor '/home/yusuf/custom_msg_ws/install/more_interfaces/share/more_interfaces/hook/ld_library_path_lib.dsv'
[17.880s] INFO:colcon.colcon_core.shell:Creating environment hook '/home/yusuf/custom_msg_ws/install/more_interfaces/share/more_interfaces/hook/ld_library_path_lib.sh'
[17.881s] Level 1:colcon.colcon_core.environment:checking '/home/yusuf/custom_msg_ws/install/more_interfaces/bin'
[17.881s] Level 1:colcon.colcon_core.environment:checking '/home/yusuf/custom_msg_ws/install/more_interfaces/lib/pkgconfig/more_interfaces.pc'
[17.882s] Level 1:colcon.colcon_core.environment:checking '/home/yusuf/custom_msg_ws/install/more_interfaces/lib/python3.10/site-packages'
[17.882s] Level 1:colcon.colcon_core.environment:checking '/home/yusuf/custom_msg_ws/install/more_interfaces/bin'
[17.883s] INFO:colcon.colcon_core.shell:Creating package script '/home/yusuf/custom_msg_ws/install/more_interfaces/share/more_interfaces/package.ps1'
[17.884s] INFO:colcon.colcon_core.shell:Creating package descriptor '/home/yusuf/custom_msg_ws/install/more_interfaces/share/more_interfaces/package.dsv'
[17.886s] INFO:colcon.colcon_core.shell:Creating package script '/home/yusuf/custom_msg_ws/install/more_interfaces/share/more_interfaces/package.sh'
[17.887s] INFO:colcon.colcon_core.shell:Creating package script '/home/yusuf/custom_msg_ws/install/more_interfaces/share/more_interfaces/package.bash'
[17.888s] INFO:colcon.colcon_core.shell:Creating package script '/home/yusuf/custom_msg_ws/install/more_interfaces/share/more_interfaces/package.zsh'
[17.889s] Level 1:colcon.colcon_core.environment:create_file_with_runtime_dependencies(/home/yusuf/custom_msg_ws/install/more_interfaces/share/colcon-core/packages/more_interfaces)
[17.890s] DEBUG:colcon.colcon_parallel_executor.executor.parallel:closing loop
[17.891s] DEBUG:colcon.colcon_parallel_executor.executor.parallel:loop closed
[17.891s] DEBUG:colcon.colcon_parallel_executor.executor.parallel:run_until_complete finished with '0'
[17.891s] DEBUG:colcon.colcon_core.event_reactor:joining thread
[17.905s] INFO:colcon.colcon_core.plugin_system:Skipping extension 'colcon_notification.desktop_notification.terminal_notifier': Not used on non-Darwin systems
[17.906s] INFO:colcon.colcon_core.plugin_system:Skipping extension 'colcon_notification.desktop_notification.win32': Not used on non-Windows systems
[17.906s] INFO:colcon.colcon_notification.desktop_notification:Sending desktop notification using 'notify2'
[17.930s] DEBUG:colcon.colcon_core.event_reactor:joined thread
[17.931s] INFO:colcon.colcon_core.shell:Creating prefix script '/home/yusuf/custom_msg_ws/install/local_setup.ps1'
[17.935s] INFO:colcon.colcon_core.shell:Creating prefix util module '/home/yusuf/custom_msg_ws/install/_local_setup_util_ps1.py'
[17.940s] INFO:colcon.colcon_core.shell:Creating prefix chain script '/home/yusuf/custom_msg_ws/install/setup.ps1'
[17.945s] INFO:colcon.colcon_core.shell:Creating prefix script '/home/yusuf/custom_msg_ws/install/local_setup.sh'
[17.948s] INFO:colcon.colcon_core.shell:Creating prefix util module '/home/yusuf/custom_msg_ws/install/_local_setup_util_sh.py'
[17.949s] INFO:colcon.colcon_core.shell:Creating prefix chain script '/home/yusuf/custom_msg_ws/install/setup.sh'
[17.952s] INFO:colcon.colcon_core.shell:Creating prefix script '/home/yusuf/custom_msg_ws/install/local_setup.bash'
[17.953s] INFO:colcon.colcon_core.shell:Creating prefix chain script '/home/yusuf/custom_msg_ws/install/setup.bash'
[17.956s] INFO:colcon.colcon_core.shell:Creating prefix script '/home/yusuf/custom_msg_ws/install/local_setup.zsh'
[17.957s] INFO:colcon.colcon_core.shell:Creating prefix chain script '/home/yusuf/custom_msg_ws/install/setup.zsh'
