[0.027s] Invoking command in '/home/yusuf/custom_msg_ws/build/more_interfaces': CMAKE_PREFIX_PATH=${CMAKE_PREFIX_PATH}:/home/yusuf/ros2_usb_com_ws/install/usb_ros_com:/home/yusuf/tcp/install/tcp_package:/opt/ros/humble /usr/bin/cmake --build /home/yusuf/custom_msg_ws/build/more_interfaces -- -j8 -l8
[0.089s] -- Found ament_cmake: 1.3.9 (/opt/ros/humble/share/ament_cmake/cmake)
[0.430s] -- Found rosidl_default_generators: 1.2.0 (/opt/ros/humble/share/rosidl_default_generators/cmake)
[0.435s] -- Using all available rosidl_typesupport_c: rosidl_typesupport_fastrtps_c;rosidl_typesupport_introspection_c
[0.441s] -- Found rosidl_adapter: 3.1.5 (/opt/ros/humble/share/rosidl_adapter/cmake)
[0.507s] -- Using all available rosidl_typesupport_cpp: rosidl_typesupport_fastrtps_cpp;rosidl_typesupport_introspection_cpp
[0.568s] -- Found rclcpp: 16.0.9 (/opt/ros/humble/share/rclcpp/cmake)
[0.714s] -- Found rmw_implementation_cmake: 6.1.2 (/opt/ros/humble/share/rmw_implementation_cmake/cmake)
[0.718s] -- Found rmw_cyclonedds_cpp: 1.3.4 (/opt/ros/humble/share/rmw_cyclonedds_cpp/cmake)
[0.783s] -- Using RMW implementation 'rmw_cyclonedds_cpp' as default
[1.121s] -- Found rclpy: 3.3.13 (/opt/ros/humble/share/rclpy/cmake)
[1.687s] -- Found ament_cmake_ros: 0.10.0 (/opt/ros/humble/share/ament_cmake_ros/cmake)
[2.116s] -- Using all available rosidl_typesupport_c: rosidl_typesupport_fastrtps_c;rosidl_typesupport_introspection_c
[2.687s] -- Using all available rosidl_typesupport_cpp: rosidl_typesupport_fastrtps_cpp;rosidl_typesupport_introspection_cpp
[2.741s] -- Found python_cmake_module: 0.10.0 (/opt/ros/humble/share/python_cmake_module/cmake)
[2.800s] -- Using PYTHON_EXECUTABLE: /usr/bin/python3
[2.800s] -- Using PYTHON_INCLUDE_DIRS: /usr/include/python3.10
[2.800s] -- Using PYTHON_LIBRARIES: /usr/lib/x86_64-linux-gnu/libpython3.10.so
[2.847s] -- Configuring done
[2.913s] -- Generating done
[2.919s] -- Build files have been written to: /home/yusuf/custom_msg_ws/build/more_interfaces
[2.971s] [  3%] [34m[1mGenerating C code for ROS interfaces[0m
[2.992s] [  6%] [34m[1mGenerating C++ code for ROS interfaces[0m
[3.027s] [  6%] Built target ament_cmake_python_copy_more_interfaces
[3.638s] [  6%] Built target more_interfaces__cpp
[3.669s] [  9%] [34m[1mGenerating C++ type support dispatch for ROS interfaces[0m
[3.671s] [ 12%] [34m[1mGenerating C++ type support for eProsima Fast-RTPS[0m
[3.673s] [ 15%] [34m[1mGenerating C++ introspection for ROS interfaces[0m
[3.716s] running egg_info
[3.719s] writing more_interfaces.egg-info/PKG-INFO
[3.723s] writing dependency_links to more_interfaces.egg-info/dependency_links.txt
[3.727s] writing top-level names to more_interfaces.egg-info/top_level.txt
[3.740s] reading manifest file 'more_interfaces.egg-info/SOURCES.txt'
[3.743s] writing manifest file 'more_interfaces.egg-info/SOURCES.txt'
[3.776s] [35m[1mConsolidate compiler generated dependencies of target more_interfaces__rosidl_generator_c[0m
[3.819s] [ 18%] [32mBuilding C object CMakeFiles/more_interfaces__rosidl_generator_c.dir/rosidl_generator_c/more_interfaces/msg/detail/address_book__functions.c.o[0m
[3.836s] [ 18%] Built target ament_cmake_python_build_more_interfaces_egg
[3.963s] [ 21%] [32m[1mLinking C shared library libmore_interfaces__rosidl_generator_c.so[0m
[4.047s] [ 21%] Built target more_interfaces__rosidl_generator_c
[4.079s] [ 30%] [34m[1mGenerating C introspection for ROS interfaces[0m
[4.079s] [ 30%] [34m[1mGenerating C type support dispatch for ROS interfaces[0m
[4.080s] [ 30%] [34m[1mGenerating C type support for eProsima Fast-RTPS[0m
[4.510s] [35m[1mConsolidate compiler generated dependencies of target more_interfaces__rosidl_typesupport_introspection_cpp[0m
[4.529s] [35m[1mConsolidate compiler generated dependencies of target more_interfaces__rosidl_typesupport_cpp[0m
[4.577s] [ 33%] [32mBuilding CXX object CMakeFiles/more_interfaces__rosidl_typesupport_cpp.dir/rosidl_typesupport_cpp/more_interfaces/msg/address_book__type_support.cpp.o[0m
[4.609s] [ 36%] [32mBuilding CXX object CMakeFiles/more_interfaces__rosidl_typesupport_introspection_cpp.dir/rosidl_typesupport_introspection_cpp/more_interfaces/msg/detail/address_book__type_support.cpp.o[0m
[4.783s] [35m[1mConsolidate compiler generated dependencies of target more_interfaces__rosidl_typesupport_fastrtps_cpp[0m
[4.838s] [ 39%] [32mBuilding CXX object CMakeFiles/more_interfaces__rosidl_typesupport_fastrtps_cpp.dir/rosidl_typesupport_fastrtps_cpp/more_interfaces/msg/detail/dds_fastrtps/address_book__type_support.cpp.o[0m
[4.994s] [35m[1mConsolidate compiler generated dependencies of target more_interfaces__rosidl_typesupport_c[0m
[5.032s] [ 42%] [32mBuilding CXX object CMakeFiles/more_interfaces__rosidl_typesupport_c.dir/rosidl_typesupport_c/more_interfaces/msg/address_book__type_support.cpp.o[0m
[5.092s] [35m[1mConsolidate compiler generated dependencies of target more_interfaces__rosidl_typesupport_introspection_c[0m
[5.115s] [35m[1mConsolidate compiler generated dependencies of target more_interfaces__rosidl_typesupport_fastrtps_c[0m
[5.131s] [ 45%] [32mBuilding C object CMakeFiles/more_interfaces__rosidl_typesupport_introspection_c.dir/rosidl_typesupport_introspection_c/more_interfaces/msg/detail/address_book__type_support.c.o[0m
[5.151s] [ 48%] [32m[1mLinking CXX shared library libmore_interfaces__rosidl_typesupport_c.so[0m
[5.164s] [ 51%] [32mBuilding CXX object CMakeFiles/more_interfaces__rosidl_typesupport_fastrtps_c.dir/rosidl_typesupport_fastrtps_c/more_interfaces/msg/detail/address_book__type_support_c.cpp.o[0m
[5.297s] [ 54%] [32m[1mLinking C shared library libmore_interfaces__rosidl_typesupport_introspection_c.so[0m
[5.299s] [ 54%] Built target more_interfaces__rosidl_typesupport_c
[5.406s] [ 54%] Built target more_interfaces__rosidl_typesupport_introspection_c
[5.903s] [ 57%] [32m[1mLinking CXX shared library libmore_interfaces__rosidl_typesupport_cpp.so[0m
[5.937s] [ 60%] [32m[1mLinking CXX shared library libmore_interfaces__rosidl_typesupport_introspection_cpp.so[0m
[6.033s] [ 60%] Built target more_interfaces__rosidl_typesupport_introspection_cpp
[6.036s] [ 60%] Built target more_interfaces__rosidl_typesupport_cpp
[6.060s] [35m[1mConsolidate compiler generated dependencies of target publish_address_book[0m
[6.099s] [ 63%] [32mBuilding CXX object CMakeFiles/publish_address_book.dir/scripts/publish_address_book.cpp.o[0m
[6.225s] [ 66%] [32m[1mLinking CXX shared library libmore_interfaces__rosidl_typesupport_fastrtps_c.so[0m
[6.234s] [ 69%] [32m[1mLinking CXX shared library libmore_interfaces__rosidl_typesupport_fastrtps_cpp.so[0m
[6.423s] [ 69%] Built target more_interfaces__rosidl_typesupport_fastrtps_c
[6.435s] [ 69%] Built target more_interfaces__rosidl_typesupport_fastrtps_cpp
[6.476s] [ 69%] Built target more_interfaces
[6.518s] [ 72%] [34m[1mGenerating Python code for ROS interfaces[0m
[7.228s] [ 72%] Built target more_interfaces__py
[7.249s] [35m[1mConsolidate compiler generated dependencies of target more_interfaces__rosidl_generator_py[0m
[7.277s] [ 75%] [32mBuilding C object CMakeFiles/more_interfaces__rosidl_generator_py.dir/rosidl_generator_py/more_interfaces/msg/_address_book_s.c.o[0m
[7.528s] [ 78%] [32m[1mLinking C shared library rosidl_generator_py/more_interfaces/libmore_interfaces__rosidl_generator_py.so[0m
[7.613s] [ 78%] Built target more_interfaces__rosidl_generator_py
[7.636s] [35m[1mConsolidate compiler generated dependencies of target more_interfaces__rosidl_typesupport_introspection_c__pyext[0m
[7.636s] [35m[1mConsolidate compiler generated dependencies of target more_interfaces__rosidl_typesupport_fastrtps_c__pyext[0m
[7.643s] [35m[1mConsolidate compiler generated dependencies of target more_interfaces__rosidl_typesupport_c__pyext[0m
[7.673s] [ 81%] [32mBuilding C object CMakeFiles/more_interfaces__rosidl_typesupport_introspection_c__pyext.dir/rosidl_generator_py/more_interfaces/_more_interfaces_s.ep.rosidl_typesupport_introspection_c.c.o[0m
[7.675s] [ 87%] [32mBuilding C object CMakeFiles/more_interfaces__rosidl_typesupport_c__pyext.dir/rosidl_generator_py/more_interfaces/_more_interfaces_s.ep.rosidl_typesupport_c.c.o[0m
[7.676s] [ 87%] [32mBuilding C object CMakeFiles/more_interfaces__rosidl_typesupport_fastrtps_c__pyext.dir/rosidl_generator_py/more_interfaces/_more_interfaces_s.ep.rosidl_typesupport_fastrtps_c.c.o[0m
[7.931s] [ 90%] [32m[1mLinking C shared library rosidl_generator_py/more_interfaces/more_interfaces_s__rosidl_typesupport_fastrtps_c.cpython-310-x86_64-linux-gnu.so[0m
[8.009s] [ 90%] Built target more_interfaces__rosidl_typesupport_fastrtps_c__pyext
[8.031s] [ 93%] [32m[1mLinking C shared library rosidl_generator_py/more_interfaces/more_interfaces_s__rosidl_typesupport_c.cpython-310-x86_64-linux-gnu.so[0m
[8.049s] [ 96%] [32m[1mLinking C shared library rosidl_generator_py/more_interfaces/more_interfaces_s__rosidl_typesupport_introspection_c.cpython-310-x86_64-linux-gnu.so[0m
[8.126s] [ 96%] Built target more_interfaces__rosidl_typesupport_introspection_c__pyext
[8.127s] [ 96%] Built target more_interfaces__rosidl_typesupport_c__pyext
[11.513s] [01m[K/home/yusuf/custom_msg_ws/src/more_interfaces/scripts/publish_address_book.cpp:[m[K In lambda function:
[11.513s] [01m[K/home/yusuf/custom_msg_ws/src/more_interfaces/scripts/publish_address_book.cpp:21:17:[m[K [01;31m[Kerror: [m[K‘[01m[Kstruct more_interfaces::msg::AddressBook_<std::allocator<void> >[m[K’ has no member named ‘[01m[Kfirst_name[m[K’
[11.514s]    21 |         message.[01;31m[Kfirst_name[m[K = "John";
[11.514s]       |                 [01;31m[K^~~~~~~~~~[m[K
[11.514s] [01m[K/home/yusuf/custom_msg_ws/src/more_interfaces/scripts/publish_address_book.cpp:22:17:[m[K [01;31m[Kerror: [m[K‘[01m[Kstruct more_interfaces::msg::AddressBook_<std::allocator<void> >[m[K’ has no member named ‘[01m[Klast_name[m[K’
[11.514s]    22 |         message.[01;31m[Klast_name[m[K = "Doe";
[11.515s]       |                 [01;31m[K^~~~~~~~~[m[K
[11.515s] [01m[K/home/yusuf/custom_msg_ws/src/more_interfaces/scripts/publish_address_book.cpp:23:17:[m[K [01;31m[Kerror: [m[K‘[01m[Kstruct more_interfaces::msg::AddressBook_<std::allocator<void> >[m[K’ has no member named ‘[01m[Kphone_number[m[K’
[11.515s]    23 |         message.[01;31m[Kphone_number[m[K = "1234567890";
[11.516s]       |                 [01;31m[K^~~~~~~~~~~~[m[K
[11.516s] [01m[K/home/yusuf/custom_msg_ws/src/more_interfaces/scripts/publish_address_book.cpp:24:17:[m[K [01;31m[Kerror: [m[K‘[01m[Kstruct more_interfaces::msg::AddressBook_<std::allocator<void> >[m[K’ has no member named ‘[01m[Kphone_type[m[K’
[11.516s]    24 |         message.[01;31m[Kphone_type[m[K = message.PHONE_TYPE_MOBILE;
[11.516s]       |                 [01;31m[K^~~~~~~~~~[m[K
[11.517s] [01m[K/home/yusuf/custom_msg_ws/src/more_interfaces/scripts/publish_address_book.cpp:24:38:[m[K [01;31m[Kerror: [m[K‘[01m[Kstruct more_interfaces::msg::AddressBook_<std::allocator<void> >[m[K’ has no member named ‘[01m[KPHONE_TYPE_MOBILE[m[K’
[11.517s]    24 |         message.phone_type = message.[01;31m[KPHONE_TYPE_MOBILE[m[K;
[11.517s]       |                                      [01;31m[K^~~~~~~~~~~~~~~~~[m[K
[11.517s] [01m[K/home/yusuf/custom_msg_ws/src/more_interfaces/scripts/publish_address_book.cpp:26:62:[m[K [01;31m[Kerror: [m[K‘[01m[Kstruct more_interfaces::msg::AddressBook_<std::allocator<void> >[m[K’ has no member named ‘[01m[Kfirst_name[m[K’
[11.517s]    26 | t << "Publishing Contact\nFirst:" << message.[01;31m[Kfirst_name[m[K <<
[11.517s]       |                                              [01;31m[K^~~~~~~~~~[m[K
[11.518s] 
[11.518s] [01m[K/home/yusuf/custom_msg_ws/src/more_interfaces/scripts/publish_address_book.cpp:27:32:[m[K [01;31m[Kerror: [m[K‘[01m[Kstruct more_interfaces::msg::AddressBook_<std::allocator<void> >[m[K’ has no member named ‘[01m[Klast_name[m[K’
[11.518s]    27 |           "  Last:" << message.[01;31m[Klast_name[m[K << std::endl;
[11.518s]       |                                [01;31m[K^~~~~~~~~[m[K
[13.594s] gmake[2]: *** [CMakeFiles/publish_address_book.dir/build.make:76: CMakeFiles/publish_address_book.dir/scripts/publish_address_book.cpp.o] Error 1
[13.594s] gmake[1]: *** [CMakeFiles/Makefile2:593: CMakeFiles/publish_address_book.dir/all] Error 2
[13.595s] gmake: *** [Makefile:146: all] Error 2
[13.599s] Invoked command in '/home/yusuf/custom_msg_ws/build/more_interfaces' returned '2': CMAKE_PREFIX_PATH=${CMAKE_PREFIX_PATH}:/home/yusuf/ros2_usb_com_ws/install/usb_ros_com:/home/yusuf/tcp/install/tcp_package:/opt/ros/humble /usr/bin/cmake --build /home/yusuf/custom_msg_ws/build/more_interfaces -- -j8 -l8
