[0.035s] Invoking command in '/home/yusuf/custom_msg_ws/build/more_interfaces': CMAKE_PREFIX_PATH=${CMAKE_PREFIX_PATH}:/home/yusuf/tcp/install/tcp_package:/opt/ros/humble /usr/bin/cmake --build /home/yusuf/custom_msg_ws/build/more_interfaces -- -j8 -l8
[0.094s] -- Found ament_cmake: 1.3.9 (/opt/ros/humble/share/ament_cmake/cmake)
[0.399s] -- Found rosidl_default_generators: 1.2.0 (/opt/ros/humble/share/rosidl_default_generators/cmake)
[0.403s] -- Using all available rosidl_typesupport_c: rosidl_typesupport_fastrtps_c;rosidl_typesupport_introspection_c
[0.409s] -- Found rosidl_adapter: 3.1.5 (/opt/ros/humble/share/rosidl_adapter/cmake)
[0.481s] -- Using all available rosidl_typesupport_cpp: rosidl_typesupport_fastrtps_cpp;rosidl_typesupport_introspection_cpp
[0.541s] -- Found rclcpp: 16.0.9 (/opt/ros/humble/share/rclcpp/cmake)
[0.691s] -- Found rmw_implementation_cmake: 6.1.2 (/opt/ros/humble/share/rmw_implementation_cmake/cmake)
[0.694s] -- Found rmw_cyclonedds_cpp: 1.3.4 (/opt/ros/humble/share/rmw_cyclonedds_cpp/cmake)
[0.760s] -- Using RMW implementation 'rmw_cyclonedds_cpp' as default
[1.124s] -- Found rclpy: 3.3.13 (/opt/ros/humble/share/rclpy/cmake)
[1.152s] [31mCMake Error at CMakeLists.txt:13 (find_package):
[1.152s]   By not providing "FindAddressBook.cmake" in CMAKE_MODULE_PATH this project
[1.152s]   has asked CMake to find a package configuration file provided by
[1.153s]   "AddressBook", but CMake did not find one.
[1.153s] 
[1.153s]   Could not find a package configuration file provided by "AddressBook" with
[1.153s]   any of the following names:
[1.153s] 
[1.153s]     AddressBookConfig.cmake
[1.153s]     addressbook-config.cmake
[1.154s] 
[1.154s]   Add the installation prefix of "AddressBook" to CMAKE_PREFIX_PATH or set
[1.154s]   "AddressBook_DIR" to a directory containing one of the above files.  If
[1.154s]   "AddressBook" provides a separate development package or SDK, be sure it
[1.154s]   has been installed.
[1.154s] 
[1.154s] [0m
[1.155s] -- Configuring incomplete, errors occurred!
[1.155s] See also "/home/yusuf/custom_msg_ws/build/more_interfaces/CMakeFiles/CMakeOutput.log".
[1.162s] gmake: *** [Makefile:788: cmake_check_build_system] Error 1
[1.166s] Invoked command in '/home/yusuf/custom_msg_ws/build/more_interfaces' returned '2': CMAKE_PREFIX_PATH=${CMAKE_PREFIX_PATH}:/home/yusuf/tcp/install/tcp_package:/opt/ros/humble /usr/bin/cmake --build /home/yusuf/custom_msg_ws/build/more_interfaces -- -j8 -l8
