[0.028s] Invoking command in '/home/yusuf/custom_msg_ws/build/more_interfaces': CMAKE_PREFIX_PATH=${CMAKE_PREFIX_PATH}:/home/yusuf/tcp/install/tcp_package:/opt/ros/humble /usr/bin/cmake --build /home/yusuf/custom_msg_ws/build/more_interfaces -- -j8 -l8
[0.075s] -- Found ament_cmake: 1.3.9 (/opt/ros/humble/share/ament_cmake/cmake)
[0.366s] -- Found rosidl_default_generators: 1.2.0 (/opt/ros/humble/share/rosidl_default_generators/cmake)
[0.371s] -- Using all available rosidl_typesupport_c: rosidl_typesupport_fastrtps_c;rosidl_typesupport_introspection_c
[0.377s] -- Found rosidl_adapter: 3.1.5 (/opt/ros/humble/share/rosidl_adapter/cmake)
[0.445s] -- Using all available rosidl_typesupport_cpp: rosidl_typesupport_fastrtps_cpp;rosidl_typesupport_introspection_cpp
[0.506s] -- Found rclcpp: 16.0.9 (/opt/ros/humble/share/rclcpp/cmake)
[0.705s] -- Found rmw_implementation_cmake: 6.1.2 (/opt/ros/humble/share/rmw_implementation_cmake/cmake)
[0.712s] -- Found rmw_cyclonedds_cpp: 1.3.4 (/opt/ros/humble/share/rmw_cyclonedds_cpp/cmake)
[0.788s] -- Using RMW implementation 'rmw_cyclonedds_cpp' as default
[0.811s] -- Looking for pthread.h
[0.964s] -- Looking for pthread.h - found
[0.965s] -- Performing Test CMAKE_HAVE_LIBC_PTHREAD
[1.118s] -- Performing Test CMAKE_HAVE_LIBC_PTHREAD - Success
[1.121s] -- Found Threads: TRUE  
[1.489s] [31mCMake Error at /opt/ros/humble/share/rosidl_cmake/cmake/rosidl_get_typesupport_target.cmake:29 (message):
[1.489s]   more_interfaces is not a CMake target.  Maybe rosidl_generate_interfaces
[1.489s]   was given a different target name?
[1.490s] Call Stack (most recent call first):
[1.490s]   CMakeLists.txt:21 (rosidl_get_typesupport_target)
[1.490s] 
[1.490s] [0m
[1.490s] -- Configuring incomplete, errors occurred!
[1.490s] See also "/home/yusuf/custom_msg_ws/build/more_interfaces/CMakeFiles/CMakeOutput.log".
[1.500s] gmake: *** [Makefile:747: cmake_check_build_system] Error 1
[1.505s] Invoked command in '/home/yusuf/custom_msg_ws/build/more_interfaces' returned '2': CMAKE_PREFIX_PATH=${CMAKE_PREFIX_PATH}:/home/yusuf/tcp/install/tcp_package:/opt/ros/humble /usr/bin/cmake --build /home/yusuf/custom_msg_ws/build/more_interfaces -- -j8 -l8
