[0.416s] DEBUG:colcon:Command line arguments: ['/usr/bin/colcon', 'build']
[0.416s] DEBUG:colcon:Parsed command line arguments: Namespace(log_base=None, log_level=None, verb_name='build', build_base='build', install_base='install', merge_install=False, symlink_install=False, test_result_base=None, continue_on_error=False, executor='parallel', parallel_workers=8, event_handlers=None, ignore_user_meta=False, metas=['./colcon.meta'], base_paths=['.'], packages_ignore=None, packages_ignore_regex=None, paths=None, packages_up_to=None, packages_up_to_regex=None, packages_above=None, packages_above_and_dependencies=None, packages_above_depth=None, packages_select_by_dep=None, packages_skip_by_dep=None, packages_skip_up_to=None, packages_select_build_failed=False, packages_skip_build_finished=False, packages_select_test_failures=False, packages_skip_test_passed=False, packages_select=None, packages_skip=None, packages_select_regex=None, packages_skip_regex=None, packages_start=None, packages_end=None, allow_overriding=[], cmake_args=None, cmake_target=None, cmake_target_skip_unavailable=False, cmake_clean_cache=False, cmake_clean_first=False, cmake_force_configure=False, ament_cmake_args=None, catkin_cmake_args=None, catkin_skip_building_tests=False, verb_parser=<colcon_defaults.argument_parser.defaults.DefaultArgumentsDecorator object at 0x710cb81a1ae0>, verb_extension=<colcon_core.verb.build.BuildVerb object at 0x710cb81a1690>, main=<bound method BuildVerb.main of <colcon_core.verb.build.BuildVerb object at 0x710cb81a1690>>)
[1.321s] Level 1:colcon.colcon_core.package_discovery:discover_packages(colcon_meta) check parameters
[1.322s] Level 1:colcon.colcon_core.package_discovery:discover_packages(recursive) check parameters
[1.322s] Level 1:colcon.colcon_core.package_discovery:discover_packages(ignore) check parameters
[1.322s] Level 1:colcon.colcon_core.package_discovery:discover_packages(path) check parameters
[1.322s] Level 1:colcon.colcon_core.package_discovery:discover_packages(colcon_meta) discover
[1.323s] Level 1:colcon.colcon_core.package_discovery:discover_packages(recursive) discover
[1.323s] INFO:colcon.colcon_core.package_discovery:Crawling recursively for packages in '/home/yusuf/custom_msg_ws'
[1.323s] Level 1:colcon.colcon_core.package_identification:_identify(.) by extensions ['ignore', 'ignore_ament_install']
[1.323s] Level 1:colcon.colcon_core.package_identification:_identify(.) by extension 'ignore'
[1.323s] Level 1:colcon.colcon_core.package_identification:_identify(.) by extension 'ignore_ament_install'
[1.324s] Level 1:colcon.colcon_core.package_identification:_identify(.) by extensions ['colcon_pkg']
[1.324s] Level 1:colcon.colcon_core.package_identification:_identify(.) by extension 'colcon_pkg'
[1.324s] Level 1:colcon.colcon_core.package_identification:_identify(.) by extensions ['colcon_meta']
[1.324s] Level 1:colcon.colcon_core.package_identification:_identify(.) by extension 'colcon_meta'
[1.324s] Level 1:colcon.colcon_core.package_identification:_identify(.) by extensions ['ros']
[1.324s] Level 1:colcon.colcon_core.package_identification:_identify(.) by extension 'ros'
[1.365s] Level 1:colcon.colcon_core.package_identification:_identify(.) by extensions ['cmake', 'python']
[1.365s] Level 1:colcon.colcon_core.package_identification:_identify(.) by extension 'cmake'
[1.365s] Level 1:colcon.colcon_core.package_identification:_identify(.) by extension 'python'
[1.365s] Level 1:colcon.colcon_core.package_identification:_identify(.) by extensions ['python_setup_py']
[1.365s] Level 1:colcon.colcon_core.package_identification:_identify(.) by extension 'python_setup_py'
[1.366s] Level 1:colcon.colcon_core.package_identification:_identify(build) by extensions ['ignore', 'ignore_ament_install']
[1.367s] Level 1:colcon.colcon_core.package_identification:_identify(build) by extension 'ignore'
[1.367s] Level 1:colcon.colcon_core.package_identification:_identify(build) ignored
[1.368s] Level 1:colcon.colcon_core.package_identification:_identify(install) by extensions ['ignore', 'ignore_ament_install']
[1.369s] Level 1:colcon.colcon_core.package_identification:_identify(install) by extension 'ignore'
[1.369s] Level 1:colcon.colcon_core.package_identification:_identify(install) ignored
[1.370s] Level 1:colcon.colcon_core.package_identification:_identify(log) by extensions ['ignore', 'ignore_ament_install']
[1.370s] Level 1:colcon.colcon_core.package_identification:_identify(log) by extension 'ignore'
[1.370s] Level 1:colcon.colcon_core.package_identification:_identify(log) ignored
[1.371s] Level 1:colcon.colcon_core.package_identification:_identify(src) by extensions ['ignore', 'ignore_ament_install']
[1.371s] Level 1:colcon.colcon_core.package_identification:_identify(src) by extension 'ignore'
[1.371s] Level 1:colcon.colcon_core.package_identification:_identify(src) by extension 'ignore_ament_install'
[1.371s] Level 1:colcon.colcon_core.package_identification:_identify(src) by extensions ['colcon_pkg']
[1.372s] Level 1:colcon.colcon_core.package_identification:_identify(src) by extension 'colcon_pkg'
[1.372s] Level 1:colcon.colcon_core.package_identification:_identify(src) by extensions ['colcon_meta']
[1.372s] Level 1:colcon.colcon_core.package_identification:_identify(src) by extension 'colcon_meta'
[1.372s] Level 1:colcon.colcon_core.package_identification:_identify(src) by extensions ['ros']
[1.372s] Level 1:colcon.colcon_core.package_identification:_identify(src) by extension 'ros'
[1.373s] Level 1:colcon.colcon_core.package_identification:_identify(src) by extensions ['cmake', 'python']
[1.373s] Level 1:colcon.colcon_core.package_identification:_identify(src) by extension 'cmake'
[1.373s] Level 1:colcon.colcon_core.package_identification:_identify(src) by extension 'python'
[1.373s] Level 1:colcon.colcon_core.package_identification:_identify(src) by extensions ['python_setup_py']
[1.373s] Level 1:colcon.colcon_core.package_identification:_identify(src) by extension 'python_setup_py'
[1.374s] Level 1:colcon.colcon_core.package_identification:_identify(src/more_interfaces) by extensions ['ignore', 'ignore_ament_install']
[1.374s] Level 1:colcon.colcon_core.package_identification:_identify(src/more_interfaces) by extension 'ignore'
[1.375s] Level 1:colcon.colcon_core.package_identification:_identify(src/more_interfaces) by extension 'ignore_ament_install'
[1.375s] Level 1:colcon.colcon_core.package_identification:_identify(src/more_interfaces) by extensions ['colcon_pkg']
[1.375s] Level 1:colcon.colcon_core.package_identification:_identify(src/more_interfaces) by extension 'colcon_pkg'
[1.375s] Level 1:colcon.colcon_core.package_identification:_identify(src/more_interfaces) by extensions ['colcon_meta']
[1.376s] Level 1:colcon.colcon_core.package_identification:_identify(src/more_interfaces) by extension 'colcon_meta'
[1.376s] Level 1:colcon.colcon_core.package_identification:_identify(src/more_interfaces) by extensions ['ros']
[1.376s] Level 1:colcon.colcon_core.package_identification:_identify(src/more_interfaces) by extension 'ros'
[1.392s] DEBUG:colcon.colcon_core.package_identification:Package 'src/more_interfaces' with type 'ros.ament_cmake' and name 'more_interfaces'
[1.392s] Level 1:colcon.colcon_core.package_discovery:discover_packages(recursive) using defaults
[1.393s] Level 1:colcon.colcon_core.package_discovery:discover_packages(ignore) discover
[1.393s] Level 1:colcon.colcon_core.package_discovery:discover_packages(ignore) using defaults
[1.393s] Level 1:colcon.colcon_core.package_discovery:discover_packages(path) discover
[1.393s] Level 1:colcon.colcon_core.package_discovery:discover_packages(path) using defaults
[1.464s] Level 1:colcon.colcon_core.package_discovery:discover_packages(prefix_path) check parameters
[1.464s] Level 1:colcon.colcon_core.package_discovery:discover_packages(prefix_path) discover
[1.471s] DEBUG:colcon.colcon_installed_package_information.package_discovery:Found 1 installed packages in /home/yusuf/custom_msg_ws/install
[1.473s] DEBUG:colcon.colcon_installed_package_information.package_discovery:Found 1 installed packages in /home/yusuf/tcp/install
[1.475s] DEBUG:colcon.colcon_installed_package_information.package_discovery:Found 3 installed packages in /home/yusuf/turtlebot3_ws/install
[1.476s] DEBUG:colcon.colcon_installed_package_information.package_discovery:Found 1 installed packages in /home/yusuf/ros2_usb_com_ws/install
[1.482s] DEBUG:colcon.colcon_installed_package_information.package_discovery:Found 395 installed packages in /opt/ros/humble
[1.520s] Level 1:colcon.colcon_core.package_discovery:discover_packages(prefix_path) using defaults
[1.653s] Level 5:colcon.colcon_core.verb:set package 'more_interfaces' build argument 'cmake_args' from command line to 'None'
[1.653s] Level 5:colcon.colcon_core.verb:set package 'more_interfaces' build argument 'cmake_target' from command line to 'None'
[1.653s] Level 5:colcon.colcon_core.verb:set package 'more_interfaces' build argument 'cmake_target_skip_unavailable' from command line to 'False'
[1.653s] Level 5:colcon.colcon_core.verb:set package 'more_interfaces' build argument 'cmake_clean_cache' from command line to 'False'
[1.653s] Level 5:colcon.colcon_core.verb:set package 'more_interfaces' build argument 'cmake_clean_first' from command line to 'False'
[1.654s] Level 5:colcon.colcon_core.verb:set package 'more_interfaces' build argument 'cmake_force_configure' from command line to 'False'
[1.654s] Level 5:colcon.colcon_core.verb:set package 'more_interfaces' build argument 'ament_cmake_args' from command line to 'None'
[1.654s] Level 5:colcon.colcon_core.verb:set package 'more_interfaces' build argument 'catkin_cmake_args' from command line to 'None'
[1.654s] Level 5:colcon.colcon_core.verb:set package 'more_interfaces' build argument 'catkin_skip_building_tests' from command line to 'False'
[1.654s] DEBUG:colcon.colcon_core.verb:Building package 'more_interfaces' with the following arguments: {'ament_cmake_args': None, 'build_base': '/home/yusuf/custom_msg_ws/build/more_interfaces', 'catkin_cmake_args': None, 'catkin_skip_building_tests': False, 'cmake_args': None, 'cmake_clean_cache': False, 'cmake_clean_first': False, 'cmake_force_configure': False, 'cmake_target': None, 'cmake_target_skip_unavailable': False, 'install_base': '/home/yusuf/custom_msg_ws/install/more_interfaces', 'merge_install': False, 'path': '/home/yusuf/custom_msg_ws/src/more_interfaces', 'symlink_install': False, 'test_result_base': None}
[1.654s] INFO:colcon.colcon_core.executor:Executing jobs using 'parallel' executor
[1.656s] DEBUG:colcon.colcon_parallel_executor.executor.parallel:run_until_complete
[1.657s] INFO:colcon.colcon_ros.task.ament_cmake.build:Building ROS package in '/home/yusuf/custom_msg_ws/src/more_interfaces' with build type 'ament_cmake'
[1.657s] INFO:colcon.colcon_cmake.task.cmake.build:Building CMake package in '/home/yusuf/custom_msg_ws/src/more_interfaces'
[1.662s] INFO:colcon.colcon_core.plugin_system:Skipping extension 'colcon_core.shell.bat': Not used on non-Windows systems
[1.663s] INFO:colcon.colcon_core.shell:Skip shell extension 'powershell' for command environment: Not usable outside of PowerShell
[1.663s] DEBUG:colcon.colcon_core.shell:Skip shell extension 'dsv' for command environment
[1.694s] DEBUG:colcon.colcon_core.event_handler.log_command:Invoking command in '/home/yusuf/custom_msg_ws/build/more_interfaces': CMAKE_PREFIX_PATH=${CMAKE_PREFIX_PATH}:/home/yusuf/ros2_usb_com_ws/install/usb_ros_com:/home/yusuf/tcp/install/tcp_package:/opt/ros/humble /usr/bin/cmake --build /home/yusuf/custom_msg_ws/build/more_interfaces -- -j8 -l8
[2.858s] DEBUG:colcon.colcon_core.event_handler.log_command:Invoked command in '/home/yusuf/custom_msg_ws/build/more_interfaces' returned '0': CMAKE_PREFIX_PATH=${CMAKE_PREFIX_PATH}:/home/yusuf/ros2_usb_com_ws/install/usb_ros_com:/home/yusuf/tcp/install/tcp_package:/opt/ros/humble /usr/bin/cmake --build /home/yusuf/custom_msg_ws/build/more_interfaces -- -j8 -l8
[3.027s] DEBUG:colcon.colcon_core.event_handler.log_command:Invoking command in '/home/yusuf/custom_msg_ws/build/more_interfaces': CMAKE_PREFIX_PATH=${CMAKE_PREFIX_PATH}:/home/yusuf/ros2_usb_com_ws/install/usb_ros_com:/home/yusuf/tcp/install/tcp_package:/opt/ros/humble /usr/bin/cmake --install /home/yusuf/custom_msg_ws/build/more_interfaces
[3.177s] Level 1:colcon.colcon_core.environment:create_environment_scripts_only(more_interfaces)
[3.181s] DEBUG:colcon.colcon_core.event_handler.log_command:Invoked command in '/home/yusuf/custom_msg_ws/build/more_interfaces' returned '0': CMAKE_PREFIX_PATH=${CMAKE_PREFIX_PATH}:/home/yusuf/ros2_usb_com_ws/install/usb_ros_com:/home/yusuf/tcp/install/tcp_package:/opt/ros/humble /usr/bin/cmake --install /home/yusuf/custom_msg_ws/build/more_interfaces
[3.189s] Level 1:colcon.colcon_core.environment:checking '/home/yusuf/custom_msg_ws/install/more_interfaces' for CMake module files
[3.191s] Level 1:colcon.colcon_core.environment:checking '/home/yusuf/custom_msg_ws/install/more_interfaces' for CMake config files
[3.193s] Level 1:colcon.colcon_core.shell:create_environment_hook('more_interfaces', 'cmake_prefix_path')
[3.194s] INFO:colcon.colcon_core.shell:Creating environment hook '/home/yusuf/custom_msg_ws/install/more_interfaces/share/more_interfaces/hook/cmake_prefix_path.ps1'
[3.196s] INFO:colcon.colcon_core.shell:Creating environment descriptor '/home/yusuf/custom_msg_ws/install/more_interfaces/share/more_interfaces/hook/cmake_prefix_path.dsv'
[3.197s] INFO:colcon.colcon_core.shell:Creating environment hook '/home/yusuf/custom_msg_ws/install/more_interfaces/share/more_interfaces/hook/cmake_prefix_path.sh'
[3.200s] Level 1:colcon.colcon_core.environment:checking '/home/yusuf/custom_msg_ws/install/more_interfaces/lib'
[3.201s] Level 1:colcon.colcon_core.shell:create_environment_hook('more_interfaces', 'ld_library_path_lib')
[3.202s] INFO:colcon.colcon_core.shell:Creating environment hook '/home/yusuf/custom_msg_ws/install/more_interfaces/share/more_interfaces/hook/ld_library_path_lib.ps1'
[3.203s] INFO:colcon.colcon_core.shell:Creating environment descriptor '/home/yusuf/custom_msg_ws/install/more_interfaces/share/more_interfaces/hook/ld_library_path_lib.dsv'
[3.204s] INFO:colcon.colcon_core.shell:Creating environment hook '/home/yusuf/custom_msg_ws/install/more_interfaces/share/more_interfaces/hook/ld_library_path_lib.sh'
[3.205s] Level 1:colcon.colcon_core.environment:checking '/home/yusuf/custom_msg_ws/install/more_interfaces/bin'
[3.205s] Level 1:colcon.colcon_core.environment:checking '/home/yusuf/custom_msg_ws/install/more_interfaces/lib/pkgconfig/more_interfaces.pc'
[3.206s] Level 1:colcon.colcon_core.environment:checking '/home/yusuf/custom_msg_ws/install/more_interfaces/lib/python3.10/site-packages'
[3.207s] Level 1:colcon.colcon_core.environment:checking '/home/yusuf/custom_msg_ws/install/more_interfaces/bin'
[3.208s] INFO:colcon.colcon_core.shell:Creating package script '/home/yusuf/custom_msg_ws/install/more_interfaces/share/more_interfaces/package.ps1'
[3.210s] INFO:colcon.colcon_core.shell:Creating package descriptor '/home/yusuf/custom_msg_ws/install/more_interfaces/share/more_interfaces/package.dsv'
[3.212s] INFO:colcon.colcon_core.shell:Creating package script '/home/yusuf/custom_msg_ws/install/more_interfaces/share/more_interfaces/package.sh'
[3.214s] INFO:colcon.colcon_core.shell:Creating package script '/home/yusuf/custom_msg_ws/install/more_interfaces/share/more_interfaces/package.bash'
[3.217s] INFO:colcon.colcon_core.shell:Creating package script '/home/yusuf/custom_msg_ws/install/more_interfaces/share/more_interfaces/package.zsh'
[3.220s] Level 1:colcon.colcon_core.environment:create_file_with_runtime_dependencies(/home/yusuf/custom_msg_ws/install/more_interfaces/share/colcon-core/packages/more_interfaces)
[3.363s] Level 1:colcon.colcon_core.environment:create_environment_scripts_only(more_interfaces)
[3.364s] Level 1:colcon.colcon_core.environment:checking '/home/yusuf/custom_msg_ws/install/more_interfaces' for CMake module files
[3.367s] Level 1:colcon.colcon_core.environment:checking '/home/yusuf/custom_msg_ws/install/more_interfaces' for CMake config files
[3.368s] Level 1:colcon.colcon_core.shell:create_environment_hook('more_interfaces', 'cmake_prefix_path')
[3.368s] INFO:colcon.colcon_core.shell:Creating environment hook '/home/yusuf/custom_msg_ws/install/more_interfaces/share/more_interfaces/hook/cmake_prefix_path.ps1'
[3.370s] INFO:colcon.colcon_core.shell:Creating environment descriptor '/home/yusuf/custom_msg_ws/install/more_interfaces/share/more_interfaces/hook/cmake_prefix_path.dsv'
[3.371s] INFO:colcon.colcon_core.shell:Creating environment hook '/home/yusuf/custom_msg_ws/install/more_interfaces/share/more_interfaces/hook/cmake_prefix_path.sh'
[3.372s] Level 1:colcon.colcon_core.environment:checking '/home/yusuf/custom_msg_ws/install/more_interfaces/lib'
[3.373s] Level 1:colcon.colcon_core.shell:create_environment_hook('more_interfaces', 'ld_library_path_lib')
[3.373s] INFO:colcon.colcon_core.shell:Creating environment hook '/home/yusuf/custom_msg_ws/install/more_interfaces/share/more_interfaces/hook/ld_library_path_lib.ps1'
[3.374s] INFO:colcon.colcon_core.shell:Creating environment descriptor '/home/yusuf/custom_msg_ws/install/more_interfaces/share/more_interfaces/hook/ld_library_path_lib.dsv'
[3.375s] INFO:colcon.colcon_core.shell:Creating environment hook '/home/yusuf/custom_msg_ws/install/more_interfaces/share/more_interfaces/hook/ld_library_path_lib.sh'
[3.376s] Level 1:colcon.colcon_core.environment:checking '/home/yusuf/custom_msg_ws/install/more_interfaces/bin'
[3.377s] Level 1:colcon.colcon_core.environment:checking '/home/yusuf/custom_msg_ws/install/more_interfaces/lib/pkgconfig/more_interfaces.pc'
[3.377s] Level 1:colcon.colcon_core.environment:checking '/home/yusuf/custom_msg_ws/install/more_interfaces/lib/python3.10/site-packages'
[3.378s] Level 1:colcon.colcon_core.environment:checking '/home/yusuf/custom_msg_ws/install/more_interfaces/bin'
[3.379s] INFO:colcon.colcon_core.shell:Creating package script '/home/yusuf/custom_msg_ws/install/more_interfaces/share/more_interfaces/package.ps1'
[3.381s] INFO:colcon.colcon_core.shell:Creating package descriptor '/home/yusuf/custom_msg_ws/install/more_interfaces/share/more_interfaces/package.dsv'
[3.383s] INFO:colcon.colcon_core.shell:Creating package script '/home/yusuf/custom_msg_ws/install/more_interfaces/share/more_interfaces/package.sh'
[3.384s] INFO:colcon.colcon_core.shell:Creating package script '/home/yusuf/custom_msg_ws/install/more_interfaces/share/more_interfaces/package.bash'
[3.385s] INFO:colcon.colcon_core.shell:Creating package script '/home/yusuf/custom_msg_ws/install/more_interfaces/share/more_interfaces/package.zsh'
[3.386s] Level 1:colcon.colcon_core.environment:create_file_with_runtime_dependencies(/home/yusuf/custom_msg_ws/install/more_interfaces/share/colcon-core/packages/more_interfaces)
[3.387s] DEBUG:colcon.colcon_parallel_executor.executor.parallel:closing loop
[3.387s] DEBUG:colcon.colcon_parallel_executor.executor.parallel:loop closed
[3.388s] DEBUG:colcon.colcon_parallel_executor.executor.parallel:run_until_complete finished with '0'
[3.388s] DEBUG:colcon.colcon_core.event_reactor:joining thread
[3.402s] INFO:colcon.colcon_core.plugin_system:Skipping extension 'colcon_notification.desktop_notification.terminal_notifier': Not used on non-Darwin systems
[3.403s] INFO:colcon.colcon_core.plugin_system:Skipping extension 'colcon_notification.desktop_notification.win32': Not used on non-Windows systems
[3.403s] INFO:colcon.colcon_notification.desktop_notification:Sending desktop notification using 'notify2'
[3.422s] DEBUG:colcon.colcon_core.event_reactor:joined thread
[3.424s] INFO:colcon.colcon_core.shell:Creating prefix script '/home/yusuf/custom_msg_ws/install/local_setup.ps1'
[3.427s] INFO:colcon.colcon_core.shell:Creating prefix util module '/home/yusuf/custom_msg_ws/install/_local_setup_util_ps1.py'
[3.433s] INFO:colcon.colcon_core.shell:Creating prefix chain script '/home/yusuf/custom_msg_ws/install/setup.ps1'
[3.439s] INFO:colcon.colcon_core.shell:Creating prefix script '/home/yusuf/custom_msg_ws/install/local_setup.sh'
[3.441s] INFO:colcon.colcon_core.shell:Creating prefix util module '/home/yusuf/custom_msg_ws/install/_local_setup_util_sh.py'
[3.443s] INFO:colcon.colcon_core.shell:Creating prefix chain script '/home/yusuf/custom_msg_ws/install/setup.sh'
[3.447s] INFO:colcon.colcon_core.shell:Creating prefix script '/home/yusuf/custom_msg_ws/install/local_setup.bash'
[3.449s] INFO:colcon.colcon_core.shell:Creating prefix chain script '/home/yusuf/custom_msg_ws/install/setup.bash'
[3.453s] INFO:colcon.colcon_core.shell:Creating prefix script '/home/yusuf/custom_msg_ws/install/local_setup.zsh'
[3.454s] INFO:colcon.colcon_core.shell:Creating prefix chain script '/home/yusuf/custom_msg_ws/install/setup.zsh'
