[0.030s] Invoking command in '/home/yusuf/custom_msg_ws/build/more_interfaces': CMAKE_PREFIX_PATH=${CMAKE_PREFIX_PATH}:/home/yusuf/tcp/install/tcp_package:/opt/ros/humble /usr/bin/cmake --build /home/yusuf/custom_msg_ws/build/more_interfaces -- -j8 -l8
[0.081s] -- Found ament_cmake: 1.3.9 (/opt/ros/humble/share/ament_cmake/cmake)
[0.402s] -- Found rosidl_default_generators: 1.2.0 (/opt/ros/humble/share/rosidl_default_generators/cmake)
[0.407s] -- Using all available rosidl_typesupport_c: rosidl_typesupport_fastrtps_c;rosidl_typesupport_introspection_c
[0.413s] -- Found rosidl_adapter: 3.1.5 (/opt/ros/humble/share/rosidl_adapter/cmake)
[0.486s] -- Using all available rosidl_typesupport_cpp: rosidl_typesupport_fastrtps_cpp;rosidl_typesupport_introspection_cpp
[0.545s] -- Found rclcpp: 16.0.9 (/opt/ros/humble/share/rclcpp/cmake)
[0.690s] -- Found rmw_implementation_cmake: 6.1.2 (/opt/ros/humble/share/rmw_implementation_cmake/cmake)
[0.693s] -- Found rmw_cyclonedds_cpp: 1.3.4 (/opt/ros/humble/share/rmw_cyclonedds_cpp/cmake)
[0.759s] -- Using RMW implementation 'rmw_cyclonedds_cpp' as default
[1.106s] [31mCMake Error at /opt/ros/humble/share/rosidl_cmake/cmake/rosidl_get_typesupport_target.cmake:29 (message):
[1.106s]   more_interfaces is not a CMake target.  Maybe rosidl_generate_interfaces
[1.107s]   was given a different target name?
[1.107s] Call Stack (most recent call first):
[1.107s]   CMakeLists.txt:22 (rosidl_get_typesupport_target)
[1.107s] 
[1.107s] [0m
[1.107s] -- Configuring incomplete, errors occurred!
[1.107s] See also "/home/yusuf/custom_msg_ws/build/more_interfaces/CMakeFiles/CMakeOutput.log".
[1.116s] gmake: *** [Makefile:747: cmake_check_build_system] Error 1
[1.120s] Invoked command in '/home/yusuf/custom_msg_ws/build/more_interfaces' returned '2': CMAKE_PREFIX_PATH=${CMAKE_PREFIX_PATH}:/home/yusuf/tcp/install/tcp_package:/opt/ros/humble /usr/bin/cmake --build /home/yusuf/custom_msg_ws/build/more_interfaces -- -j8 -l8
