[0.045s] Invoking command in '/home/yusuf/custom_msg_ws/build/more_interfaces': CMAKE_PREFIX_PATH=${CMAKE_PREFIX_PATH}:/home/yusuf/tcp/install/tcp_package:/opt/ros/humble /usr/bin/cmake --build /home/yusuf/custom_msg_ws/build/more_interfaces -- -j8 -l8
[0.156s] [  3%] Built target more_interfaces__cpp
[0.157s] [ 12%] Built target more_interfaces__rosidl_generator_c
[0.184s] [ 12%] Built target ament_cmake_python_copy_more_interfaces
[0.222s] [ 21%] Built target more_interfaces__rosidl_typesupport_cpp
[0.227s] [ 39%] Built target more_interfaces__rosidl_typesupport_fastrtps_cpp
[0.228s] [ 39%] Built target more_interfaces__rosidl_typesupport_introspection_cpp
[0.244s] [ 48%] Built target more_interfaces__rosidl_typesupport_c
[0.249s] [ 57%] Built target more_interfaces__rosidl_typesupport_introspection_c
[0.253s] [ 66%] Built target more_interfaces__rosidl_typesupport_fastrtps_c
[0.292s] [ 72%] Built target publish_address_book
[0.298s] [ 72%] Built target more_interfaces
[0.340s] [ 75%] Built target more_interfaces__py
[0.384s] [ 81%] Built target more_interfaces__rosidl_generator_py
[0.431s] [ 87%] Built target more_interfaces__rosidl_typesupport_introspection_c__pyext
[0.438s] [ 93%] Built target more_interfaces__rosidl_typesupport_c__pyext
[0.447s] [100%] Built target more_interfaces__rosidl_typesupport_fastrtps_c__pyext
[0.822s] running egg_info
[0.824s] writing more_interfaces.egg-info/PKG-INFO
[0.825s] writing dependency_links to more_interfaces.egg-info/dependency_links.txt
[0.825s] writing top-level names to more_interfaces.egg-info/top_level.txt
[0.831s] reading manifest file 'more_interfaces.egg-info/SOURCES.txt'
[0.832s] writing manifest file 'more_interfaces.egg-info/SOURCES.txt'
[0.885s] [100%] Built target ament_cmake_python_build_more_interfaces_egg
[0.909s] Invoked command in '/home/yusuf/custom_msg_ws/build/more_interfaces' returned '0': CMAKE_PREFIX_PATH=${CMAKE_PREFIX_PATH}:/home/yusuf/tcp/install/tcp_package:/opt/ros/humble /usr/bin/cmake --build /home/yusuf/custom_msg_ws/build/more_interfaces -- -j8 -l8
[1.063s] Invoking command in '/home/yusuf/custom_msg_ws/build/more_interfaces': CMAKE_PREFIX_PATH=${CMAKE_PREFIX_PATH}:/home/yusuf/tcp/install/tcp_package:/opt/ros/humble /usr/bin/cmake --install /home/yusuf/custom_msg_ws/build/more_interfaces
[1.079s] -- Install configuration: ""
[1.079s] -- Up-to-date: /home/yusuf/custom_msg_ws/install/more_interfaces/share/ament_index/resource_index/rosidl_interfaces/more_interfaces
[1.080s] -- Up-to-date: /home/yusuf/custom_msg_ws/install/more_interfaces/include/more_interfaces/more_interfaces
[1.080s] -- Up-to-date: /home/yusuf/custom_msg_ws/install/more_interfaces/include/more_interfaces/more_interfaces/msg
[1.080s] -- Up-to-date: /home/yusuf/custom_msg_ws/install/more_interfaces/include/more_interfaces/more_interfaces/msg/detail
[1.080s] -- Up-to-date: /home/yusuf/custom_msg_ws/install/more_interfaces/include/more_interfaces/more_interfaces/msg/detail/address_book__struct.h
[1.080s] -- Up-to-date: /home/yusuf/custom_msg_ws/install/more_interfaces/include/more_interfaces/more_interfaces/msg/detail/address_book__type_support.h
[1.081s] -- Up-to-date: /home/yusuf/custom_msg_ws/install/more_interfaces/include/more_interfaces/more_interfaces/msg/detail/address_book__functions.c
[1.081s] -- Up-to-date: /home/yusuf/custom_msg_ws/install/more_interfaces/include/more_interfaces/more_interfaces/msg/detail/address_book__functions.h
[1.081s] -- Up-to-date: /home/yusuf/custom_msg_ws/install/more_interfaces/include/more_interfaces/more_interfaces/msg/rosidl_generator_c__visibility_control.h
[1.081s] -- Up-to-date: /home/yusuf/custom_msg_ws/install/more_interfaces/include/more_interfaces/more_interfaces/msg/address_book.h
[1.081s] -- Up-to-date: /home/yusuf/custom_msg_ws/install/more_interfaces/share/more_interfaces/environment/library_path.sh
[1.081s] -- Up-to-date: /home/yusuf/custom_msg_ws/install/more_interfaces/share/more_interfaces/environment/library_path.dsv
[1.082s] -- Up-to-date: /home/yusuf/custom_msg_ws/install/more_interfaces/lib/libmore_interfaces__rosidl_generator_c.so
[1.082s] -- Up-to-date: /home/yusuf/custom_msg_ws/install/more_interfaces/include/more_interfaces/more_interfaces
[1.082s] -- Up-to-date: /home/yusuf/custom_msg_ws/install/more_interfaces/include/more_interfaces/more_interfaces/msg
[1.082s] -- Up-to-date: /home/yusuf/custom_msg_ws/install/more_interfaces/include/more_interfaces/more_interfaces/msg/rosidl_typesupport_fastrtps_c__visibility_control.h
[1.082s] -- Up-to-date: /home/yusuf/custom_msg_ws/install/more_interfaces/include/more_interfaces/more_interfaces/msg/detail
[1.082s] -- Up-to-date: /home/yusuf/custom_msg_ws/install/more_interfaces/include/more_interfaces/more_interfaces/msg/detail/address_book__rosidl_typesupport_fastrtps_c.h
[1.083s] -- Up-to-date: /home/yusuf/custom_msg_ws/install/more_interfaces/lib/libmore_interfaces__rosidl_typesupport_fastrtps_c.so
[1.083s] -- Up-to-date: /home/yusuf/custom_msg_ws/install/more_interfaces/include/more_interfaces/more_interfaces
[1.083s] -- Up-to-date: /home/yusuf/custom_msg_ws/install/more_interfaces/include/more_interfaces/more_interfaces/msg
[1.083s] -- Up-to-date: /home/yusuf/custom_msg_ws/install/more_interfaces/include/more_interfaces/more_interfaces/msg/rosidl_typesupport_introspection_c__visibility_control.h
[1.083s] -- Up-to-date: /home/yusuf/custom_msg_ws/install/more_interfaces/include/more_interfaces/more_interfaces/msg/detail
[1.083s] -- Up-to-date: /home/yusuf/custom_msg_ws/install/more_interfaces/include/more_interfaces/more_interfaces/msg/detail/address_book__type_support.c
[1.084s] -- Up-to-date: /home/yusuf/custom_msg_ws/install/more_interfaces/include/more_interfaces/more_interfaces/msg/detail/address_book__rosidl_typesupport_introspection_c.h
[1.084s] -- Up-to-date: /home/yusuf/custom_msg_ws/install/more_interfaces/lib/libmore_interfaces__rosidl_typesupport_introspection_c.so
[1.084s] -- Up-to-date: /home/yusuf/custom_msg_ws/install/more_interfaces/lib/libmore_interfaces__rosidl_typesupport_c.so
[1.084s] -- Up-to-date: /home/yusuf/custom_msg_ws/install/more_interfaces/include/more_interfaces/more_interfaces
[1.084s] -- Up-to-date: /home/yusuf/custom_msg_ws/install/more_interfaces/include/more_interfaces/more_interfaces/msg
[1.084s] -- Up-to-date: /home/yusuf/custom_msg_ws/install/more_interfaces/include/more_interfaces/more_interfaces/msg/detail
[1.085s] -- Up-to-date: /home/yusuf/custom_msg_ws/install/more_interfaces/include/more_interfaces/more_interfaces/msg/detail/address_book__traits.hpp
[1.085s] -- Up-to-date: /home/yusuf/custom_msg_ws/install/more_interfaces/include/more_interfaces/more_interfaces/msg/detail/address_book__builder.hpp
[1.085s] -- Up-to-date: /home/yusuf/custom_msg_ws/install/more_interfaces/include/more_interfaces/more_interfaces/msg/detail/address_book__struct.hpp
[1.085s] -- Up-to-date: /home/yusuf/custom_msg_ws/install/more_interfaces/include/more_interfaces/more_interfaces/msg/address_book.hpp
[1.085s] -- Up-to-date: /home/yusuf/custom_msg_ws/install/more_interfaces/include/more_interfaces/more_interfaces
[1.085s] -- Up-to-date: /home/yusuf/custom_msg_ws/install/more_interfaces/include/more_interfaces/more_interfaces/msg
[1.085s] -- Up-to-date: /home/yusuf/custom_msg_ws/install/more_interfaces/include/more_interfaces/more_interfaces/msg/detail
[1.086s] -- Up-to-date: /home/yusuf/custom_msg_ws/install/more_interfaces/include/more_interfaces/more_interfaces/msg/detail/dds_fastrtps
[1.086s] -- Up-to-date: /home/yusuf/custom_msg_ws/install/more_interfaces/include/more_interfaces/more_interfaces/msg/detail/address_book__rosidl_typesupport_fastrtps_cpp.hpp
[1.086s] -- Up-to-date: /home/yusuf/custom_msg_ws/install/more_interfaces/include/more_interfaces/more_interfaces/msg/rosidl_typesupport_fastrtps_cpp__visibility_control.h
[1.086s] -- Up-to-date: /home/yusuf/custom_msg_ws/install/more_interfaces/lib/libmore_interfaces__rosidl_typesupport_fastrtps_cpp.so
[1.086s] -- Up-to-date: /home/yusuf/custom_msg_ws/install/more_interfaces/include/more_interfaces/more_interfaces
[1.087s] -- Up-to-date: /home/yusuf/custom_msg_ws/install/more_interfaces/include/more_interfaces/more_interfaces/msg
[1.087s] -- Up-to-date: /home/yusuf/custom_msg_ws/install/more_interfaces/include/more_interfaces/more_interfaces/msg/detail
[1.087s] -- Up-to-date: /home/yusuf/custom_msg_ws/install/more_interfaces/include/more_interfaces/more_interfaces/msg/detail/address_book__type_support.cpp
[1.087s] -- Up-to-date: /home/yusuf/custom_msg_ws/install/more_interfaces/include/more_interfaces/more_interfaces/msg/detail/address_book__rosidl_typesupport_introspection_cpp.hpp
[1.087s] -- Up-to-date: /home/yusuf/custom_msg_ws/install/more_interfaces/lib/libmore_interfaces__rosidl_typesupport_introspection_cpp.so
[1.087s] -- Up-to-date: /home/yusuf/custom_msg_ws/install/more_interfaces/lib/libmore_interfaces__rosidl_typesupport_cpp.so
[1.087s] -- Up-to-date: /home/yusuf/custom_msg_ws/install/more_interfaces/share/more_interfaces/environment/pythonpath.sh
[1.088s] -- Up-to-date: /home/yusuf/custom_msg_ws/install/more_interfaces/share/more_interfaces/environment/pythonpath.dsv
[1.088s] -- Up-to-date: /home/yusuf/custom_msg_ws/install/more_interfaces/local/lib/python3.10/dist-packages/more_interfaces-0.0.0-py3.10.egg-info
[1.088s] -- Installing: /home/yusuf/custom_msg_ws/install/more_interfaces/local/lib/python3.10/dist-packages/more_interfaces-0.0.0-py3.10.egg-info/dependency_links.txt
[1.088s] -- Installing: /home/yusuf/custom_msg_ws/install/more_interfaces/local/lib/python3.10/dist-packages/more_interfaces-0.0.0-py3.10.egg-info/SOURCES.txt
[1.088s] -- Installing: /home/yusuf/custom_msg_ws/install/more_interfaces/local/lib/python3.10/dist-packages/more_interfaces-0.0.0-py3.10.egg-info/top_level.txt
[1.088s] -- Installing: /home/yusuf/custom_msg_ws/install/more_interfaces/local/lib/python3.10/dist-packages/more_interfaces-0.0.0-py3.10.egg-info/PKG-INFO
[1.088s] -- Up-to-date: /home/yusuf/custom_msg_ws/install/more_interfaces/local/lib/python3.10/dist-packages/more_interfaces
[1.089s] -- Up-to-date: /home/yusuf/custom_msg_ws/install/more_interfaces/local/lib/python3.10/dist-packages/more_interfaces/more_interfaces_s__rosidl_typesupport_fastrtps_c.cpython-310-x86_64-linux-gnu.so
[1.089s] -- Up-to-date: /home/yusuf/custom_msg_ws/install/more_interfaces/local/lib/python3.10/dist-packages/more_interfaces/libmore_interfaces__rosidl_generator_py.so
[1.089s] -- Up-to-date: /home/yusuf/custom_msg_ws/install/more_interfaces/local/lib/python3.10/dist-packages/more_interfaces/more_interfaces_s__rosidl_typesupport_c.cpython-310-x86_64-linux-gnu.so
[1.089s] -- Up-to-date: /home/yusuf/custom_msg_ws/install/more_interfaces/local/lib/python3.10/dist-packages/more_interfaces/_more_interfaces_s.ep.rosidl_typesupport_introspection_c.c
[1.089s] -- Up-to-date: /home/yusuf/custom_msg_ws/install/more_interfaces/local/lib/python3.10/dist-packages/more_interfaces/_more_interfaces_s.ep.rosidl_typesupport_fastrtps_c.c
[1.089s] -- Up-to-date: /home/yusuf/custom_msg_ws/install/more_interfaces/local/lib/python3.10/dist-packages/more_interfaces/_more_interfaces_s.ep.rosidl_typesupport_c.c
[1.089s] -- Up-to-date: /home/yusuf/custom_msg_ws/install/more_interfaces/local/lib/python3.10/dist-packages/more_interfaces/more_interfaces_s__rosidl_typesupport_introspection_c.cpython-310-x86_64-linux-gnu.so
[1.089s] -- Up-to-date: /home/yusuf/custom_msg_ws/install/more_interfaces/local/lib/python3.10/dist-packages/more_interfaces/msg
[1.090s] -- Up-to-date: /home/yusuf/custom_msg_ws/install/more_interfaces/local/lib/python3.10/dist-packages/more_interfaces/msg/_address_book_s.c
[1.090s] -- Up-to-date: /home/yusuf/custom_msg_ws/install/more_interfaces/local/lib/python3.10/dist-packages/more_interfaces/msg/_address_book.py
[1.090s] -- Up-to-date: /home/yusuf/custom_msg_ws/install/more_interfaces/local/lib/python3.10/dist-packages/more_interfaces/msg/__init__.py
[1.090s] -- Up-to-date: /home/yusuf/custom_msg_ws/install/more_interfaces/local/lib/python3.10/dist-packages/more_interfaces/__init__.py
[1.168s] Listing '/home/yusuf/custom_msg_ws/install/more_interfaces/local/lib/python3.10/dist-packages/more_interfaces'...
[1.168s] Listing '/home/yusuf/custom_msg_ws/install/more_interfaces/local/lib/python3.10/dist-packages/more_interfaces/msg'...
[1.178s] -- Up-to-date: /home/yusuf/custom_msg_ws/install/more_interfaces/local/lib/python3.10/dist-packages/more_interfaces/more_interfaces_s__rosidl_typesupport_fastrtps_c.cpython-310-x86_64-linux-gnu.so
[1.178s] -- Up-to-date: /home/yusuf/custom_msg_ws/install/more_interfaces/local/lib/python3.10/dist-packages/more_interfaces/more_interfaces_s__rosidl_typesupport_introspection_c.cpython-310-x86_64-linux-gnu.so
[1.179s] -- Up-to-date: /home/yusuf/custom_msg_ws/install/more_interfaces/local/lib/python3.10/dist-packages/more_interfaces/more_interfaces_s__rosidl_typesupport_c.cpython-310-x86_64-linux-gnu.so
[1.179s] -- Up-to-date: /home/yusuf/custom_msg_ws/install/more_interfaces/lib/libmore_interfaces__rosidl_generator_py.so
[1.180s] -- Up-to-date: /home/yusuf/custom_msg_ws/install/more_interfaces/share/more_interfaces/msg/AddressBook.idl
[1.180s] -- Up-to-date: /home/yusuf/custom_msg_ws/install/more_interfaces/share/more_interfaces/msg/AddressBook.msg
[1.180s] -- Up-to-date: /home/yusuf/custom_msg_ws/install/more_interfaces/lib/more_interfaces/publish_address_book
[1.181s] -- Up-to-date: /home/yusuf/custom_msg_ws/install/more_interfaces/lib/more_interfaces/publish_address.py
[1.181s] -- Up-to-date: /home/yusuf/custom_msg_ws/install/more_interfaces/share/ament_index/resource_index/package_run_dependencies/more_interfaces
[1.181s] -- Up-to-date: /home/yusuf/custom_msg_ws/install/more_interfaces/share/ament_index/resource_index/parent_prefix_path/more_interfaces
[1.182s] -- Up-to-date: /home/yusuf/custom_msg_ws/install/more_interfaces/share/more_interfaces/environment/ament_prefix_path.sh
[1.182s] -- Up-to-date: /home/yusuf/custom_msg_ws/install/more_interfaces/share/more_interfaces/environment/ament_prefix_path.dsv
[1.182s] -- Up-to-date: /home/yusuf/custom_msg_ws/install/more_interfaces/share/more_interfaces/environment/path.sh
[1.183s] -- Up-to-date: /home/yusuf/custom_msg_ws/install/more_interfaces/share/more_interfaces/environment/path.dsv
[1.183s] -- Up-to-date: /home/yusuf/custom_msg_ws/install/more_interfaces/share/more_interfaces/local_setup.bash
[1.183s] -- Up-to-date: /home/yusuf/custom_msg_ws/install/more_interfaces/share/more_interfaces/local_setup.sh
[1.184s] -- Up-to-date: /home/yusuf/custom_msg_ws/install/more_interfaces/share/more_interfaces/local_setup.zsh
[1.184s] -- Up-to-date: /home/yusuf/custom_msg_ws/install/more_interfaces/share/more_interfaces/local_setup.dsv
[1.184s] -- Installing: /home/yusuf/custom_msg_ws/install/more_interfaces/share/more_interfaces/package.dsv
[1.185s] -- Up-to-date: /home/yusuf/custom_msg_ws/install/more_interfaces/share/ament_index/resource_index/packages/more_interfaces
[1.185s] -- Up-to-date: /home/yusuf/custom_msg_ws/install/more_interfaces/share/more_interfaces/cmake/export_more_interfaces__rosidl_generator_cExport.cmake
[1.185s] -- Up-to-date: /home/yusuf/custom_msg_ws/install/more_interfaces/share/more_interfaces/cmake/export_more_interfaces__rosidl_generator_cExport-noconfig.cmake
[1.185s] -- Up-to-date: /home/yusuf/custom_msg_ws/install/more_interfaces/share/more_interfaces/cmake/export_more_interfaces__rosidl_typesupport_fastrtps_cExport.cmake
[1.185s] -- Up-to-date: /home/yusuf/custom_msg_ws/install/more_interfaces/share/more_interfaces/cmake/export_more_interfaces__rosidl_typesupport_fastrtps_cExport-noconfig.cmake
[1.186s] -- Up-to-date: /home/yusuf/custom_msg_ws/install/more_interfaces/share/more_interfaces/cmake/more_interfaces__rosidl_typesupport_introspection_cExport.cmake
[1.186s] -- Up-to-date: /home/yusuf/custom_msg_ws/install/more_interfaces/share/more_interfaces/cmake/more_interfaces__rosidl_typesupport_introspection_cExport-noconfig.cmake
[1.186s] -- Up-to-date: /home/yusuf/custom_msg_ws/install/more_interfaces/share/more_interfaces/cmake/more_interfaces__rosidl_typesupport_cExport.cmake
[1.186s] -- Up-to-date: /home/yusuf/custom_msg_ws/install/more_interfaces/share/more_interfaces/cmake/more_interfaces__rosidl_typesupport_cExport-noconfig.cmake
[1.186s] -- Up-to-date: /home/yusuf/custom_msg_ws/install/more_interfaces/share/more_interfaces/cmake/export_more_interfaces__rosidl_generator_cppExport.cmake
[1.186s] -- Up-to-date: /home/yusuf/custom_msg_ws/install/more_interfaces/share/more_interfaces/cmake/export_more_interfaces__rosidl_typesupport_fastrtps_cppExport.cmake
[1.187s] -- Up-to-date: /home/yusuf/custom_msg_ws/install/more_interfaces/share/more_interfaces/cmake/export_more_interfaces__rosidl_typesupport_fastrtps_cppExport-noconfig.cmake
[1.187s] -- Up-to-date: /home/yusuf/custom_msg_ws/install/more_interfaces/share/more_interfaces/cmake/more_interfaces__rosidl_typesupport_introspection_cppExport.cmake
[1.187s] -- Up-to-date: /home/yusuf/custom_msg_ws/install/more_interfaces/share/more_interfaces/cmake/more_interfaces__rosidl_typesupport_introspection_cppExport-noconfig.cmake
[1.187s] -- Up-to-date: /home/yusuf/custom_msg_ws/install/more_interfaces/share/more_interfaces/cmake/more_interfaces__rosidl_typesupport_cppExport.cmake
[1.187s] -- Up-to-date: /home/yusuf/custom_msg_ws/install/more_interfaces/share/more_interfaces/cmake/more_interfaces__rosidl_typesupport_cppExport-noconfig.cmake
[1.187s] -- Up-to-date: /home/yusuf/custom_msg_ws/install/more_interfaces/share/more_interfaces/cmake/export_more_interfaces__rosidl_generator_pyExport.cmake
[1.187s] -- Up-to-date: /home/yusuf/custom_msg_ws/install/more_interfaces/share/more_interfaces/cmake/export_more_interfaces__rosidl_generator_pyExport-noconfig.cmake
[1.188s] -- Up-to-date: /home/yusuf/custom_msg_ws/install/more_interfaces/share/more_interfaces/cmake/rosidl_cmake-extras.cmake
[1.188s] -- Up-to-date: /home/yusuf/custom_msg_ws/install/more_interfaces/share/more_interfaces/cmake/ament_cmake_export_include_directories-extras.cmake
[1.188s] -- Up-to-date: /home/yusuf/custom_msg_ws/install/more_interfaces/share/more_interfaces/cmake/ament_cmake_export_libraries-extras.cmake
[1.189s] -- Up-to-date: /home/yusuf/custom_msg_ws/install/more_interfaces/share/more_interfaces/cmake/ament_cmake_export_targets-extras.cmake
[1.189s] -- Up-to-date: /home/yusuf/custom_msg_ws/install/more_interfaces/share/more_interfaces/cmake/rosidl_cmake_export_typesupport_targets-extras.cmake
[1.189s] -- Up-to-date: /home/yusuf/custom_msg_ws/install/more_interfaces/share/more_interfaces/cmake/ament_cmake_export_dependencies-extras.cmake
[1.190s] -- Up-to-date: /home/yusuf/custom_msg_ws/install/more_interfaces/share/more_interfaces/cmake/rosidl_cmake_export_typesupport_libraries-extras.cmake
[1.190s] -- Up-to-date: /home/yusuf/custom_msg_ws/install/more_interfaces/share/more_interfaces/cmake/more_interfacesConfig.cmake
[1.190s] -- Up-to-date: /home/yusuf/custom_msg_ws/install/more_interfaces/share/more_interfaces/cmake/more_interfacesConfig-version.cmake
[1.191s] -- Up-to-date: /home/yusuf/custom_msg_ws/install/more_interfaces/share/more_interfaces/package.xml
[1.192s] Invoked command in '/home/yusuf/custom_msg_ws/build/more_interfaces' returned '0': CMAKE_PREFIX_PATH=${CMAKE_PREFIX_PATH}:/home/yusuf/tcp/install/tcp_package:/opt/ros/humble /usr/bin/cmake --install /home/yusuf/custom_msg_ws/build/more_interfaces
