[  3%] Built target more_interfaces__cpp
[ 12%] Built target more_interfaces__rosidl_generator_c
[ 12%] Built target ament_cmake_python_copy_more_interfaces
[ 21%] Built target more_interfaces__rosidl_typesupport_introspection_cpp
[ 30%] Built target more_interfaces__rosidl_typesupport_cpp
[ 39%] Built target more_interfaces__rosidl_typesupport_introspection_c
[ 57%] Built target more_interfaces__rosidl_typesupport_fastrtps_cpp
[ 57%] Built target more_interfaces__rosidl_typesupport_fastrtps_c
[ 66%] Built target more_interfaces__rosidl_typesupport_c
[ 66%] Built target more_interfaces
[ 69%] [32mBuilding CXX object CMakeFiles/publish_address_book.dir/src/publish_address_book.cpp.o[0m
[01m[Kcc1plus:[m[K [01;31m[Kfatal error: [m[K/home/yusuf/custom_msg_ws/src/more_interfaces/src/publish_address_book.cpp: No such file or directory
compilation terminated.
gmake[2]: *** [CMakeFiles/publish_address_book.dir/build.make:76: CMakeFiles/publish_address_book.dir/src/publish_address_book.cpp.o] Error 1
gmake[1]: *** [CMakeFiles/Makefile2:593: CMakeFiles/publish_address_book.dir/all] Error 2
gmake[1]: *** Waiting for unfinished jobs....
[ 72%] Built target more_interfaces__py
running egg_info
writing more_interfaces.egg-info/PKG-INFO
writing dependency_links to more_interfaces.egg-info/dependency_links.txt
writing top-level names to more_interfaces.egg-info/top_level.txt
reading manifest file 'more_interfaces.egg-info/SOURCES.txt'
writing manifest file 'more_interfaces.egg-info/SOURCES.txt'
[ 72%] Built target ament_cmake_python_build_more_interfaces_egg
gmake: *** [Makefile:146: all] Error 2
