[0.028s] Invoking command in '/home/yusuf/custom_msg_ws/build/more_interfaces': CMAKE_PREFIX_PATH=${CMAKE_PREFIX_PATH}:/home/yusuf/ros2_usb_com_ws/install/usb_ros_com:/home/yusuf/tcp/install/tcp_package:/opt/ros/humble /usr/bin/cmake --build /home/yusuf/custom_msg_ws/build/more_interfaces -- -j8 -l8
[0.089s] -- Found ament_cmake: 1.3.9 (/opt/ros/humble/share/ament_cmake/cmake)
[0.409s] -- Found rosidl_default_generators: 1.2.0 (/opt/ros/humble/share/rosidl_default_generators/cmake)
[0.415s] -- Using all available rosidl_typesupport_c: rosidl_typesupport_fastrtps_c;rosidl_typesupport_introspection_c
[0.423s] -- Found rosidl_adapter: 3.1.5 (/opt/ros/humble/share/rosidl_adapter/cmake)
[0.506s] -- Using all available rosidl_typesupport_cpp: rosidl_typesupport_fastrtps_cpp;rosidl_typesupport_introspection_cpp
[0.573s] -- Found rclcpp: 16.0.9 (/opt/ros/humble/share/rclcpp/cmake)
[0.740s] -- Found rmw_implementation_cmake: 6.1.2 (/opt/ros/humble/share/rmw_implementation_cmake/cmake)
[0.745s] -- Found rmw_cyclonedds_cpp: 1.3.4 (/opt/ros/humble/share/rmw_cyclonedds_cpp/cmake)
[0.821s] -- Using RMW implementation 'rmw_cyclonedds_cpp' as default
[1.192s] -- Found rclpy: 3.3.13 (/opt/ros/humble/share/rclpy/cmake)
[1.791s] -- Found ament_cmake_ros: 0.10.0 (/opt/ros/humble/share/ament_cmake_ros/cmake)
[2.237s] -- Using all available rosidl_typesupport_c: rosidl_typesupport_fastrtps_c;rosidl_typesupport_introspection_c
[2.832s] -- Using all available rosidl_typesupport_cpp: rosidl_typesupport_fastrtps_cpp;rosidl_typesupport_introspection_cpp
[2.900s] -- Found python_cmake_module: 0.10.0 (/opt/ros/humble/share/python_cmake_module/cmake)
[2.956s] -- Using PYTHON_EXECUTABLE: /usr/bin/python3
[2.956s] -- Using PYTHON_INCLUDE_DIRS: /usr/include/python3.10
[2.956s] -- Using PYTHON_LIBRARIES: /usr/lib/x86_64-linux-gnu/libpython3.10.so
[3.001s] -- Configuring done
[3.073s] -- Generating done
[3.080s] -- Build files have been written to: /home/yusuf/custom_msg_ws/build/more_interfaces
[3.132s] [35m[1mConsolidate compiler generated dependencies of target more_interfaces__rosidl_generator_c[0m
[3.155s] [  3%] Built target more_interfaces__cpp
[3.163s] [ 12%] Built target more_interfaces__rosidl_generator_c
[3.186s] [ 12%] Built target ament_cmake_python_copy_more_interfaces
[3.187s] [35m[1mConsolidate compiler generated dependencies of target more_interfaces__rosidl_typesupport_fastrtps_cpp[0m
[3.187s] [35m[1mConsolidate compiler generated dependencies of target more_interfaces__rosidl_typesupport_cpp[0m
[3.193s] [35m[1mConsolidate compiler generated dependencies of target more_interfaces__rosidl_typesupport_introspection_cpp[0m
[3.196s] [35m[1mConsolidate compiler generated dependencies of target more_interfaces__rosidl_typesupport_introspection_c[0m
[3.205s] [35m[1mConsolidate compiler generated dependencies of target more_interfaces__rosidl_typesupport_c[0m
[3.214s] [35m[1mConsolidate compiler generated dependencies of target more_interfaces__rosidl_typesupport_fastrtps_c[0m
[3.236s] [ 30%] Built target more_interfaces__rosidl_typesupport_fastrtps_cpp
[3.236s] [ 30%] Built target more_interfaces__rosidl_typesupport_cpp
[3.239s] [ 39%] Built target more_interfaces__rosidl_typesupport_introspection_c
[3.240s] [ 48%] Built target more_interfaces__rosidl_typesupport_c
[3.247s] [ 57%] Built target more_interfaces__rosidl_typesupport_introspection_cpp
[3.253s] [ 66%] Built target more_interfaces__rosidl_typesupport_fastrtps_c
[3.265s] [35m[1mConsolidate compiler generated dependencies of target publish_address_book[0m
[3.296s] [ 66%] Built target more_interfaces
[3.303s] [ 72%] Built target publish_address_book
[3.340s] [ 75%] Built target more_interfaces__py
[3.363s] [35m[1mConsolidate compiler generated dependencies of target more_interfaces__rosidl_generator_py[0m
[3.392s] [ 81%] Built target more_interfaces__rosidl_generator_py
[3.416s] [35m[1mConsolidate compiler generated dependencies of target more_interfaces__rosidl_typesupport_c__pyext[0m
[3.421s] [35m[1mConsolidate compiler generated dependencies of target more_interfaces__rosidl_typesupport_introspection_c__pyext[0m
[3.422s] [35m[1mConsolidate compiler generated dependencies of target more_interfaces__rosidl_typesupport_fastrtps_c__pyext[0m
[3.454s] [ 87%] Built target more_interfaces__rosidl_typesupport_c__pyext
[3.459s] [ 93%] Built target more_interfaces__rosidl_typesupport_fastrtps_c__pyext
[3.466s] [100%] Built target more_interfaces__rosidl_typesupport_introspection_c__pyext
[3.860s] running egg_info
[3.861s] writing more_interfaces.egg-info/PKG-INFO
[3.862s] writing dependency_links to more_interfaces.egg-info/dependency_links.txt
[3.862s] writing top-level names to more_interfaces.egg-info/top_level.txt
[3.867s] reading manifest file 'more_interfaces.egg-info/SOURCES.txt'
[3.869s] writing manifest file 'more_interfaces.egg-info/SOURCES.txt'
[3.924s] [100%] Built target ament_cmake_python_build_more_interfaces_egg
[3.951s] Invoked command in '/home/yusuf/custom_msg_ws/build/more_interfaces' returned '0': CMAKE_PREFIX_PATH=${CMAKE_PREFIX_PATH}:/home/yusuf/ros2_usb_com_ws/install/usb_ros_com:/home/yusuf/tcp/install/tcp_package:/opt/ros/humble /usr/bin/cmake --build /home/yusuf/custom_msg_ws/build/more_interfaces -- -j8 -l8
[4.105s] Invoking command in '/home/yusuf/custom_msg_ws/build/more_interfaces': CMAKE_PREFIX_PATH=${CMAKE_PREFIX_PATH}:/home/yusuf/ros2_usb_com_ws/install/usb_ros_com:/home/yusuf/tcp/install/tcp_package:/opt/ros/humble /usr/bin/cmake --install /home/yusuf/custom_msg_ws/build/more_interfaces
[4.122s] -- Install configuration: ""
[4.122s] -- Up-to-date: /home/yusuf/custom_msg_ws/install/more_interfaces/share/ament_index/resource_index/rosidl_interfaces/more_interfaces
[4.122s] -- Up-to-date: /home/yusuf/custom_msg_ws/install/more_interfaces/include/more_interfaces/more_interfaces
[4.123s] -- Up-to-date: /home/yusuf/custom_msg_ws/install/more_interfaces/include/more_interfaces/more_interfaces/msg
[4.123s] -- Up-to-date: /home/yusuf/custom_msg_ws/install/more_interfaces/include/more_interfaces/more_interfaces/msg/detail
[4.123s] -- Up-to-date: /home/yusuf/custom_msg_ws/install/more_interfaces/include/more_interfaces/more_interfaces/msg/detail/address_book__struct.h
[4.123s] -- Up-to-date: /home/yusuf/custom_msg_ws/install/more_interfaces/include/more_interfaces/more_interfaces/msg/detail/address_book__type_support.h
[4.123s] -- Up-to-date: /home/yusuf/custom_msg_ws/install/more_interfaces/include/more_interfaces/more_interfaces/msg/detail/address_book__functions.c
[4.124s] -- Up-to-date: /home/yusuf/custom_msg_ws/install/more_interfaces/include/more_interfaces/more_interfaces/msg/detail/address_book__functions.h
[4.124s] -- Up-to-date: /home/yusuf/custom_msg_ws/install/more_interfaces/include/more_interfaces/more_interfaces/msg/rosidl_generator_c__visibility_control.h
[4.124s] -- Up-to-date: /home/yusuf/custom_msg_ws/install/more_interfaces/include/more_interfaces/more_interfaces/msg/address_book.h
[4.124s] -- Up-to-date: /home/yusuf/custom_msg_ws/install/more_interfaces/share/more_interfaces/environment/library_path.sh
[4.124s] -- Installing: /home/yusuf/custom_msg_ws/install/more_interfaces/share/more_interfaces/environment/library_path.dsv
[4.124s] -- Up-to-date: /home/yusuf/custom_msg_ws/install/more_interfaces/lib/libmore_interfaces__rosidl_generator_c.so
[4.125s] -- Up-to-date: /home/yusuf/custom_msg_ws/install/more_interfaces/include/more_interfaces/more_interfaces
[4.125s] -- Up-to-date: /home/yusuf/custom_msg_ws/install/more_interfaces/include/more_interfaces/more_interfaces/msg
[4.125s] -- Up-to-date: /home/yusuf/custom_msg_ws/install/more_interfaces/include/more_interfaces/more_interfaces/msg/rosidl_typesupport_fastrtps_c__visibility_control.h
[4.125s] -- Up-to-date: /home/yusuf/custom_msg_ws/install/more_interfaces/include/more_interfaces/more_interfaces/msg/detail
[4.125s] -- Up-to-date: /home/yusuf/custom_msg_ws/install/more_interfaces/include/more_interfaces/more_interfaces/msg/detail/address_book__rosidl_typesupport_fastrtps_c.h
[4.125s] -- Up-to-date: /home/yusuf/custom_msg_ws/install/more_interfaces/lib/libmore_interfaces__rosidl_typesupport_fastrtps_c.so
[4.126s] -- Up-to-date: /home/yusuf/custom_msg_ws/install/more_interfaces/include/more_interfaces/more_interfaces
[4.126s] -- Up-to-date: /home/yusuf/custom_msg_ws/install/more_interfaces/include/more_interfaces/more_interfaces/msg
[4.126s] -- Up-to-date: /home/yusuf/custom_msg_ws/install/more_interfaces/include/more_interfaces/more_interfaces/msg/rosidl_typesupport_introspection_c__visibility_control.h
[4.126s] -- Up-to-date: /home/yusuf/custom_msg_ws/install/more_interfaces/include/more_interfaces/more_interfaces/msg/detail
[4.126s] -- Up-to-date: /home/yusuf/custom_msg_ws/install/more_interfaces/include/more_interfaces/more_interfaces/msg/detail/address_book__type_support.c
[4.127s] -- Up-to-date: /home/yusuf/custom_msg_ws/install/more_interfaces/include/more_interfaces/more_interfaces/msg/detail/address_book__rosidl_typesupport_introspection_c.h
[4.127s] -- Up-to-date: /home/yusuf/custom_msg_ws/install/more_interfaces/lib/libmore_interfaces__rosidl_typesupport_introspection_c.so
[4.127s] -- Up-to-date: /home/yusuf/custom_msg_ws/install/more_interfaces/lib/libmore_interfaces__rosidl_typesupport_c.so
[4.127s] -- Up-to-date: /home/yusuf/custom_msg_ws/install/more_interfaces/include/more_interfaces/more_interfaces
[4.127s] -- Up-to-date: /home/yusuf/custom_msg_ws/install/more_interfaces/include/more_interfaces/more_interfaces/msg
[4.127s] -- Up-to-date: /home/yusuf/custom_msg_ws/install/more_interfaces/include/more_interfaces/more_interfaces/msg/detail
[4.127s] -- Up-to-date: /home/yusuf/custom_msg_ws/install/more_interfaces/include/more_interfaces/more_interfaces/msg/detail/address_book__traits.hpp
[4.128s] -- Up-to-date: /home/yusuf/custom_msg_ws/install/more_interfaces/include/more_interfaces/more_interfaces/msg/detail/address_book__builder.hpp
[4.128s] -- Up-to-date: /home/yusuf/custom_msg_ws/install/more_interfaces/include/more_interfaces/more_interfaces/msg/detail/address_book__struct.hpp
[4.128s] -- Up-to-date: /home/yusuf/custom_msg_ws/install/more_interfaces/include/more_interfaces/more_interfaces/msg/address_book.hpp
[4.128s] -- Up-to-date: /home/yusuf/custom_msg_ws/install/more_interfaces/include/more_interfaces/more_interfaces
[4.128s] -- Up-to-date: /home/yusuf/custom_msg_ws/install/more_interfaces/include/more_interfaces/more_interfaces/msg
[4.129s] -- Up-to-date: /home/yusuf/custom_msg_ws/install/more_interfaces/include/more_interfaces/more_interfaces/msg/detail
[4.129s] -- Up-to-date: /home/yusuf/custom_msg_ws/install/more_interfaces/include/more_interfaces/more_interfaces/msg/detail/dds_fastrtps
[4.129s] -- Up-to-date: /home/yusuf/custom_msg_ws/install/more_interfaces/include/more_interfaces/more_interfaces/msg/detail/address_book__rosidl_typesupport_fastrtps_cpp.hpp
[4.129s] -- Up-to-date: /home/yusuf/custom_msg_ws/install/more_interfaces/include/more_interfaces/more_interfaces/msg/rosidl_typesupport_fastrtps_cpp__visibility_control.h
[4.129s] -- Up-to-date: /home/yusuf/custom_msg_ws/install/more_interfaces/lib/libmore_interfaces__rosidl_typesupport_fastrtps_cpp.so
[4.129s] -- Up-to-date: /home/yusuf/custom_msg_ws/install/more_interfaces/include/more_interfaces/more_interfaces
[4.129s] -- Up-to-date: /home/yusuf/custom_msg_ws/install/more_interfaces/include/more_interfaces/more_interfaces/msg
[4.130s] -- Up-to-date: /home/yusuf/custom_msg_ws/install/more_interfaces/include/more_interfaces/more_interfaces/msg/detail
[4.130s] -- Up-to-date: /home/yusuf/custom_msg_ws/install/more_interfaces/include/more_interfaces/more_interfaces/msg/detail/address_book__type_support.cpp
[4.130s] -- Up-to-date: /home/yusuf/custom_msg_ws/install/more_interfaces/include/more_interfaces/more_interfaces/msg/detail/address_book__rosidl_typesupport_introspection_cpp.hpp
[4.130s] -- Up-to-date: /home/yusuf/custom_msg_ws/install/more_interfaces/lib/libmore_interfaces__rosidl_typesupport_introspection_cpp.so
[4.130s] -- Up-to-date: /home/yusuf/custom_msg_ws/install/more_interfaces/lib/libmore_interfaces__rosidl_typesupport_cpp.so
[4.130s] -- Up-to-date: /home/yusuf/custom_msg_ws/install/more_interfaces/share/more_interfaces/environment/pythonpath.sh
[4.131s] -- Installing: /home/yusuf/custom_msg_ws/install/more_interfaces/share/more_interfaces/environment/pythonpath.dsv
[4.131s] -- Up-to-date: /home/yusuf/custom_msg_ws/install/more_interfaces/local/lib/python3.10/dist-packages/more_interfaces-0.0.0-py3.10.egg-info
[4.131s] -- Installing: /home/yusuf/custom_msg_ws/install/more_interfaces/local/lib/python3.10/dist-packages/more_interfaces-0.0.0-py3.10.egg-info/dependency_links.txt
[4.131s] -- Installing: /home/yusuf/custom_msg_ws/install/more_interfaces/local/lib/python3.10/dist-packages/more_interfaces-0.0.0-py3.10.egg-info/SOURCES.txt
[4.131s] -- Installing: /home/yusuf/custom_msg_ws/install/more_interfaces/local/lib/python3.10/dist-packages/more_interfaces-0.0.0-py3.10.egg-info/top_level.txt
[4.132s] -- Installing: /home/yusuf/custom_msg_ws/install/more_interfaces/local/lib/python3.10/dist-packages/more_interfaces-0.0.0-py3.10.egg-info/PKG-INFO
[4.132s] -- Up-to-date: /home/yusuf/custom_msg_ws/install/more_interfaces/local/lib/python3.10/dist-packages/more_interfaces
[4.132s] -- Up-to-date: /home/yusuf/custom_msg_ws/install/more_interfaces/local/lib/python3.10/dist-packages/more_interfaces/more_interfaces_s__rosidl_typesupport_fastrtps_c.cpython-310-x86_64-linux-gnu.so
[4.132s] -- Up-to-date: /home/yusuf/custom_msg_ws/install/more_interfaces/local/lib/python3.10/dist-packages/more_interfaces/libmore_interfaces__rosidl_generator_py.so
[4.132s] -- Up-to-date: /home/yusuf/custom_msg_ws/install/more_interfaces/local/lib/python3.10/dist-packages/more_interfaces/more_interfaces_s__rosidl_typesupport_c.cpython-310-x86_64-linux-gnu.so
[4.133s] -- Up-to-date: /home/yusuf/custom_msg_ws/install/more_interfaces/local/lib/python3.10/dist-packages/more_interfaces/_more_interfaces_s.ep.rosidl_typesupport_introspection_c.c
[4.133s] -- Up-to-date: /home/yusuf/custom_msg_ws/install/more_interfaces/local/lib/python3.10/dist-packages/more_interfaces/_more_interfaces_s.ep.rosidl_typesupport_fastrtps_c.c
[4.133s] -- Up-to-date: /home/yusuf/custom_msg_ws/install/more_interfaces/local/lib/python3.10/dist-packages/more_interfaces/_more_interfaces_s.ep.rosidl_typesupport_c.c
[4.133s] -- Up-to-date: /home/yusuf/custom_msg_ws/install/more_interfaces/local/lib/python3.10/dist-packages/more_interfaces/more_interfaces_s__rosidl_typesupport_introspection_c.cpython-310-x86_64-linux-gnu.so
[4.133s] -- Up-to-date: /home/yusuf/custom_msg_ws/install/more_interfaces/local/lib/python3.10/dist-packages/more_interfaces/msg
[4.133s] -- Up-to-date: /home/yusuf/custom_msg_ws/install/more_interfaces/local/lib/python3.10/dist-packages/more_interfaces/msg/_address_book_s.c
[4.133s] -- Up-to-date: /home/yusuf/custom_msg_ws/install/more_interfaces/local/lib/python3.10/dist-packages/more_interfaces/msg/_address_book.py
[4.134s] -- Up-to-date: /home/yusuf/custom_msg_ws/install/more_interfaces/local/lib/python3.10/dist-packages/more_interfaces/msg/__init__.py
[4.134s] -- Installing: /home/yusuf/custom_msg_ws/install/more_interfaces/local/lib/python3.10/dist-packages/more_interfaces/__init__.py
[4.222s] Listing '/home/yusuf/custom_msg_ws/install/more_interfaces/local/lib/python3.10/dist-packages/more_interfaces'...
[4.222s] Compiling '/home/yusuf/custom_msg_ws/install/more_interfaces/local/lib/python3.10/dist-packages/more_interfaces/__init__.py'...
[4.222s] Listing '/home/yusuf/custom_msg_ws/install/more_interfaces/local/lib/python3.10/dist-packages/more_interfaces/msg'...
[4.233s] -- Up-to-date: /home/yusuf/custom_msg_ws/install/more_interfaces/local/lib/python3.10/dist-packages/more_interfaces/more_interfaces_s__rosidl_typesupport_fastrtps_c.cpython-310-x86_64-linux-gnu.so
[4.233s] -- Up-to-date: /home/yusuf/custom_msg_ws/install/more_interfaces/local/lib/python3.10/dist-packages/more_interfaces/more_interfaces_s__rosidl_typesupport_introspection_c.cpython-310-x86_64-linux-gnu.so
[4.235s] -- Up-to-date: /home/yusuf/custom_msg_ws/install/more_interfaces/local/lib/python3.10/dist-packages/more_interfaces/more_interfaces_s__rosidl_typesupport_c.cpython-310-x86_64-linux-gnu.so
[4.235s] -- Up-to-date: /home/yusuf/custom_msg_ws/install/more_interfaces/lib/libmore_interfaces__rosidl_generator_py.so
[4.236s] -- Up-to-date: /home/yusuf/custom_msg_ws/install/more_interfaces/share/more_interfaces/msg/AddressBook.idl
[4.236s] -- Up-to-date: /home/yusuf/custom_msg_ws/install/more_interfaces/share/more_interfaces/msg/AddressBook.msg
[4.236s] -- Up-to-date: /home/yusuf/custom_msg_ws/install/more_interfaces/lib/more_interfaces/publish_address_book
[4.237s] -- Up-to-date: /home/yusuf/custom_msg_ws/install/more_interfaces/lib/more_interfaces/publish_address.py
[4.237s] -- Installing: /home/yusuf/custom_msg_ws/install/more_interfaces/lib/more_interfaces/subtry.py
[4.238s] -- Installing: /home/yusuf/custom_msg_ws/install/more_interfaces/lib/more_interfaces/subtry_2.py
[4.238s] -- Up-to-date: /home/yusuf/custom_msg_ws/install/more_interfaces/share/ament_index/resource_index/package_run_dependencies/more_interfaces
[4.238s] -- Up-to-date: /home/yusuf/custom_msg_ws/install/more_interfaces/share/ament_index/resource_index/parent_prefix_path/more_interfaces
[4.239s] -- Up-to-date: /home/yusuf/custom_msg_ws/install/more_interfaces/share/more_interfaces/environment/ament_prefix_path.sh
[4.239s] -- Installing: /home/yusuf/custom_msg_ws/install/more_interfaces/share/more_interfaces/environment/ament_prefix_path.dsv
[4.239s] -- Up-to-date: /home/yusuf/custom_msg_ws/install/more_interfaces/share/more_interfaces/environment/path.sh
[4.239s] -- Installing: /home/yusuf/custom_msg_ws/install/more_interfaces/share/more_interfaces/environment/path.dsv
[4.240s] -- Up-to-date: /home/yusuf/custom_msg_ws/install/more_interfaces/share/more_interfaces/local_setup.bash
[4.240s] -- Up-to-date: /home/yusuf/custom_msg_ws/install/more_interfaces/share/more_interfaces/local_setup.sh
[4.240s] -- Up-to-date: /home/yusuf/custom_msg_ws/install/more_interfaces/share/more_interfaces/local_setup.zsh
[4.241s] -- Installing: /home/yusuf/custom_msg_ws/install/more_interfaces/share/more_interfaces/local_setup.dsv
[4.241s] -- Installing: /home/yusuf/custom_msg_ws/install/more_interfaces/share/more_interfaces/package.dsv
[4.241s] -- Up-to-date: /home/yusuf/custom_msg_ws/install/more_interfaces/share/ament_index/resource_index/packages/more_interfaces
[4.242s] -- Up-to-date: /home/yusuf/custom_msg_ws/install/more_interfaces/share/more_interfaces/cmake/export_more_interfaces__rosidl_generator_cExport.cmake
[4.242s] -- Up-to-date: /home/yusuf/custom_msg_ws/install/more_interfaces/share/more_interfaces/cmake/export_more_interfaces__rosidl_generator_cExport-noconfig.cmake
[4.242s] -- Up-to-date: /home/yusuf/custom_msg_ws/install/more_interfaces/share/more_interfaces/cmake/export_more_interfaces__rosidl_typesupport_fastrtps_cExport.cmake
[4.243s] -- Up-to-date: /home/yusuf/custom_msg_ws/install/more_interfaces/share/more_interfaces/cmake/export_more_interfaces__rosidl_typesupport_fastrtps_cExport-noconfig.cmake
[4.243s] -- Up-to-date: /home/yusuf/custom_msg_ws/install/more_interfaces/share/more_interfaces/cmake/more_interfaces__rosidl_typesupport_introspection_cExport.cmake
[4.243s] -- Up-to-date: /home/yusuf/custom_msg_ws/install/more_interfaces/share/more_interfaces/cmake/more_interfaces__rosidl_typesupport_introspection_cExport-noconfig.cmake
[4.243s] -- Up-to-date: /home/yusuf/custom_msg_ws/install/more_interfaces/share/more_interfaces/cmake/more_interfaces__rosidl_typesupport_cExport.cmake
[4.244s] -- Up-to-date: /home/yusuf/custom_msg_ws/install/more_interfaces/share/more_interfaces/cmake/more_interfaces__rosidl_typesupport_cExport-noconfig.cmake
[4.244s] -- Up-to-date: /home/yusuf/custom_msg_ws/install/more_interfaces/share/more_interfaces/cmake/export_more_interfaces__rosidl_generator_cppExport.cmake
[4.244s] -- Up-to-date: /home/yusuf/custom_msg_ws/install/more_interfaces/share/more_interfaces/cmake/export_more_interfaces__rosidl_typesupport_fastrtps_cppExport.cmake
[4.244s] -- Up-to-date: /home/yusuf/custom_msg_ws/install/more_interfaces/share/more_interfaces/cmake/export_more_interfaces__rosidl_typesupport_fastrtps_cppExport-noconfig.cmake
[4.244s] -- Up-to-date: /home/yusuf/custom_msg_ws/install/more_interfaces/share/more_interfaces/cmake/more_interfaces__rosidl_typesupport_introspection_cppExport.cmake
[4.245s] -- Up-to-date: /home/yusuf/custom_msg_ws/install/more_interfaces/share/more_interfaces/cmake/more_interfaces__rosidl_typesupport_introspection_cppExport-noconfig.cmake
[4.245s] -- Up-to-date: /home/yusuf/custom_msg_ws/install/more_interfaces/share/more_interfaces/cmake/more_interfaces__rosidl_typesupport_cppExport.cmake
[4.245s] -- Up-to-date: /home/yusuf/custom_msg_ws/install/more_interfaces/share/more_interfaces/cmake/more_interfaces__rosidl_typesupport_cppExport-noconfig.cmake
[4.245s] -- Up-to-date: /home/yusuf/custom_msg_ws/install/more_interfaces/share/more_interfaces/cmake/export_more_interfaces__rosidl_generator_pyExport.cmake
[4.246s] -- Up-to-date: /home/yusuf/custom_msg_ws/install/more_interfaces/share/more_interfaces/cmake/export_more_interfaces__rosidl_generator_pyExport-noconfig.cmake
[4.246s] -- Up-to-date: /home/yusuf/custom_msg_ws/install/more_interfaces/share/more_interfaces/cmake/rosidl_cmake-extras.cmake
[4.246s] -- Up-to-date: /home/yusuf/custom_msg_ws/install/more_interfaces/share/more_interfaces/cmake/ament_cmake_export_include_directories-extras.cmake
[4.246s] -- Up-to-date: /home/yusuf/custom_msg_ws/install/more_interfaces/share/more_interfaces/cmake/ament_cmake_export_libraries-extras.cmake
[4.247s] -- Up-to-date: /home/yusuf/custom_msg_ws/install/more_interfaces/share/more_interfaces/cmake/ament_cmake_export_targets-extras.cmake
[4.247s] -- Up-to-date: /home/yusuf/custom_msg_ws/install/more_interfaces/share/more_interfaces/cmake/rosidl_cmake_export_typesupport_targets-extras.cmake
[4.247s] -- Up-to-date: /home/yusuf/custom_msg_ws/install/more_interfaces/share/more_interfaces/cmake/ament_cmake_export_dependencies-extras.cmake
[4.247s] -- Up-to-date: /home/yusuf/custom_msg_ws/install/more_interfaces/share/more_interfaces/cmake/rosidl_cmake_export_typesupport_libraries-extras.cmake
[4.247s] -- Up-to-date: /home/yusuf/custom_msg_ws/install/more_interfaces/share/more_interfaces/cmake/more_interfacesConfig.cmake
[4.247s] -- Up-to-date: /home/yusuf/custom_msg_ws/install/more_interfaces/share/more_interfaces/cmake/more_interfacesConfig-version.cmake
[4.247s] -- Up-to-date: /home/yusuf/custom_msg_ws/install/more_interfaces/share/more_interfaces/package.xml
[4.253s] Invoked command in '/home/yusuf/custom_msg_ws/build/more_interfaces' returned '0': CMAKE_PREFIX_PATH=${CMAKE_PREFIX_PATH}:/home/yusuf/ros2_usb_com_ws/install/usb_ros_com:/home/yusuf/tcp/install/tcp_package:/opt/ros/humble /usr/bin/cmake --install /home/yusuf/custom_msg_ws/build/more_interfaces
