[0.231s] DEBUG:colcon:Command line arguments: ['/usr/bin/colcon', 'build']
[0.231s] DEBUG:colcon:Parsed command line arguments: Namespace(log_base=None, log_level=None, verb_name='build', build_base='build', install_base='install', merge_install=False, symlink_install=False, test_result_base=None, continue_on_error=False, executor='parallel', parallel_workers=8, event_handlers=None, ignore_user_meta=False, metas=['./colcon.meta'], base_paths=['.'], packages_ignore=None, packages_ignore_regex=None, paths=None, packages_up_to=None, packages_up_to_regex=None, packages_above=None, packages_above_and_dependencies=None, packages_above_depth=None, packages_select_by_dep=None, packages_skip_by_dep=None, packages_skip_up_to=None, packages_select_build_failed=False, packages_skip_build_finished=False, packages_select_test_failures=False, packages_skip_test_passed=False, packages_select=None, packages_skip=None, packages_select_regex=None, packages_skip_regex=None, packages_start=None, packages_end=None, allow_overriding=[], cmake_args=None, cmake_target=None, cmake_target_skip_unavailable=False, cmake_clean_cache=False, cmake_clean_first=False, cmake_force_configure=False, ament_cmake_args=None, catkin_cmake_args=None, catkin_skip_building_tests=False, verb_parser=<colcon_defaults.argument_parser.defaults.DefaultArgumentsDecorator object at 0x7e35731b1ea0>, verb_extension=<colcon_core.verb.build.BuildVerb object at 0x7e35731b1a50>, main=<bound method BuildVerb.main of <colcon_core.verb.build.BuildVerb object at 0x7e35731b1a50>>)
[0.629s] Level 1:colcon.colcon_core.package_discovery:discover_packages(colcon_meta) check parameters
[0.629s] Level 1:colcon.colcon_core.package_discovery:discover_packages(recursive) check parameters
[0.629s] Level 1:colcon.colcon_core.package_discovery:discover_packages(ignore) check parameters
[0.629s] Level 1:colcon.colcon_core.package_discovery:discover_packages(path) check parameters
[0.629s] Level 1:colcon.colcon_core.package_discovery:discover_packages(colcon_meta) discover
[0.629s] Level 1:colcon.colcon_core.package_discovery:discover_packages(recursive) discover
[0.629s] INFO:colcon.colcon_core.package_discovery:Crawling recursively for packages in '/home/yusuf/custom_msg_ws'
[0.630s] Level 1:colcon.colcon_core.package_identification:_identify(.) by extensions ['ignore', 'ignore_ament_install']
[0.630s] Level 1:colcon.colcon_core.package_identification:_identify(.) by extension 'ignore'
[0.630s] Level 1:colcon.colcon_core.package_identification:_identify(.) by extension 'ignore_ament_install'
[0.630s] Level 1:colcon.colcon_core.package_identification:_identify(.) by extensions ['colcon_pkg']
[0.630s] Level 1:colcon.colcon_core.package_identification:_identify(.) by extension 'colcon_pkg'
[0.630s] Level 1:colcon.colcon_core.package_identification:_identify(.) by extensions ['colcon_meta']
[0.630s] Level 1:colcon.colcon_core.package_identification:_identify(.) by extension 'colcon_meta'
[0.630s] Level 1:colcon.colcon_core.package_identification:_identify(.) by extensions ['ros']
[0.631s] Level 1:colcon.colcon_core.package_identification:_identify(.) by extension 'ros'
[0.656s] Level 1:colcon.colcon_core.package_identification:_identify(.) by extensions ['cmake', 'python']
[0.656s] Level 1:colcon.colcon_core.package_identification:_identify(.) by extension 'cmake'
[0.656s] Level 1:colcon.colcon_core.package_identification:_identify(.) by extension 'python'
[0.657s] Level 1:colcon.colcon_core.package_identification:_identify(.) by extensions ['python_setup_py']
[0.657s] Level 1:colcon.colcon_core.package_identification:_identify(.) by extension 'python_setup_py'
[0.657s] Level 1:colcon.colcon_core.package_identification:_identify(build) by extensions ['ignore', 'ignore_ament_install']
[0.657s] Level 1:colcon.colcon_core.package_identification:_identify(build) by extension 'ignore'
[0.657s] Level 1:colcon.colcon_core.package_identification:_identify(build) ignored
[0.658s] Level 1:colcon.colcon_core.package_identification:_identify(install) by extensions ['ignore', 'ignore_ament_install']
[0.658s] Level 1:colcon.colcon_core.package_identification:_identify(install) by extension 'ignore'
[0.658s] Level 1:colcon.colcon_core.package_identification:_identify(install) ignored
[0.658s] Level 1:colcon.colcon_core.package_identification:_identify(log) by extensions ['ignore', 'ignore_ament_install']
[0.659s] Level 1:colcon.colcon_core.package_identification:_identify(log) by extension 'ignore'
[0.659s] Level 1:colcon.colcon_core.package_identification:_identify(log) ignored
[0.659s] Level 1:colcon.colcon_core.package_identification:_identify(src) by extensions ['ignore', 'ignore_ament_install']
[0.659s] Level 1:colcon.colcon_core.package_identification:_identify(src) by extension 'ignore'
[0.659s] Level 1:colcon.colcon_core.package_identification:_identify(src) by extension 'ignore_ament_install'
[0.659s] Level 1:colcon.colcon_core.package_identification:_identify(src) by extensions ['colcon_pkg']
[0.659s] Level 1:colcon.colcon_core.package_identification:_identify(src) by extension 'colcon_pkg'
[0.659s] Level 1:colcon.colcon_core.package_identification:_identify(src) by extensions ['colcon_meta']
[0.660s] Level 1:colcon.colcon_core.package_identification:_identify(src) by extension 'colcon_meta'
[0.660s] Level 1:colcon.colcon_core.package_identification:_identify(src) by extensions ['ros']
[0.660s] Level 1:colcon.colcon_core.package_identification:_identify(src) by extension 'ros'
[0.660s] Level 1:colcon.colcon_core.package_identification:_identify(src) by extensions ['cmake', 'python']
[0.660s] Level 1:colcon.colcon_core.package_identification:_identify(src) by extension 'cmake'
[0.660s] Level 1:colcon.colcon_core.package_identification:_identify(src) by extension 'python'
[0.660s] Level 1:colcon.colcon_core.package_identification:_identify(src) by extensions ['python_setup_py']
[0.660s] Level 1:colcon.colcon_core.package_identification:_identify(src) by extension 'python_setup_py'
[0.660s] Level 1:colcon.colcon_core.package_identification:_identify(src/more_interfaces) by extensions ['ignore', 'ignore_ament_install']
[0.661s] Level 1:colcon.colcon_core.package_identification:_identify(src/more_interfaces) by extension 'ignore'
[0.661s] Level 1:colcon.colcon_core.package_identification:_identify(src/more_interfaces) by extension 'ignore_ament_install'
[0.661s] Level 1:colcon.colcon_core.package_identification:_identify(src/more_interfaces) by extensions ['colcon_pkg']
[0.661s] Level 1:colcon.colcon_core.package_identification:_identify(src/more_interfaces) by extension 'colcon_pkg'
[0.661s] Level 1:colcon.colcon_core.package_identification:_identify(src/more_interfaces) by extensions ['colcon_meta']
[0.661s] Level 1:colcon.colcon_core.package_identification:_identify(src/more_interfaces) by extension 'colcon_meta'
[0.661s] Level 1:colcon.colcon_core.package_identification:_identify(src/more_interfaces) by extensions ['ros']
[0.661s] Level 1:colcon.colcon_core.package_identification:_identify(src/more_interfaces) by extension 'ros'
[0.666s] DEBUG:colcon.colcon_core.package_identification:Package 'src/more_interfaces' with type 'ros.ament_cmake' and name 'more_interfaces'
[0.667s] Level 1:colcon.colcon_core.package_discovery:discover_packages(recursive) using defaults
[0.667s] Level 1:colcon.colcon_core.package_discovery:discover_packages(ignore) discover
[0.667s] Level 1:colcon.colcon_core.package_discovery:discover_packages(ignore) using defaults
[0.667s] Level 1:colcon.colcon_core.package_discovery:discover_packages(path) discover
[0.667s] Level 1:colcon.colcon_core.package_discovery:discover_packages(path) using defaults
[0.708s] Level 1:colcon.colcon_core.package_discovery:discover_packages(prefix_path) check parameters
[0.708s] Level 1:colcon.colcon_core.package_discovery:discover_packages(prefix_path) discover
[0.712s] DEBUG:colcon.colcon_installed_package_information.package_discovery:Found 1 installed packages in /home/yusuf/custom_msg_ws/install
[0.713s] DEBUG:colcon.colcon_installed_package_information.package_discovery:Found 1 installed packages in /home/yusuf/tcp/install
[0.714s] DEBUG:colcon.colcon_installed_package_information.package_discovery:Found 3 installed packages in /home/yusuf/turtlebot3_ws/install
[0.717s] DEBUG:colcon.colcon_installed_package_information.package_discovery:Found 395 installed packages in /opt/ros/humble
[0.740s] Level 1:colcon.colcon_core.package_discovery:discover_packages(prefix_path) using defaults
[0.859s] Level 5:colcon.colcon_core.verb:set package 'more_interfaces' build argument 'cmake_args' from command line to 'None'
[0.859s] Level 5:colcon.colcon_core.verb:set package 'more_interfaces' build argument 'cmake_target' from command line to 'None'
[0.859s] Level 5:colcon.colcon_core.verb:set package 'more_interfaces' build argument 'cmake_target_skip_unavailable' from command line to 'False'
[0.859s] Level 5:colcon.colcon_core.verb:set package 'more_interfaces' build argument 'cmake_clean_cache' from command line to 'False'
[0.859s] Level 5:colcon.colcon_core.verb:set package 'more_interfaces' build argument 'cmake_clean_first' from command line to 'False'
[0.859s] Level 5:colcon.colcon_core.verb:set package 'more_interfaces' build argument 'cmake_force_configure' from command line to 'False'
[0.859s] Level 5:colcon.colcon_core.verb:set package 'more_interfaces' build argument 'ament_cmake_args' from command line to 'None'
[0.859s] Level 5:colcon.colcon_core.verb:set package 'more_interfaces' build argument 'catkin_cmake_args' from command line to 'None'
[0.859s] Level 5:colcon.colcon_core.verb:set package 'more_interfaces' build argument 'catkin_skip_building_tests' from command line to 'False'
[0.859s] DEBUG:colcon.colcon_core.verb:Building package 'more_interfaces' with the following arguments: {'ament_cmake_args': None, 'build_base': '/home/yusuf/custom_msg_ws/build/more_interfaces', 'catkin_cmake_args': None, 'catkin_skip_building_tests': False, 'cmake_args': None, 'cmake_clean_cache': False, 'cmake_clean_first': False, 'cmake_force_configure': False, 'cmake_target': None, 'cmake_target_skip_unavailable': False, 'install_base': '/home/yusuf/custom_msg_ws/install/more_interfaces', 'merge_install': False, 'path': '/home/yusuf/custom_msg_ws/src/more_interfaces', 'symlink_install': False, 'test_result_base': None}
[0.860s] INFO:colcon.colcon_core.executor:Executing jobs using 'parallel' executor
[0.862s] DEBUG:colcon.colcon_parallel_executor.executor.parallel:run_until_complete
[0.862s] INFO:colcon.colcon_ros.task.ament_cmake.build:Building ROS package in '/home/yusuf/custom_msg_ws/src/more_interfaces' with build type 'ament_cmake'
[0.862s] INFO:colcon.colcon_cmake.task.cmake.build:Building CMake package in '/home/yusuf/custom_msg_ws/src/more_interfaces'
[0.868s] INFO:colcon.colcon_core.plugin_system:Skipping extension 'colcon_core.shell.bat': Not used on non-Windows systems
[0.868s] INFO:colcon.colcon_core.shell:Skip shell extension 'powershell' for command environment: Not usable outside of PowerShell
[0.868s] DEBUG:colcon.colcon_core.shell:Skip shell extension 'dsv' for command environment
[0.895s] DEBUG:colcon.colcon_core.event_handler.log_command:Invoking command in '/home/yusuf/custom_msg_ws/build/more_interfaces': CMAKE_PREFIX_PATH=${CMAKE_PREFIX_PATH}:/home/yusuf/tcp/install/tcp_package:/opt/ros/humble /usr/bin/cmake --build /home/yusuf/custom_msg_ws/build/more_interfaces -- -j8 -l8
[14.687s] DEBUG:colcon.colcon_core.event_handler.log_command:Invoked command in '/home/yusuf/custom_msg_ws/build/more_interfaces' returned '0': CMAKE_PREFIX_PATH=${CMAKE_PREFIX_PATH}:/home/yusuf/tcp/install/tcp_package:/opt/ros/humble /usr/bin/cmake --build /home/yusuf/custom_msg_ws/build/more_interfaces -- -j8 -l8
[14.838s] DEBUG:colcon.colcon_core.event_handler.log_command:Invoking command in '/home/yusuf/custom_msg_ws/build/more_interfaces': CMAKE_PREFIX_PATH=${CMAKE_PREFIX_PATH}:/home/yusuf/tcp/install/tcp_package:/opt/ros/humble /usr/bin/cmake --install /home/yusuf/custom_msg_ws/build/more_interfaces
[14.968s] Level 1:colcon.colcon_core.environment:create_environment_scripts_only(more_interfaces)
[14.969s] DEBUG:colcon.colcon_core.event_handler.log_command:Invoked command in '/home/yusuf/custom_msg_ws/build/more_interfaces' returned '0': CMAKE_PREFIX_PATH=${CMAKE_PREFIX_PATH}:/home/yusuf/tcp/install/tcp_package:/opt/ros/humble /usr/bin/cmake --install /home/yusuf/custom_msg_ws/build/more_interfaces
[14.975s] Level 1:colcon.colcon_core.environment:checking '/home/yusuf/custom_msg_ws/install/more_interfaces' for CMake module files
[14.976s] Level 1:colcon.colcon_core.environment:checking '/home/yusuf/custom_msg_ws/install/more_interfaces' for CMake config files
[14.976s] Level 1:colcon.colcon_core.shell:create_environment_hook('more_interfaces', 'cmake_prefix_path')
[14.977s] INFO:colcon.colcon_core.shell:Creating environment hook '/home/yusuf/custom_msg_ws/install/more_interfaces/share/more_interfaces/hook/cmake_prefix_path.ps1'
[14.979s] INFO:colcon.colcon_core.shell:Creating environment descriptor '/home/yusuf/custom_msg_ws/install/more_interfaces/share/more_interfaces/hook/cmake_prefix_path.dsv'
[14.980s] INFO:colcon.colcon_core.shell:Creating environment hook '/home/yusuf/custom_msg_ws/install/more_interfaces/share/more_interfaces/hook/cmake_prefix_path.sh'
[14.982s] Level 1:colcon.colcon_core.environment:checking '/home/yusuf/custom_msg_ws/install/more_interfaces/lib'
[14.983s] Level 1:colcon.colcon_core.shell:create_environment_hook('more_interfaces', 'ld_library_path_lib')
[14.983s] INFO:colcon.colcon_core.shell:Creating environment hook '/home/yusuf/custom_msg_ws/install/more_interfaces/share/more_interfaces/hook/ld_library_path_lib.ps1'
[14.984s] INFO:colcon.colcon_core.shell:Creating environment descriptor '/home/yusuf/custom_msg_ws/install/more_interfaces/share/more_interfaces/hook/ld_library_path_lib.dsv'
[14.985s] INFO:colcon.colcon_core.shell:Creating environment hook '/home/yusuf/custom_msg_ws/install/more_interfaces/share/more_interfaces/hook/ld_library_path_lib.sh'
[14.985s] Level 1:colcon.colcon_core.environment:checking '/home/yusuf/custom_msg_ws/install/more_interfaces/bin'
[14.986s] Level 1:colcon.colcon_core.environment:checking '/home/yusuf/custom_msg_ws/install/more_interfaces/lib/pkgconfig/more_interfaces.pc'
[14.986s] Level 1:colcon.colcon_core.environment:checking '/home/yusuf/custom_msg_ws/install/more_interfaces/lib/python3.10/site-packages'
[14.987s] Level 1:colcon.colcon_core.environment:checking '/home/yusuf/custom_msg_ws/install/more_interfaces/bin'
[14.987s] INFO:colcon.colcon_core.shell:Creating package script '/home/yusuf/custom_msg_ws/install/more_interfaces/share/more_interfaces/package.ps1'
[14.989s] INFO:colcon.colcon_core.shell:Creating package descriptor '/home/yusuf/custom_msg_ws/install/more_interfaces/share/more_interfaces/package.dsv'
[14.990s] INFO:colcon.colcon_core.shell:Creating package script '/home/yusuf/custom_msg_ws/install/more_interfaces/share/more_interfaces/package.sh'
[14.991s] INFO:colcon.colcon_core.shell:Creating package script '/home/yusuf/custom_msg_ws/install/more_interfaces/share/more_interfaces/package.bash'
[14.993s] INFO:colcon.colcon_core.shell:Creating package script '/home/yusuf/custom_msg_ws/install/more_interfaces/share/more_interfaces/package.zsh'
[14.994s] Level 1:colcon.colcon_core.environment:create_file_with_runtime_dependencies(/home/yusuf/custom_msg_ws/install/more_interfaces/share/colcon-core/packages/more_interfaces)
[15.126s] Level 1:colcon.colcon_core.environment:create_environment_scripts_only(more_interfaces)
[15.127s] Level 1:colcon.colcon_core.environment:checking '/home/yusuf/custom_msg_ws/install/more_interfaces' for CMake module files
[15.128s] Level 1:colcon.colcon_core.environment:checking '/home/yusuf/custom_msg_ws/install/more_interfaces' for CMake config files
[15.129s] Level 1:colcon.colcon_core.shell:create_environment_hook('more_interfaces', 'cmake_prefix_path')
[15.129s] INFO:colcon.colcon_core.shell:Creating environment hook '/home/yusuf/custom_msg_ws/install/more_interfaces/share/more_interfaces/hook/cmake_prefix_path.ps1'
[15.130s] INFO:colcon.colcon_core.shell:Creating environment descriptor '/home/yusuf/custom_msg_ws/install/more_interfaces/share/more_interfaces/hook/cmake_prefix_path.dsv'
[15.131s] INFO:colcon.colcon_core.shell:Creating environment hook '/home/yusuf/custom_msg_ws/install/more_interfaces/share/more_interfaces/hook/cmake_prefix_path.sh'
[15.132s] Level 1:colcon.colcon_core.environment:checking '/home/yusuf/custom_msg_ws/install/more_interfaces/lib'
[15.132s] Level 1:colcon.colcon_core.shell:create_environment_hook('more_interfaces', 'ld_library_path_lib')
[15.132s] INFO:colcon.colcon_core.shell:Creating environment hook '/home/yusuf/custom_msg_ws/install/more_interfaces/share/more_interfaces/hook/ld_library_path_lib.ps1'
[15.133s] INFO:colcon.colcon_core.shell:Creating environment descriptor '/home/yusuf/custom_msg_ws/install/more_interfaces/share/more_interfaces/hook/ld_library_path_lib.dsv'
[15.134s] INFO:colcon.colcon_core.shell:Creating environment hook '/home/yusuf/custom_msg_ws/install/more_interfaces/share/more_interfaces/hook/ld_library_path_lib.sh'
[15.134s] Level 1:colcon.colcon_core.environment:checking '/home/yusuf/custom_msg_ws/install/more_interfaces/bin'
[15.134s] Level 1:colcon.colcon_core.environment:checking '/home/yusuf/custom_msg_ws/install/more_interfaces/lib/pkgconfig/more_interfaces.pc'
[15.135s] Level 1:colcon.colcon_core.environment:checking '/home/yusuf/custom_msg_ws/install/more_interfaces/lib/python3.10/site-packages'
[15.135s] Level 1:colcon.colcon_core.environment:checking '/home/yusuf/custom_msg_ws/install/more_interfaces/bin'
[15.136s] INFO:colcon.colcon_core.shell:Creating package script '/home/yusuf/custom_msg_ws/install/more_interfaces/share/more_interfaces/package.ps1'
[15.137s] INFO:colcon.colcon_core.shell:Creating package descriptor '/home/yusuf/custom_msg_ws/install/more_interfaces/share/more_interfaces/package.dsv'
[15.138s] INFO:colcon.colcon_core.shell:Creating package script '/home/yusuf/custom_msg_ws/install/more_interfaces/share/more_interfaces/package.sh'
[15.139s] INFO:colcon.colcon_core.shell:Creating package script '/home/yusuf/custom_msg_ws/install/more_interfaces/share/more_interfaces/package.bash'
[15.140s] INFO:colcon.colcon_core.shell:Creating package script '/home/yusuf/custom_msg_ws/install/more_interfaces/share/more_interfaces/package.zsh'
[15.140s] Level 1:colcon.colcon_core.environment:create_file_with_runtime_dependencies(/home/yusuf/custom_msg_ws/install/more_interfaces/share/colcon-core/packages/more_interfaces)
[15.141s] DEBUG:colcon.colcon_parallel_executor.executor.parallel:closing loop
[15.142s] DEBUG:colcon.colcon_parallel_executor.executor.parallel:loop closed
[15.142s] DEBUG:colcon.colcon_parallel_executor.executor.parallel:run_until_complete finished with '0'
[15.142s] DEBUG:colcon.colcon_core.event_reactor:joining thread
[15.152s] INFO:colcon.colcon_core.plugin_system:Skipping extension 'colcon_notification.desktop_notification.terminal_notifier': Not used on non-Darwin systems
[15.153s] INFO:colcon.colcon_core.plugin_system:Skipping extension 'colcon_notification.desktop_notification.win32': Not used on non-Windows systems
[15.153s] INFO:colcon.colcon_notification.desktop_notification:Sending desktop notification using 'notify2'
[15.177s] DEBUG:colcon.colcon_core.event_reactor:joined thread
[15.178s] INFO:colcon.colcon_core.shell:Creating prefix script '/home/yusuf/custom_msg_ws/install/local_setup.ps1'
[15.180s] INFO:colcon.colcon_core.shell:Creating prefix util module '/home/yusuf/custom_msg_ws/install/_local_setup_util_ps1.py'
[15.184s] INFO:colcon.colcon_core.shell:Creating prefix chain script '/home/yusuf/custom_msg_ws/install/setup.ps1'
[15.188s] INFO:colcon.colcon_core.shell:Creating prefix script '/home/yusuf/custom_msg_ws/install/local_setup.sh'
[15.190s] INFO:colcon.colcon_core.shell:Creating prefix util module '/home/yusuf/custom_msg_ws/install/_local_setup_util_sh.py'
[15.191s] INFO:colcon.colcon_core.shell:Creating prefix chain script '/home/yusuf/custom_msg_ws/install/setup.sh'
[15.194s] INFO:colcon.colcon_core.shell:Creating prefix script '/home/yusuf/custom_msg_ws/install/local_setup.bash'
[15.196s] INFO:colcon.colcon_core.shell:Creating prefix chain script '/home/yusuf/custom_msg_ws/install/setup.bash'
[15.198s] INFO:colcon.colcon_core.shell:Creating prefix script '/home/yusuf/custom_msg_ws/install/local_setup.zsh'
[15.199s] INFO:colcon.colcon_core.shell:Creating prefix chain script '/home/yusuf/custom_msg_ws/install/setup.zsh'
